#
# A fatal error has been detected by the Java Runtime Environment:
#
#  SIGSEGV (0xb) at pc=0x00007f385d446670, pid=2739932, tid=2739933
#
# JRE version: OpenJDK Runtime Environment (22.0.1+8) (build 22.0.1+8-16)
# Java VM: OpenJDK 64-Bit Server VM (22.0.1+8-16, mixed mode, sharing, tiered, compressed oops, compressed class ptrs, g1 gc, linux-amd64)
# Problematic frame:
# C  [libffi_lib.so+0x2a670]  vec4_get_x+0x0
#
# Core dump will be written. Default location: /var/coredumps/core.%e.2739932
#
# If you would like to submit a bug report, please visit:
#   https://bugreport.java.com/bugreport/crash.jsp
# The crash happened outside the Java Virtual Machine in native code.
# See problematic frame for where to report the bug.
#

---------------  S U M M A R Y ------------

Command Line: -Djava.library.path=/home/tosic-killer/RustroverProjects/ffi_testing/bindings/c ffi.jar

Host: AMD Ryzen 5 5600X 6-Core Processor, 32 cores, 31G, Fedora release 38 (Thirty Eight)
Time: Sun Jun 16 21:54:41 2024 CEST elapsed time: 0.024209 seconds (0d 0h 0m 0s)

---------------  T H R E A D  ---------------

Current thread (0x00007f3884028970):  JavaThread "main"             [_thread_in_native, id=2739933, stack(0x00007f388b01f000,0x00007f388b11f000) (1024K)]

Stack: [0x00007f388b01f000,0x00007f388b11f000],  sp=0x00007f388b11d848,  free space=1018k
Native frames: (J=compiled Java code, j=interpreted, Vv=VM code, C=native code)
C  [libffi_lib.so+0x2a670]  vec4_get_x+0x0
j  com.example.Vec4.GetX()F+5
j  com.example.Main.main([Ljava/lang/String;)V+14
v  ~StubRoutines::call_stub 0x00007f3874137cc6
V  [libjvm.so+0x8f311b]  JavaCalls::call_helper(JavaValue*, methodHandle const&, JavaCallArguments*, JavaThread*)+0x2db
V  [libjvm.so+0x9a3f1e]  jni_invoke_static(JNIEnv_*, JavaValue*, _jobject*, JNICallType, _jmethodID*, JNI_ArgumentPusher*, JavaThread*) [clone .constprop.1]+0x36e
V  [libjvm.so+0x9a67e8]  jni_CallStaticVoidMethod+0x128
C  [libjli.so+0x3960]  invokeStaticMainWithArgs+0x70
C  [libjli.so+0x4924]  JavaMain+0xd84
C  [libjli.so+0x7ee9]  ThreadJavaMain+0x9
C  [libc.so.6+0x8c947]  start_thread+0x2f7
Java frames: (J=compiled Java code, j=interpreted, Vv=VM code)
j  com.example.ffi_libJNI.Vec4_GetX(JLcom/example/Vec4;)F+0
j  com.example.Vec4.GetX()F+5
j  com.example.Main.main([Ljava/lang/String;)V+14
v  ~StubRoutines::call_stub 0x00007f3874137cc6

siginfo: si_signo: 11 (SIGSEGV), si_code: 1 (SEGV_MAPERR), si_addr: 0x0000000000000000

Registers:
RAX=0x00007f388a3cabd0, RBX=0x00007f37fc405258, RCX=0x00007f388b11d8d8, RDX=0x00007f3884184660
RSP=0x00007f388b11d848, RBP=0x00007f388b11d8b8, RSI=0x00007f388b11d8c8, RDI=0x0000000000000000
R8 =0x0000000000000002, R9 =0x00007f387415a78f, R10=0x00007f385d41ce18, R11=0x00007f385d446670
R12=0x0000000000000000, R13=0x00007f37fc405258, R14=0x00007f388b11d8e8, R15=0x00007f3884028970
RIP=0x00007f385d446670, EFLAGS=0x0000000000010206, CSGSFS=0x002b000000000033, ERR=0x0000000000000004
  TRAPNO=0x000000000000000e


Register to memory mapping:

RAX=0x00007f388a3cabd0: Java_com_example_ffi_1libJNI_Vec4_1GetX+0x0000000000000000 in /home/tosic-killer/RustroverProjects/ffi_testing/bindings/c/libffi_lib_jni.so at 0x00007f388a3c7000
RBX={method} {0x00007f37fc405258} 'Vec4_GetX' '(JLcom/example/Vec4;)F' in 'com/example/ffi_libJNI'
RCX=0x00007f388b11d8d8 is pointing into the stack for thread: 0x00007f3884028970
RDX=0x00007f3884184660 points into unknown readable memory: 0x0000000000000000 | 00 00 00 00 00 00 00 00
RSP=0x00007f388b11d848 is pointing into the stack for thread: 0x00007f3884028970
RBP=0x00007f388b11d8b8 is pointing into the stack for thread: 0x00007f3884028970
RSI=0x00007f388b11d8c8 is pointing into the stack for thread: 0x00007f3884028970
RDI=0x0 is null
R8 =0x0000000000000002 is an unknown value
R9 =0x00007f387415a78f is at code_begin+15 in 
[CodeBlob (0x00007f387415a710)]
Framesize: 0
BufferBlob (0x00007f387415a710) used for Signature Handler Temp Buffer
R10=0x00007f385d41ce18: <offset 0x0000000000000e18> in /home/tosic-killer/RustroverProjects/ffi_testing/target/release/libffi_lib.so at 0x00007f385d41c000
R11=0x00007f385d446670: vec4_get_x+0x0000000000000000 in /home/tosic-killer/RustroverProjects/ffi_testing/target/release/libffi_lib.so at 0x00007f385d41c000
R12=0x0 is null
R13={method} {0x00007f37fc405258} 'Vec4_GetX' '(JLcom/example/Vec4;)F' in 'com/example/ffi_libJNI'
R14=0x00007f388b11d8e8 is pointing into the stack for thread: 0x00007f3884028970
R15=0x00007f3884028970 is a thread

Top of Stack: (sp=0x00007f388b11d848)
0x00007f388b11d848:   00007f3874143b3c 00007f388b11d8b8
0x00007f388b11d858:   00007f3874143813 0000000000000000
0x00007f388b11d868:   00007f38741437db fffffffffffffff7
0x00007f388b11d878:   00007f37fc405258 0000000000000006
0x00007f388b11d888:   00007f37fc405880 0000000000000000
0x00007f388b11d898:   000000062b031dc0 00007f37fc405258
0x00007f388b11d8a8:   0000000000000000 00007f388b11d8d8
0x00007f388b11d8b8:   00007f388b11d938 00007f387413f284
0x00007f388b11d8c8:   000000062b031dc0 00007f3874141118
0x00007f388b11d8d8:   000000062b02fe98 00007f3884184660
0x00007f388b11d8e8:   0000000000000000 fffffffffffffff7
0x00007f388b11d8f8:   00007f37fc40203d 0000000000000002
0x00007f388b11d908:   00007f37fc402980 0000000000000000
0x00007f388b11d918:   000000062b02fcd8 00007f37fc402058
0x00007f388b11d928:   fffffffffffffff4 00007f388b11d948
0x00007f388b11d938:   00007f388b11d9a0 00007f387413f284
0x00007f388b11d948:   000000062b02fe98 000000062b004268
0x00007f388b11d958:   fffffffffffffff7 00007f37fc40060e
0x00007f388b11d968:   0000000000000003 00007f37fc400a08
0x00007f388b11d978:   0000000000000000 000000062b01bf68
0x00007f388b11d988:   00007f37fc400670 fffffffffffffff5
0x00007f388b11d998:   00007f388b11d9b8 00007f388b11da20
0x00007f388b11d9a8:   00007f3874137cc6 000000062b02fe98
0x00007f388b11d9b8:   000000062b01c4d8 00007f3800001fa2
0x00007f388b11d9c8:   00007f388b11db40 000000000000000e
0x00007f388b11d9d8:   00007f388b11dc98 00007f388b11dbb0
0x00007f388b11d9e8:   00007f3884028970 00007f388b11dab0
0x00007f388b11d9f8:   00007f388b11dc98 00007f380000000a
0x00007f388b11da08:   00007f37fc400670 00007f3874142780
0x00007f388b11da18:   00007f388b11dbb8 00007f388b11db20
0x00007f388b11da28:   00007f388baf311b 0000000000000001
0x00007f388b11da38:   00007f3884028970 00007f388b11da80 

Instructions: (pc=0x00007f385d446670)
0x00007f385d446570:   48 89 44 24 40 48 c7 44 24 48 01 00 00 00 48 c7
0x00007f385d446580:   44 24 60 00 00 00 00 48 89 6c 24 50 48 c7 44 24
0x00007f385d446590:   58 01 00 00 00 48 8d 15 4c 40 1a 00 48 8d 7c 24
0x00007f385d4465a0:   40 be 01 00 00 00 b9 57 01 00 00 45 31 c0 ff 15
0x00007f385d4465b0:   44 73 1b 00 48 8b 74 24 70 48 85 f6 74 0e ba 01
0x00007f385d4465c0:   00 00 00 4c 89 e7 ff 15 dc 6c 1b 00 48 89 df 41
0x00007f385d4465d0:   ff 16 49 8b 76 08 0f 57 c0 48 85 f6 74 18 49 8b
0x00007f385d4465e0:   56 10 48 89 df ff 15 bd 6c 1b 00 0f 57 c0 eb 06
0x00007f385d4465f0:   f3 0f 10 44 24 38 48 81 c4 88 00 00 00 5b 41 5c
0x00007f385d446600:   41 5d 41 5e 41 5f 5d c3 49 89 c7 48 8b 74 24 70
0x00007f385d446610:   48 85 f6 74 34 ba 01 00 00 00 4c 89 e7 ff 15 85
0x00007f385d446620:   6c 1b 00 eb 24 49 89 c7 49 8b 76 08 48 85 f6 74
0x00007f385d446630:   23 49 8b 56 10 48 89 df ff 15 6a 6c 1b 00 4c 89
0x00007f385d446640:   ff e8 0a 3a ff ff 49 89 c7 48 89 df 4c 89 f6 e8
0x00007f385d446650:   1c f4 ff ff 4c 89 ff e8 f4 39 ff ff ff 15 a6 67
0x00007f385d446660:   1b 00 66 2e 0f 1f 84 00 00 00 00 00 0f 1f 40 00
0x00007f385d446670:   f3 0f 10 07 c3 66 2e 0f 1f 84 00 00 00 00 00 90
0x00007f385d446680:   f3 0f 10 47 04 c3 66 2e 0f 1f 84 00 00 00 00 00
0x00007f385d446690:   f3 0f 10 47 08 c3 66 2e 0f 1f 84 00 00 00 00 00
0x00007f385d4466a0:   f3 0f 10 47 0c c3 66 2e 0f 1f 84 00 00 00 00 00
0x00007f385d4466b0:   f3 0f 11 07 c3 66 2e 0f 1f 84 00 00 00 00 00 90
0x00007f385d4466c0:   f3 0f 11 47 04 c3 66 2e 0f 1f 84 00 00 00 00 00
0x00007f385d4466d0:   f3 0f 11 47 08 c3 66 2e 0f 1f 84 00 00 00 00 00
0x00007f385d4466e0:   f3 0f 11 47 0c c3 66 2e 0f 1f 84 00 00 00 00 00
0x00007f385d4466f0:   53 48 89 fb 48 8b 3f 48 85 ff 74 1b be 10 00 00
0x00007f385d446700:   00 ba 04 00 00 00 ff 15 9c 6b 1b 00 48 c7 03 00
0x00007f385d446710:   00 00 00 31 c0 5b c3 b8 64 00 00 00 5b c3 66 90
0x00007f385d446720:   48 89 f7 48 8d 35 57 ea 14 00 ba 03 00 00 00 ff
0x00007f385d446730:   25 b3 6b 1b 00 66 2e 0f 1f 84 00 00 00 00 00 90
0x00007f385d446740:   41 57 41 56 41 55 41 54 53 48 89 fb 83 7f 44 ff
0x00007f385d446750:   74 75 48 8d 7b 40 ff 15 ac 69 1b 00 4c 8d 63 18
0x00007f385d446760:   48 8b 43 20 48 85 c0 74 37 4c 8b 7b 18 41 bd 01 


Stack slot to memory mapping:

stack at sp + 0 slots: 0x00007f3874143b3c is at code_begin+1052 in an Interpreter codelet
native method entry point (kind = native)  [0x00007f3874143720, 0x00007f3874144190]  2672 bytes
stack at sp + 1 slots: 0x00007f388b11d8b8 is pointing into the stack for thread: 0x00007f3884028970
stack at sp + 2 slots: 0x00007f3874143813 is at code_begin+243 in an Interpreter codelet
native method entry point (kind = native)  [0x00007f3874143720, 0x00007f3874144190]  2672 bytes
stack at sp + 3 slots: 0x0 is null
stack at sp + 4 slots: 0x00007f38741437db is at code_begin+187 in an Interpreter codelet
native method entry point (kind = native)  [0x00007f3874143720, 0x00007f3874144190]  2672 bytes
stack at sp + 5 slots: 0xfffffffffffffff7 is an unknown value
stack at sp + 6 slots: {method} {0x00007f37fc405258} 'Vec4_GetX' '(JLcom/example/Vec4;)F' in 'com/example/ffi_libJNI'
stack at sp + 7 slots: 0x0000000000000006 is an unknown value


---------------  P R O C E S S  ---------------

Threads class SMR info:
_java_thread_list=0x00007f3884162f30, length=10, elements={
0x00007f3884028970, 0x00007f38841470c0, 0x00007f3884148710, 0x00007f388414a310,
0x00007f388414b950, 0x00007f388414cef0, 0x00007f388414ea10, 0x00007f3884150120,
0x00007f388415e250, 0x00007f3884161db0
}

Java Threads: ( => current thread )
=>0x00007f3884028970 JavaThread "main"                              [_thread_in_native, id=2739933, stack(0x00007f388b01f000,0x00007f388b11f000) (1024K)]
  0x00007f38841470c0 JavaThread "Reference Handler"          daemon [_thread_blocked, id=2739941, stack(0x00007f385ddff000,0x00007f385deff000) (1024K)]
  0x00007f3884148710 JavaThread "Finalizer"                  daemon [_thread_blocked, id=2739942, stack(0x00007f385dcff000,0x00007f385ddff000) (1024K)]
  0x00007f388414a310 JavaThread "Signal Dispatcher"          daemon [_thread_blocked, id=2739943, stack(0x00007f385dbff000,0x00007f385dcff000) (1024K)]
  0x00007f388414b950 JavaThread "Service Thread"             daemon [_thread_blocked, id=2739944, stack(0x00007f385daff000,0x00007f385dbff000) (1024K)]
  0x00007f388414cef0 JavaThread "Monitor Deflation Thread"   daemon [_thread_blocked, id=2739945, stack(0x00007f385d9ff000,0x00007f385daff000) (1024K)]
  0x00007f388414ea10 JavaThread "C2 CompilerThread0"         daemon [_thread_blocked, id=2739946, stack(0x00007f385d8ff000,0x00007f385d9ff000) (1024K)]
  0x00007f3884150120 JavaThread "C1 CompilerThread0"         daemon [_thread_blocked, id=2739947, stack(0x00007f385d7ff000,0x00007f385d8ff000) (1024K)]
  0x00007f388415e250 JavaThread "Notification Thread"        daemon [_thread_blocked, id=2739948, stack(0x00007f385d6ff000,0x00007f385d7ff000) (1024K)]
  0x00007f3884161db0 JavaThread "Common-Cleaner"             daemon [_thread_blocked, id=2739949, stack(0x00007f385d5ff000,0x00007f385d6ff000) (1024K)]
Total: 10

Other Threads:
  0x00007f3884138da0 VMThread "VM Thread"                           [id=2739940, stack(0x00007f385df00000,0x00007f385e000000) (1024K)]
  0x00007f388411e660 WatcherThread "VM Periodic Task Thread"        [id=2739939, stack(0x00007f38640f4000,0x00007f38641f4000) (1024K)]
  0x00007f3884054360 WorkerThread "GC Thread#0"                     [id=2739934, stack(0x00007f388827e000,0x00007f388837e000) (1024K)]
  0x00007f38840653a0 ConcurrentGCThread "G1 Main Marker"            [id=2739935, stack(0x00007f388817d000,0x00007f388827d000) (1024K)]
  0x00007f3884066340 WorkerThread "G1 Conc#0"                       [id=2739936, stack(0x00007f388807c000,0x00007f388817c000) (1024K)]
  0x00007f3884103c20 ConcurrentGCThread "G1 Refine#0"               [id=2739937, stack(0x00007f38642f6000,0x00007f38643f6000) (1024K)]
  0x00007f3884104be0 ConcurrentGCThread "G1 Service"                [id=2739938, stack(0x00007f38641f5000,0x00007f38642f5000) (1024K)]
Total: 7

Threads with active compile tasks:
Total: 0

VM state: not at safepoint (normal execution)

VM Mutex/Monitor currently owned by a thread: None

Heap address: 0x000000060bc00000, size: 8004 MB, Compressed Oops mode: Zero based, Oop shift amount: 3

CDS archive(s) mapped at: [0x00007f3806000000-0x00007f3806c74000-0x00007f3806c74000), size 13058048, SharedBaseAddress: 0x00007f3806000000, ArchiveRelocationMode: 1.
Compressed class space mapped at: 0x00007f3807000000-0x00007f3847000000, reserved size: 1073741824
Narrow klass base: 0x00007f3806000000, Narrow klass shift: 0, Narrow klass range: 0x100000000

GC Precious Log:
 CardTable entry size: 512
 Card Set container configuration: InlinePtr #cards 4 size 8 Array Of Cards #cards 32 size 80 Howl #buckets 8 coarsen threshold 7372 Howl Bitmap #cards 1024 size 144 coarsen threshold 921 Card regions per heap region 1 cards per card region 8192
 CPUs: 32 total, 12 available
 Memory: 32006M
 Large Page Support: Disabled
 NUMA Support: Disabled
 Compressed Oops: Enabled (Zero based)
 Heap Region Size: 4M
 Heap Min Capacity: 8M
 Heap Initial Capacity: 504M
 Heap Max Capacity: 8004M
 Pre-touch: Disabled
 Parallel Workers: 10
 Concurrent Workers: 3
 Concurrent Refinement Workers: 10
 Periodic GC: Disabled

Heap:
 garbage-first heap   total reserved 8196096K, committed 520192K, used 1057K [0x000000060bc00000, 0x0000000800000000)
  region size 4096K, 1 young (4096K), 0 survivors (0K)
 Metaspace       used 170K, committed 384K, reserved 1114112K
  class space    used 8K, committed 128K, reserved 1048576K

Heap Regions: E=young(eden), S=young(survivor), O=old, HS=humongous(starts), HC=humongous(continues), CS=collection set, F=free, TAMS=top-at-mark-start, PB=parsable bottom
|   0|0x000000060bc00000, 0x000000060bc00000, 0x000000060c000000|  0%| F|  |TAMS 0x000000060bc00000| PB 0x000000060bc00000| Untracked |  0
|   1|0x000000060c000000, 0x000000060c000000, 0x000000060c400000|  0%| F|  |TAMS 0x000000060c000000| PB 0x000000060c000000| Untracked |  0
|   2|0x000000060c400000, 0x000000060c400000, 0x000000060c800000|  0%| F|  |TAMS 0x000000060c400000| PB 0x000000060c400000| Untracked |  0
|   3|0x000000060c800000, 0x000000060c800000, 0x000000060cc00000|  0%| F|  |TAMS 0x000000060c800000| PB 0x000000060c800000| Untracked |  0
|   4|0x000000060cc00000, 0x000000060cc00000, 0x000000060d000000|  0%| F|  |TAMS 0x000000060cc00000| PB 0x000000060cc00000| Untracked |  0
|   5|0x000000060d000000, 0x000000060d000000, 0x000000060d400000|  0%| F|  |TAMS 0x000000060d000000| PB 0x000000060d000000| Untracked |  0
|   6|0x000000060d400000, 0x000000060d400000, 0x000000060d800000|  0%| F|  |TAMS 0x000000060d400000| PB 0x000000060d400000| Untracked |  0
|   7|0x000000060d800000, 0x000000060d800000, 0x000000060dc00000|  0%| F|  |TAMS 0x000000060d800000| PB 0x000000060d800000| Untracked |  0
|   8|0x000000060dc00000, 0x000000060dc00000, 0x000000060e000000|  0%| F|  |TAMS 0x000000060dc00000| PB 0x000000060dc00000| Untracked |  0
|   9|0x000000060e000000, 0x000000060e000000, 0x000000060e400000|  0%| F|  |TAMS 0x000000060e000000| PB 0x000000060e000000| Untracked |  0
|  10|0x000000060e400000, 0x000000060e400000, 0x000000060e800000|  0%| F|  |TAMS 0x000000060e400000| PB 0x000000060e400000| Untracked |  0
|  11|0x000000060e800000, 0x000000060e800000, 0x000000060ec00000|  0%| F|  |TAMS 0x000000060e800000| PB 0x000000060e800000| Untracked |  0
|  12|0x000000060ec00000, 0x000000060ec00000, 0x000000060f000000|  0%| F|  |TAMS 0x000000060ec00000| PB 0x000000060ec00000| Untracked |  0
|  13|0x000000060f000000, 0x000000060f000000, 0x000000060f400000|  0%| F|  |TAMS 0x000000060f000000| PB 0x000000060f000000| Untracked |  0
|  14|0x000000060f400000, 0x000000060f400000, 0x000000060f800000|  0%| F|  |TAMS 0x000000060f400000| PB 0x000000060f400000| Untracked |  0
|  15|0x000000060f800000, 0x000000060f800000, 0x000000060fc00000|  0%| F|  |TAMS 0x000000060f800000| PB 0x000000060f800000| Untracked |  0
|  16|0x000000060fc00000, 0x000000060fc00000, 0x0000000610000000|  0%| F|  |TAMS 0x000000060fc00000| PB 0x000000060fc00000| Untracked |  0
|  17|0x0000000610000000, 0x0000000610000000, 0x0000000610400000|  0%| F|  |TAMS 0x0000000610000000| PB 0x0000000610000000| Untracked |  0
|  18|0x0000000610400000, 0x0000000610400000, 0x0000000610800000|  0%| F|  |TAMS 0x0000000610400000| PB 0x0000000610400000| Untracked |  0
|  19|0x0000000610800000, 0x0000000610800000, 0x0000000610c00000|  0%| F|  |TAMS 0x0000000610800000| PB 0x0000000610800000| Untracked |  0
|  20|0x0000000610c00000, 0x0000000610c00000, 0x0000000611000000|  0%| F|  |TAMS 0x0000000610c00000| PB 0x0000000610c00000| Untracked |  0
|  21|0x0000000611000000, 0x0000000611000000, 0x0000000611400000|  0%| F|  |TAMS 0x0000000611000000| PB 0x0000000611000000| Untracked |  0
|  22|0x0000000611400000, 0x0000000611400000, 0x0000000611800000|  0%| F|  |TAMS 0x0000000611400000| PB 0x0000000611400000| Untracked |  0
|  23|0x0000000611800000, 0x0000000611800000, 0x0000000611c00000|  0%| F|  |TAMS 0x0000000611800000| PB 0x0000000611800000| Untracked |  0
|  24|0x0000000611c00000, 0x0000000611c00000, 0x0000000612000000|  0%| F|  |TAMS 0x0000000611c00000| PB 0x0000000611c00000| Untracked |  0
|  25|0x0000000612000000, 0x0000000612000000, 0x0000000612400000|  0%| F|  |TAMS 0x0000000612000000| PB 0x0000000612000000| Untracked |  0
|  26|0x0000000612400000, 0x0000000612400000, 0x0000000612800000|  0%| F|  |TAMS 0x0000000612400000| PB 0x0000000612400000| Untracked |  0
|  27|0x0000000612800000, 0x0000000612800000, 0x0000000612c00000|  0%| F|  |TAMS 0x0000000612800000| PB 0x0000000612800000| Untracked |  0
|  28|0x0000000612c00000, 0x0000000612c00000, 0x0000000613000000|  0%| F|  |TAMS 0x0000000612c00000| PB 0x0000000612c00000| Untracked |  0
|  29|0x0000000613000000, 0x0000000613000000, 0x0000000613400000|  0%| F|  |TAMS 0x0000000613000000| PB 0x0000000613000000| Untracked |  0
|  30|0x0000000613400000, 0x0000000613400000, 0x0000000613800000|  0%| F|  |TAMS 0x0000000613400000| PB 0x0000000613400000| Untracked |  0
|  31|0x0000000613800000, 0x0000000613800000, 0x0000000613c00000|  0%| F|  |TAMS 0x0000000613800000| PB 0x0000000613800000| Untracked |  0
|  32|0x0000000613c00000, 0x0000000613c00000, 0x0000000614000000|  0%| F|  |TAMS 0x0000000613c00000| PB 0x0000000613c00000| Untracked |  0
|  33|0x0000000614000000, 0x0000000614000000, 0x0000000614400000|  0%| F|  |TAMS 0x0000000614000000| PB 0x0000000614000000| Untracked |  0
|  34|0x0000000614400000, 0x0000000614400000, 0x0000000614800000|  0%| F|  |TAMS 0x0000000614400000| PB 0x0000000614400000| Untracked |  0
|  35|0x0000000614800000, 0x0000000614800000, 0x0000000614c00000|  0%| F|  |TAMS 0x0000000614800000| PB 0x0000000614800000| Untracked |  0
|  36|0x0000000614c00000, 0x0000000614c00000, 0x0000000615000000|  0%| F|  |TAMS 0x0000000614c00000| PB 0x0000000614c00000| Untracked |  0
|  37|0x0000000615000000, 0x0000000615000000, 0x0000000615400000|  0%| F|  |TAMS 0x0000000615000000| PB 0x0000000615000000| Untracked |  0
|  38|0x0000000615400000, 0x0000000615400000, 0x0000000615800000|  0%| F|  |TAMS 0x0000000615400000| PB 0x0000000615400000| Untracked |  0
|  39|0x0000000615800000, 0x0000000615800000, 0x0000000615c00000|  0%| F|  |TAMS 0x0000000615800000| PB 0x0000000615800000| Untracked |  0
|  40|0x0000000615c00000, 0x0000000615c00000, 0x0000000616000000|  0%| F|  |TAMS 0x0000000615c00000| PB 0x0000000615c00000| Untracked |  0
|  41|0x0000000616000000, 0x0000000616000000, 0x0000000616400000|  0%| F|  |TAMS 0x0000000616000000| PB 0x0000000616000000| Untracked |  0
|  42|0x0000000616400000, 0x0000000616400000, 0x0000000616800000|  0%| F|  |TAMS 0x0000000616400000| PB 0x0000000616400000| Untracked |  0
|  43|0x0000000616800000, 0x0000000616800000, 0x0000000616c00000|  0%| F|  |TAMS 0x0000000616800000| PB 0x0000000616800000| Untracked |  0
|  44|0x0000000616c00000, 0x0000000616c00000, 0x0000000617000000|  0%| F|  |TAMS 0x0000000616c00000| PB 0x0000000616c00000| Untracked |  0
|  45|0x0000000617000000, 0x0000000617000000, 0x0000000617400000|  0%| F|  |TAMS 0x0000000617000000| PB 0x0000000617000000| Untracked |  0
|  46|0x0000000617400000, 0x0000000617400000, 0x0000000617800000|  0%| F|  |TAMS 0x0000000617400000| PB 0x0000000617400000| Untracked |  0
|  47|0x0000000617800000, 0x0000000617800000, 0x0000000617c00000|  0%| F|  |TAMS 0x0000000617800000| PB 0x0000000617800000| Untracked |  0
|  48|0x0000000617c00000, 0x0000000617c00000, 0x0000000618000000|  0%| F|  |TAMS 0x0000000617c00000| PB 0x0000000617c00000| Untracked |  0
|  49|0x0000000618000000, 0x0000000618000000, 0x0000000618400000|  0%| F|  |TAMS 0x0000000618000000| PB 0x0000000618000000| Untracked |  0
|  50|0x0000000618400000, 0x0000000618400000, 0x0000000618800000|  0%| F|  |TAMS 0x0000000618400000| PB 0x0000000618400000| Untracked |  0
|  51|0x0000000618800000, 0x0000000618800000, 0x0000000618c00000|  0%| F|  |TAMS 0x0000000618800000| PB 0x0000000618800000| Untracked |  0
|  52|0x0000000618c00000, 0x0000000618c00000, 0x0000000619000000|  0%| F|  |TAMS 0x0000000618c00000| PB 0x0000000618c00000| Untracked |  0
|  53|0x0000000619000000, 0x0000000619000000, 0x0000000619400000|  0%| F|  |TAMS 0x0000000619000000| PB 0x0000000619000000| Untracked |  0
|  54|0x0000000619400000, 0x0000000619400000, 0x0000000619800000|  0%| F|  |TAMS 0x0000000619400000| PB 0x0000000619400000| Untracked |  0
|  55|0x0000000619800000, 0x0000000619800000, 0x0000000619c00000|  0%| F|  |TAMS 0x0000000619800000| PB 0x0000000619800000| Untracked |  0
|  56|0x0000000619c00000, 0x0000000619c00000, 0x000000061a000000|  0%| F|  |TAMS 0x0000000619c00000| PB 0x0000000619c00000| Untracked |  0
|  57|0x000000061a000000, 0x000000061a000000, 0x000000061a400000|  0%| F|  |TAMS 0x000000061a000000| PB 0x000000061a000000| Untracked |  0
|  58|0x000000061a400000, 0x000000061a400000, 0x000000061a800000|  0%| F|  |TAMS 0x000000061a400000| PB 0x000000061a400000| Untracked |  0
|  59|0x000000061a800000, 0x000000061a800000, 0x000000061ac00000|  0%| F|  |TAMS 0x000000061a800000| PB 0x000000061a800000| Untracked |  0
|  60|0x000000061ac00000, 0x000000061ac00000, 0x000000061b000000|  0%| F|  |TAMS 0x000000061ac00000| PB 0x000000061ac00000| Untracked |  0
|  61|0x000000061b000000, 0x000000061b000000, 0x000000061b400000|  0%| F|  |TAMS 0x000000061b000000| PB 0x000000061b000000| Untracked |  0
|  62|0x000000061b400000, 0x000000061b400000, 0x000000061b800000|  0%| F|  |TAMS 0x000000061b400000| PB 0x000000061b400000| Untracked |  0
|  63|0x000000061b800000, 0x000000061b800000, 0x000000061bc00000|  0%| F|  |TAMS 0x000000061b800000| PB 0x000000061b800000| Untracked |  0
|  64|0x000000061bc00000, 0x000000061bc00000, 0x000000061c000000|  0%| F|  |TAMS 0x000000061bc00000| PB 0x000000061bc00000| Untracked |  0
|  65|0x000000061c000000, 0x000000061c000000, 0x000000061c400000|  0%| F|  |TAMS 0x000000061c000000| PB 0x000000061c000000| Untracked |  0
|  66|0x000000061c400000, 0x000000061c400000, 0x000000061c800000|  0%| F|  |TAMS 0x000000061c400000| PB 0x000000061c400000| Untracked |  0
|  67|0x000000061c800000, 0x000000061c800000, 0x000000061cc00000|  0%| F|  |TAMS 0x000000061c800000| PB 0x000000061c800000| Untracked |  0
|  68|0x000000061cc00000, 0x000000061cc00000, 0x000000061d000000|  0%| F|  |TAMS 0x000000061cc00000| PB 0x000000061cc00000| Untracked |  0
|  69|0x000000061d000000, 0x000000061d000000, 0x000000061d400000|  0%| F|  |TAMS 0x000000061d000000| PB 0x000000061d000000| Untracked |  0
|  70|0x000000061d400000, 0x000000061d400000, 0x000000061d800000|  0%| F|  |TAMS 0x000000061d400000| PB 0x000000061d400000| Untracked |  0
|  71|0x000000061d800000, 0x000000061d800000, 0x000000061dc00000|  0%| F|  |TAMS 0x000000061d800000| PB 0x000000061d800000| Untracked |  0
|  72|0x000000061dc00000, 0x000000061dc00000, 0x000000061e000000|  0%| F|  |TAMS 0x000000061dc00000| PB 0x000000061dc00000| Untracked |  0
|  73|0x000000061e000000, 0x000000061e000000, 0x000000061e400000|  0%| F|  |TAMS 0x000000061e000000| PB 0x000000061e000000| Untracked |  0
|  74|0x000000061e400000, 0x000000061e400000, 0x000000061e800000|  0%| F|  |TAMS 0x000000061e400000| PB 0x000000061e400000| Untracked |  0
|  75|0x000000061e800000, 0x000000061e800000, 0x000000061ec00000|  0%| F|  |TAMS 0x000000061e800000| PB 0x000000061e800000| Untracked |  0
|  76|0x000000061ec00000, 0x000000061ec00000, 0x000000061f000000|  0%| F|  |TAMS 0x000000061ec00000| PB 0x000000061ec00000| Untracked |  0
|  77|0x000000061f000000, 0x000000061f000000, 0x000000061f400000|  0%| F|  |TAMS 0x000000061f000000| PB 0x000000061f000000| Untracked |  0
|  78|0x000000061f400000, 0x000000061f400000, 0x000000061f800000|  0%| F|  |TAMS 0x000000061f400000| PB 0x000000061f400000| Untracked |  0
|  79|0x000000061f800000, 0x000000061f800000, 0x000000061fc00000|  0%| F|  |TAMS 0x000000061f800000| PB 0x000000061f800000| Untracked |  0
|  80|0x000000061fc00000, 0x000000061fc00000, 0x0000000620000000|  0%| F|  |TAMS 0x000000061fc00000| PB 0x000000061fc00000| Untracked |  0
|  81|0x0000000620000000, 0x0000000620000000, 0x0000000620400000|  0%| F|  |TAMS 0x0000000620000000| PB 0x0000000620000000| Untracked |  0
|  82|0x0000000620400000, 0x0000000620400000, 0x0000000620800000|  0%| F|  |TAMS 0x0000000620400000| PB 0x0000000620400000| Untracked |  0
|  83|0x0000000620800000, 0x0000000620800000, 0x0000000620c00000|  0%| F|  |TAMS 0x0000000620800000| PB 0x0000000620800000| Untracked |  0
|  84|0x0000000620c00000, 0x0000000620c00000, 0x0000000621000000|  0%| F|  |TAMS 0x0000000620c00000| PB 0x0000000620c00000| Untracked |  0
|  85|0x0000000621000000, 0x0000000621000000, 0x0000000621400000|  0%| F|  |TAMS 0x0000000621000000| PB 0x0000000621000000| Untracked |  0
|  86|0x0000000621400000, 0x0000000621400000, 0x0000000621800000|  0%| F|  |TAMS 0x0000000621400000| PB 0x0000000621400000| Untracked |  0
|  87|0x0000000621800000, 0x0000000621800000, 0x0000000621c00000|  0%| F|  |TAMS 0x0000000621800000| PB 0x0000000621800000| Untracked |  0
|  88|0x0000000621c00000, 0x0000000621c00000, 0x0000000622000000|  0%| F|  |TAMS 0x0000000621c00000| PB 0x0000000621c00000| Untracked |  0
|  89|0x0000000622000000, 0x0000000622000000, 0x0000000622400000|  0%| F|  |TAMS 0x0000000622000000| PB 0x0000000622000000| Untracked |  0
|  90|0x0000000622400000, 0x0000000622400000, 0x0000000622800000|  0%| F|  |TAMS 0x0000000622400000| PB 0x0000000622400000| Untracked |  0
|  91|0x0000000622800000, 0x0000000622800000, 0x0000000622c00000|  0%| F|  |TAMS 0x0000000622800000| PB 0x0000000622800000| Untracked |  0
|  92|0x0000000622c00000, 0x0000000622c00000, 0x0000000623000000|  0%| F|  |TAMS 0x0000000622c00000| PB 0x0000000622c00000| Untracked |  0
|  93|0x0000000623000000, 0x0000000623000000, 0x0000000623400000|  0%| F|  |TAMS 0x0000000623000000| PB 0x0000000623000000| Untracked |  0
|  94|0x0000000623400000, 0x0000000623400000, 0x0000000623800000|  0%| F|  |TAMS 0x0000000623400000| PB 0x0000000623400000| Untracked |  0
|  95|0x0000000623800000, 0x0000000623800000, 0x0000000623c00000|  0%| F|  |TAMS 0x0000000623800000| PB 0x0000000623800000| Untracked |  0
|  96|0x0000000623c00000, 0x0000000623c00000, 0x0000000624000000|  0%| F|  |TAMS 0x0000000623c00000| PB 0x0000000623c00000| Untracked |  0
|  97|0x0000000624000000, 0x0000000624000000, 0x0000000624400000|  0%| F|  |TAMS 0x0000000624000000| PB 0x0000000624000000| Untracked |  0
|  98|0x0000000624400000, 0x0000000624400000, 0x0000000624800000|  0%| F|  |TAMS 0x0000000624400000| PB 0x0000000624400000| Untracked |  0
|  99|0x0000000624800000, 0x0000000624800000, 0x0000000624c00000|  0%| F|  |TAMS 0x0000000624800000| PB 0x0000000624800000| Untracked |  0
| 100|0x0000000624c00000, 0x0000000624c00000, 0x0000000625000000|  0%| F|  |TAMS 0x0000000624c00000| PB 0x0000000624c00000| Untracked |  0
| 101|0x0000000625000000, 0x0000000625000000, 0x0000000625400000|  0%| F|  |TAMS 0x0000000625000000| PB 0x0000000625000000| Untracked |  0
| 102|0x0000000625400000, 0x0000000625400000, 0x0000000625800000|  0%| F|  |TAMS 0x0000000625400000| PB 0x0000000625400000| Untracked |  0
| 103|0x0000000625800000, 0x0000000625800000, 0x0000000625c00000|  0%| F|  |TAMS 0x0000000625800000| PB 0x0000000625800000| Untracked |  0
| 104|0x0000000625c00000, 0x0000000625c00000, 0x0000000626000000|  0%| F|  |TAMS 0x0000000625c00000| PB 0x0000000625c00000| Untracked |  0
| 105|0x0000000626000000, 0x0000000626000000, 0x0000000626400000|  0%| F|  |TAMS 0x0000000626000000| PB 0x0000000626000000| Untracked |  0
| 106|0x0000000626400000, 0x0000000626400000, 0x0000000626800000|  0%| F|  |TAMS 0x0000000626400000| PB 0x0000000626400000| Untracked |  0
| 107|0x0000000626800000, 0x0000000626800000, 0x0000000626c00000|  0%| F|  |TAMS 0x0000000626800000| PB 0x0000000626800000| Untracked |  0
| 108|0x0000000626c00000, 0x0000000626c00000, 0x0000000627000000|  0%| F|  |TAMS 0x0000000626c00000| PB 0x0000000626c00000| Untracked |  0
| 109|0x0000000627000000, 0x0000000627000000, 0x0000000627400000|  0%| F|  |TAMS 0x0000000627000000| PB 0x0000000627000000| Untracked |  0
| 110|0x0000000627400000, 0x0000000627400000, 0x0000000627800000|  0%| F|  |TAMS 0x0000000627400000| PB 0x0000000627400000| Untracked |  0
| 111|0x0000000627800000, 0x0000000627800000, 0x0000000627c00000|  0%| F|  |TAMS 0x0000000627800000| PB 0x0000000627800000| Untracked |  0
| 112|0x0000000627c00000, 0x0000000627c00000, 0x0000000628000000|  0%| F|  |TAMS 0x0000000627c00000| PB 0x0000000627c00000| Untracked |  0
| 113|0x0000000628000000, 0x0000000628000000, 0x0000000628400000|  0%| F|  |TAMS 0x0000000628000000| PB 0x0000000628000000| Untracked |  0
| 114|0x0000000628400000, 0x0000000628400000, 0x0000000628800000|  0%| F|  |TAMS 0x0000000628400000| PB 0x0000000628400000| Untracked |  0
| 115|0x0000000628800000, 0x0000000628800000, 0x0000000628c00000|  0%| F|  |TAMS 0x0000000628800000| PB 0x0000000628800000| Untracked |  0
| 116|0x0000000628c00000, 0x0000000628c00000, 0x0000000629000000|  0%| F|  |TAMS 0x0000000628c00000| PB 0x0000000628c00000| Untracked |  0
| 117|0x0000000629000000, 0x0000000629000000, 0x0000000629400000|  0%| F|  |TAMS 0x0000000629000000| PB 0x0000000629000000| Untracked |  0
| 118|0x0000000629400000, 0x0000000629400000, 0x0000000629800000|  0%| F|  |TAMS 0x0000000629400000| PB 0x0000000629400000| Untracked |  0
| 119|0x0000000629800000, 0x0000000629800000, 0x0000000629c00000|  0%| F|  |TAMS 0x0000000629800000| PB 0x0000000629800000| Untracked |  0
| 120|0x0000000629c00000, 0x0000000629c00000, 0x000000062a000000|  0%| F|  |TAMS 0x0000000629c00000| PB 0x0000000629c00000| Untracked |  0
| 121|0x000000062a000000, 0x000000062a000000, 0x000000062a400000|  0%| F|  |TAMS 0x000000062a000000| PB 0x000000062a000000| Untracked |  0
| 122|0x000000062a400000, 0x000000062a400000, 0x000000062a800000|  0%| F|  |TAMS 0x000000062a400000| PB 0x000000062a400000| Untracked |  0
| 123|0x000000062a800000, 0x000000062a800000, 0x000000062ac00000|  0%| F|  |TAMS 0x000000062a800000| PB 0x000000062a800000| Untracked |  0
| 124|0x000000062ac00000, 0x000000062ac00000, 0x000000062b000000|  0%| F|  |TAMS 0x000000062ac00000| PB 0x000000062ac00000| Untracked |  0
| 125|0x000000062b000000, 0x000000062b170ab8, 0x000000062b400000| 36%| E|  |TAMS 0x000000062b000000| PB 0x000000062b000000| Complete |  0
|2000|0x00000007ffc00000, 0x00000007ffd086c8, 0x0000000800000000| 25%| O|  |TAMS 0x00000007ffc00000| PB 0x00000007ffc00000| Untracked |  0

Card table byte_map: [0x00007f3888400000,0x00007f38893a2000] _byte_map_base: 0x00007f38853a2000

Marking Bits: (CMBitMap*) 0x00007f3884054e90
 Bits: [0x00007f3864e00000, 0x00007f386cb10000)

Polling page: 0x00007f388c927000

Metaspace:

Usage:
  Non-class:    162,36 KB used.
      Class:      8,60 KB used.
       Both:    170,96 KB used.

Virtual space:
  Non-class space:       64,00 MB reserved,     256,00 KB ( <1%) committed,  1 nodes.
      Class space:        1,00 GB reserved,     128,00 KB ( <1%) committed,  1 nodes.
             Both:        1,06 GB reserved,     384,00 KB ( <1%) committed. 

Chunk freelists:
   Non-Class:  11,98 MB
       Class:  15,75 MB
        Both:  27,72 MB

MaxMetaspaceSize: unlimited
CompressedClassSpaceSize: 1,00 GB
Initial GC threshold: 21,00 MB
Current GC threshold: 21,00 MB
CDS: on
 - commit_granule_bytes: 65536.
 - commit_granule_words: 8192.
 - virtual_space_node_default_size: 8388608.
 - enlarge_chunks_in_place: 1.
 - use_allocation_guard: 0.


Internal statistics:

num_allocs_failed_limit: 0.
num_arena_births: 6.
num_arena_deaths: 0.
num_vsnodes_births: 2.
num_vsnodes_deaths: 0.
num_space_committed: 6.
num_space_uncommitted: 0.
num_chunks_returned_to_freelist: 0.
num_chunks_taken_from_freelist: 10.
num_chunk_merges: 0.
num_chunk_splits: 6.
num_chunks_enlarged: 2.
num_inconsistent_stats: 0.

CodeHeap 'non-profiled nmethods': size=120028Kb used=14Kb max_used=14Kb free=120013Kb
 bounds [0x00007f38746c9000, 0x00007f3874939000, 0x00007f387bc00000]
CodeHeap 'profiled nmethods': size=120028Kb used=14Kb max_used=14Kb free=120013Kb
 bounds [0x00007f386cc00000, 0x00007f386ce70000, 0x00007f3874137000]
CodeHeap 'non-nmethods': size=5704Kb used=1257Kb max_used=1257Kb free=4446Kb
 bounds [0x00007f3874137000, 0x00007f38743a7000, 0x00007f38746c9000]
 total_blobs=421 nmethods=32 adapters=296
 compilation: enabled
              stopped_count=0, restarted_count=0
 full_count=0

Compilation events (20 events):
Event: 0,018 Thread 0x00007f3884150120    8       3       java.lang.String::charAt (25 bytes)
Event: 0,018 Thread 0x00007f3884150120 nmethod 8 0x00007f386cc02110 code [0x00007f386cc022e0, 0x00007f386cc02668]
Event: 0,018 Thread 0x00007f3884150120   10       3       java.lang.String::length (11 bytes)
Event: 0,018 Thread 0x00007f3884150120 nmethod 10 0x00007f386cc02810 code [0x00007f386cc029a0, 0x00007f386cc02b40]
Event: 0,020 Thread 0x00007f3884150120   15       3       java.util.concurrent.ConcurrentHashMap::spread (10 bytes)
Event: 0,020 Thread 0x00007f3884150120 nmethod 15 0x00007f386cc02c10 code [0x00007f386cc02da0, 0x00007f386cc02e90]
Event: 0,020 Thread 0x00007f3884150120   16       1       java.lang.Enum::ordinal (5 bytes)
Event: 0,020 Thread 0x00007f3884150120 nmethod 16 0x00007f38746c9d10 code [0x00007f38746c9ea0, 0x00007f38746c9f60]
Event: 0,020 Thread 0x00007f3884150120   18       3       java.util.Objects::requireNonNull (14 bytes)
Event: 0,020 Thread 0x00007f3884150120 nmethod 18 0x00007f386cc02f10 code [0x00007f386cc030c0, 0x00007f386cc032a8]
Event: 0,020 Thread 0x00007f3884150120   19       1       jdk.internal.util.StrongReferenceKey::get (5 bytes)
Event: 0,020 Thread 0x00007f3884150120 nmethod 19 0x00007f38746ca310 code [0x00007f38746ca4a0, 0x00007f38746ca568]
Event: 0,020 Thread 0x00007f388414ea10   20       4       java.lang.Object::<init> (1 bytes)
Event: 0,020 Thread 0x00007f388414ea10 nmethod 20 0x00007f38746ca610 code [0x00007f38746ca780, 0x00007f38746ca808]
Event: 0,022 Thread 0x00007f3884150120   28       3       java.lang.Math::min (11 bytes)
Event: 0,022 Thread 0x00007f3884150120 nmethod 28 0x00007f386cc03390 code [0x00007f386cc03520, 0x00007f386cc03650]
Event: 0,022 Thread 0x00007f3884150120   29       1       java.lang.invoke.MethodType::returnType (5 bytes)
Event: 0,022 Thread 0x00007f3884150120 nmethod 29 0x00007f38746cbf90 code [0x00007f38746cc120, 0x00007f38746cc1e8]
Event: 0,022 Thread 0x00007f3884150120   30       3       java.lang.ref.ReferenceQueue::headIsNull (13 bytes)
Event: 0,022 Thread 0x00007f3884150120 nmethod 30 0x00007f386cc03710 code [0x00007f386cc038a0, 0x00007f386cc03a00]

GC Heap History (0 events):
No events

Dll operation events (5 events):
Event: 0,001 Loaded shared library /home/tosic-killer/.jdks/openjdk-22.0.1/lib/libjava.so
Event: 0,014 Loaded shared library /home/tosic-killer/.jdks/openjdk-22.0.1/lib/libjsvml.so
Event: 0,016 Loaded shared library /home/tosic-killer/.jdks/openjdk-22.0.1/lib/libnio.so
Event: 0,017 Loaded shared library /home/tosic-killer/.jdks/openjdk-22.0.1/lib/libzip.so
Event: 0,023 Loaded shared library /home/tosic-killer/RustroverProjects/ffi_testing/bindings/c/libffi_lib_jni.so

Deoptimization events (0 events):
No events

Classes loaded (6 events):
Event: 0,012 Loading class sun/nio/cs/UTF_8$Encoder
Event: 0,012 Loading class sun/nio/cs/UTF_8$Encoder done
Event: 0,015 Loading class jdk/internal/vm/PostVMInitHook
Event: 0,015 Loading class jdk/internal/vm/PostVMInitHook done
Event: 0,018 Loading class java/lang/UnsatisfiedLinkError
Event: 0,018 Loading class java/lang/UnsatisfiedLinkError done

Classes unloaded (0 events):
No events

Classes redefined (0 events):
No events

Internal exceptions (0 events):
No events

ZGC Phase Switch (0 events):
No events

VM Operations (2 events):
Event: 0,023 Executing VM operation: HandshakeAllThreads (Deoptimize)
Event: 0,023 Executing VM operation: HandshakeAllThreads (Deoptimize) done

Events (20 events):
Event: 0,001 Protecting memory [0x00007f388b01f000,0x00007f388b023000] with protection modes 0
Event: 0,009 Thread 0x00007f3884028970 Thread added: 0x00007f3884028970
Event: 0,013 Thread 0x00007f38841470c0 Thread added: 0x00007f38841470c0
Event: 0,013 Protecting memory [0x00007f385ddff000,0x00007f385de03000] with protection modes 0
Event: 0,013 Thread 0x00007f3884148710 Thread added: 0x00007f3884148710
Event: 0,013 Protecting memory [0x00007f385dcff000,0x00007f385dd03000] with protection modes 0
Event: 0,013 Thread 0x00007f388414a310 Thread added: 0x00007f388414a310
Event: 0,013 Protecting memory [0x00007f385dbff000,0x00007f385dc03000] with protection modes 0
Event: 0,013 Thread 0x00007f388414b950 Thread added: 0x00007f388414b950
Event: 0,013 Protecting memory [0x00007f385daff000,0x00007f385db03000] with protection modes 0
Event: 0,013 Thread 0x00007f388414cef0 Thread added: 0x00007f388414cef0
Event: 0,013 Protecting memory [0x00007f385d9ff000,0x00007f385da03000] with protection modes 0
Event: 0,013 Thread 0x00007f388414ea10 Thread added: 0x00007f388414ea10
Event: 0,013 Protecting memory [0x00007f385d8ff000,0x00007f385d903000] with protection modes 0
Event: 0,013 Thread 0x00007f3884150120 Thread added: 0x00007f3884150120
Event: 0,013 Protecting memory [0x00007f385d7ff000,0x00007f385d803000] with protection modes 0
Event: 0,015 Thread 0x00007f388415e250 Thread added: 0x00007f388415e250
Event: 0,015 Protecting memory [0x00007f385d6ff000,0x00007f385d703000] with protection modes 0
Event: 0,015 Thread 0x00007f3884161db0 Thread added: 0x00007f3884161db0
Event: 0,015 Protecting memory [0x00007f385d5ff000,0x00007f385d603000] with protection modes 0


Dynamic libraries:
60bc00000-62b400000 rw-p 00000000 00:00 0 
62b400000-7ffc00000 ---p 00000000 00:00 0 
7ffc00000-7ffd09000 rw-p 00cb3000 00:25 5795254                          /home/tosic-killer/.jdks/openjdk-22.0.1/lib/server/classes.jsa
7ffd09000-800000000 rw-p 00000000 00:00 0 
55cd0c481000-55cd0c482000 r-xp 00000000 00:25 5794757                    /home/tosic-killer/.jdks/openjdk-22.0.1/bin/java
55cd0c483000-55cd0c484000 r--p 00001000 00:25 5794757                    /home/tosic-killer/.jdks/openjdk-22.0.1/bin/java
55cd0c484000-55cd0c485000 rw-p 00002000 00:25 5794757                    /home/tosic-killer/.jdks/openjdk-22.0.1/bin/java
55cd0d90d000-55cd0d954000 rw-p 00000000 00:00 0                          [heap]
7f37b0000000-7f37b0021000 rw-p 00000000 00:00 0 
7f37b0021000-7f37b4000000 ---p 00000000 00:00 0 
7f37b4000000-7f37b4021000 rw-p 00000000 00:00 0 
7f37b4021000-7f37b8000000 ---p 00000000 00:00 0 
7f37bc000000-7f37bc025000 rw-p 00000000 00:00 0 
7f37bc025000-7f37c0000000 ---p 00000000 00:00 0 
7f37c0000000-7f37c0060000 rw-p 00000000 00:00 0 
7f37c0060000-7f37c4000000 ---p 00000000 00:00 0 
7f37c8000000-7f37c8021000 rw-p 00000000 00:00 0 
7f37c8021000-7f37cc000000 ---p 00000000 00:00 0 
7f37cc000000-7f37cc021000 rw-p 00000000 00:00 0 
7f37cc021000-7f37d0000000 ---p 00000000 00:00 0 
7f37d4000000-7f37d4021000 rw-p 00000000 00:00 0 
7f37d4021000-7f37d8000000 ---p 00000000 00:00 0 
7f37d8000000-7f37d8021000 rw-p 00000000 00:00 0 
7f37d8021000-7f37dc000000 ---p 00000000 00:00 0 
7f37e0000000-7f37e0021000 rw-p 00000000 00:00 0 
7f37e0021000-7f37e4000000 ---p 00000000 00:00 0 
7f37e6a00000-7f37f3ff9000 r--p 00000000 00:25 15729564                   /usr/lib/locale/locale-archive
7f37f4000000-7f37f4021000 rw-p 00000000 00:00 0 
7f37f4021000-7f37f8000000 ---p 00000000 00:00 0 
7f37fc000000-7f37fc030000 rw-p 00000000 00:00 0 
7f37fc030000-7f37fc400000 ---p 00000000 00:00 0 
7f37fc400000-7f37fc410000 rw-p 00000000 00:00 0 
7f37fc410000-7f3800000000 ---p 00000000 00:00 0 
7f3800000000-7f3800021000 rw-p 00000000 00:00 0 
7f3800021000-7f3804000000 ---p 00000000 00:00 0 
7f3806000000-7f3806c74000 rw-p 00001000 00:25 5795254                    /home/tosic-killer/.jdks/openjdk-22.0.1/lib/server/classes.jsa
7f3806c74000-7f3807000000 ---p 00000000 00:00 0 
7f3807000000-7f3807010000 rw-p 00000000 00:00 0 
7f3807010000-7f3807040000 ---p 00000000 00:00 0 
7f3807040000-7f3807050000 rw-p 00000000 00:00 0 
7f3807050000-7f3847000000 ---p 00000000 00:00 0 
7f3848000000-7f3848021000 rw-p 00000000 00:00 0 
7f3848021000-7f384c000000 ---p 00000000 00:00 0 
7f384c000000-7f384c021000 rw-p 00000000 00:00 0 
7f384c021000-7f3850000000 ---p 00000000 00:00 0 
7f3854000000-7f3854021000 rw-p 00000000 00:00 0 
7f3854021000-7f3858000000 ---p 00000000 00:00 0 
7f3858000000-7f3858021000 rw-p 00000000 00:00 0 
7f3858021000-7f385c000000 ---p 00000000 00:00 0 
7f385ca00000-7f385ccc3000 rw-p 00000000 00:00 0 
7f385ce8a000-7f385d000000 rw-p 00000000 00:00 0 
7f385d000000-7f385d09c000 r--p 00000000 00:25 15730412                   /usr/lib64/libstdc++.so.6.0.32
7f385d09c000-7f385d1c6000 r-xp 0009c000 00:25 15730412                   /usr/lib64/libstdc++.so.6.0.32
7f385d1c6000-7f385d242000 r--p 001c6000 00:25 15730412                   /usr/lib64/libstdc++.so.6.0.32
7f385d242000-7f385d24f000 r--p 00242000 00:25 15730412                   /usr/lib64/libstdc++.so.6.0.32
7f385d24f000-7f385d250000 rw-p 0024f000 00:25 15730412                   /usr/lib64/libstdc++.so.6.0.32
7f385d250000-7f385d254000 rw-p 00000000 00:00 0 
7f385d36e000-7f385d41c000 rw-p 00000000 00:00 0 
7f385d41c000-7f385d43a000 r--p 00000000 00:25 5791211                    /home/tosic-killer/RustroverProjects/ffi_testing/target/release/libffi_lib.so
7f385d43a000-7f385d595000 r-xp 0001e000 00:25 5791211                    /home/tosic-killer/RustroverProjects/ffi_testing/target/release/libffi_lib.so
7f385d595000-7f385d5ea000 r--p 00179000 00:25 5791211                    /home/tosic-killer/RustroverProjects/ffi_testing/target/release/libffi_lib.so
7f385d5ea000-7f385d5fe000 r--p 001cd000 00:25 5791211                    /home/tosic-killer/RustroverProjects/ffi_testing/target/release/libffi_lib.so
7f385d5fe000-7f385d5ff000 rw-p 001e1000 00:25 5791211                    /home/tosic-killer/RustroverProjects/ffi_testing/target/release/libffi_lib.so
7f385d5ff000-7f385d603000 ---p 00000000 00:00 0 
7f385d603000-7f385d6ff000 rw-p 00000000 00:00 0 
7f385d6ff000-7f385d703000 ---p 00000000 00:00 0 
7f385d703000-7f385d7ff000 rw-p 00000000 00:00 0 
7f385d7ff000-7f385d803000 ---p 00000000 00:00 0 
7f385d803000-7f385d8ff000 rw-p 00000000 00:00 0 
7f385d8ff000-7f385d903000 ---p 00000000 00:00 0 
7f385d903000-7f385d9ff000 rw-p 00000000 00:00 0 
7f385d9ff000-7f385da03000 ---p 00000000 00:00 0 
7f385da03000-7f385daff000 rw-p 00000000 00:00 0 
7f385daff000-7f385db03000 ---p 00000000 00:00 0 
7f385db03000-7f385dbff000 rw-p 00000000 00:00 0 
7f385dbff000-7f385dc03000 ---p 00000000 00:00 0 
7f385dc03000-7f385dcff000 rw-p 00000000 00:00 0 
7f385dcff000-7f385dd03000 ---p 00000000 00:00 0 
7f385dd03000-7f385ddff000 rw-p 00000000 00:00 0 
7f385ddff000-7f385de03000 ---p 00000000 00:00 0 
7f385de03000-7f385deff000 rw-p 00000000 00:00 0 
7f385deff000-7f385df00000 ---p 00000000 00:00 0 
7f385df00000-7f385e000000 rw-p 00000000 00:00 0 
7f385e000000-7f3860021000 rw-p 00000000 00:00 0 
7f3860021000-7f3864000000 ---p 00000000 00:00 0 
7f3864023000-7f38640f1000 r-xp 00000000 00:25 5795226                    /home/tosic-killer/.jdks/openjdk-22.0.1/lib/libjsvml.so
7f38640f1000-7f38640f2000 r--p 000cd000 00:25 5795226                    /home/tosic-killer/.jdks/openjdk-22.0.1/lib/libjsvml.so
7f38640f2000-7f38640f3000 rw-p 000ce000 00:25 5795226                    /home/tosic-killer/.jdks/openjdk-22.0.1/lib/libjsvml.so
7f38640f3000-7f38640f4000 ---p 00000000 00:00 0 
7f38640f4000-7f38641f4000 rw-p 00000000 00:00 0 
7f38641f4000-7f38641f5000 ---p 00000000 00:00 0 
7f38641f5000-7f38642f5000 rw-p 00000000 00:00 0 
7f38642f5000-7f38642f6000 ---p 00000000 00:00 0 
7f38642f6000-7f38643f6000 rw-p 00000000 00:00 0 
7f38643f6000-7f38655e0000 rw-p 00000000 00:00 0 
7f38655e0000-7f386cb00000 ---p 00000000 00:00 0 
7f386cb00000-7f386cb10000 rw-p 00000000 00:00 0 
7f386cb24000-7f386cc00000 rw-p 00000000 00:00 0 
7f386cc00000-7f386ce70000 rwxp 00000000 00:00 0 
7f386ce70000-7f3874137000 ---p 00000000 00:00 0 
7f3874137000-7f38743a7000 rwxp 00000000 00:00 0 
7f38743a7000-7f38746c9000 ---p 00000000 00:00 0 
7f38746c9000-7f3874939000 rwxp 00000000 00:00 0 
7f3874939000-7f387bc00000 ---p 00000000 00:00 0 
7f387bc00000-7f3883fb6000 r--s 00000000 00:25 5795244                    /home/tosic-killer/.jdks/openjdk-22.0.1/lib/modules
7f3883fcb000-7f388424e000 rw-p 00000000 00:00 0 
7f388424e000-7f3888000000 ---p 00000000 00:00 0 
7f3888016000-7f3888019000 r--p 00000000 00:25 15729516                   /usr/lib64/libgcc_s-13-20240316.so.1
7f3888019000-7f3888034000 r-xp 00003000 00:25 15729516                   /usr/lib64/libgcc_s-13-20240316.so.1
7f3888034000-7f3888038000 r--p 0001e000 00:25 15729516                   /usr/lib64/libgcc_s-13-20240316.so.1
7f3888038000-7f3888039000 r--p 00021000 00:25 15729516                   /usr/lib64/libgcc_s-13-20240316.so.1
7f3888039000-7f388807b000 rw-p 00000000 00:00 0 
7f388807b000-7f388807c000 ---p 00000000 00:00 0 
7f388807c000-7f388817c000 rw-p 00000000 00:00 0 
7f388817c000-7f388817d000 ---p 00000000 00:00 0 
7f388817d000-7f388827d000 rw-p 00000000 00:00 0 
7f388827d000-7f388827e000 ---p 00000000 00:00 0 
7f388827e000-7f388837e000 rw-p 00000000 00:00 0 
7f388837e000-7f38884fc000 rw-p 00000000 00:00 0 
7f38884fc000-7f38893a0000 ---p 00000000 00:00 0 
7f38893a0000-7f38893a2000 rw-p 00000000 00:00 0 
7f38893c1000-7f38894fc000 rw-p 00000000 00:00 0 
7f38894fc000-7f388a3a0000 ---p 00000000 00:00 0 
7f388a3a0000-7f388a3a2000 rw-p 00000000 00:00 0 
7f388a3c0000-7f388a3c7000 r--s 00000000 00:25 15817744                   /usr/lib64/gconv/gconv-modules.cache
7f388a3c7000-7f388a3ca000 r--p 00000000 00:25 5797891                    /home/tosic-killer/RustroverProjects/ffi_testing/bindings/c/libffi_lib_jni.so
7f388a3ca000-7f388a3cb000 r-xp 00003000 00:25 5797891                    /home/tosic-killer/RustroverProjects/ffi_testing/bindings/c/libffi_lib_jni.so
7f388a3cb000-7f388a3cc000 r--p 00004000 00:25 5797891                    /home/tosic-killer/RustroverProjects/ffi_testing/bindings/c/libffi_lib_jni.so
7f388a3cc000-7f388a3cd000 r--p 00004000 00:25 5797891                    /home/tosic-killer/RustroverProjects/ffi_testing/bindings/c/libffi_lib_jni.so
7f388a3cd000-7f388a3ce000 rw-p 00005000 00:25 5797891                    /home/tosic-killer/RustroverProjects/ffi_testing/bindings/c/libffi_lib_jni.so
7f388a3ce000-7f388a3d9000 r-xp 00000000 00:25 5795233                    /home/tosic-killer/.jdks/openjdk-22.0.1/lib/libnet.so
7f388a3d9000-7f388a3da000 ---p 0000b000 00:25 5795233                    /home/tosic-killer/.jdks/openjdk-22.0.1/lib/libnet.so
7f388a3da000-7f388a3db000 r--p 0000b000 00:25 5795233                    /home/tosic-killer/.jdks/openjdk-22.0.1/lib/libnet.so
7f388a3db000-7f388a3dc000 rw-p 0000c000 00:25 5795233                    /home/tosic-killer/.jdks/openjdk-22.0.1/lib/libnet.so
7f388a3dc000-7f388ae2a000 rw-p 00000000 00:00 0 
7f388ae2a000-7f388af10000 ---p 00000000 00:00 0 
7f388af10000-7f388af15000 rw-p 00000000 00:00 0 
7f388af15000-7f388affb000 ---p 00000000 00:00 0 
7f388affb000-7f388b01b000 r-xp 00000000 00:25 5795218                    /home/tosic-killer/.jdks/openjdk-22.0.1/lib/libjava.so
7f388b01b000-7f388b01c000 ---p 00020000 00:25 5795218                    /home/tosic-killer/.jdks/openjdk-22.0.1/lib/libjava.so
7f388b01c000-7f388b01d000 r--p 00020000 00:25 5795218                    /home/tosic-killer/.jdks/openjdk-22.0.1/lib/libjava.so
7f388b01d000-7f388b01e000 rw-p 00021000 00:25 5795218                    /home/tosic-killer/.jdks/openjdk-22.0.1/lib/libjava.so
7f388b01e000-7f388b01f000 rw-p 00000000 00:00 0 
7f388b01f000-7f388b023000 ---p 00000000 00:00 0 
7f388b023000-7f388b11f000 rw-p 00000000 00:00 0 
7f388b11f000-7f388b12f000 r--p 00000000 00:25 15730337                   /usr/lib64/libm.so.6
7f388b12f000-7f388b1a4000 r-xp 00010000 00:25 15730337                   /usr/lib64/libm.so.6
7f388b1a4000-7f388b1fe000 r--p 00085000 00:25 15730337                   /usr/lib64/libm.so.6
7f388b1fe000-7f388b1ff000 r--p 000de000 00:25 15730337                   /usr/lib64/libm.so.6
7f388b1ff000-7f388b200000 rw-p 000df000 00:25 15730337                   /usr/lib64/libm.so.6
7f388b200000-7f388c540000 r-xp 00000000 00:25 5795257                    /home/tosic-killer/.jdks/openjdk-22.0.1/lib/server/libjvm.so
7f388c540000-7f388c60d000 r--p 0133f000 00:25 5795257                    /home/tosic-killer/.jdks/openjdk-22.0.1/lib/server/libjvm.so
7f388c60d000-7f388c63b000 rw-p 0140c000 00:25 5795257                    /home/tosic-killer/.jdks/openjdk-22.0.1/lib/server/libjvm.so
7f388c63b000-7f388c6b1000 rw-p 00000000 00:00 0 
7f388c6b3000-7f388c6ba000 r-xp 00000000 00:25 5795243                    /home/tosic-killer/.jdks/openjdk-22.0.1/lib/libzip.so
7f388c6ba000-7f388c6bb000 ---p 00007000 00:25 5795243                    /home/tosic-killer/.jdks/openjdk-22.0.1/lib/libzip.so
7f388c6bb000-7f388c6bc000 r--p 00007000 00:25 5795243                    /home/tosic-killer/.jdks/openjdk-22.0.1/lib/libzip.so
7f388c6bc000-7f388c6bd000 rw-p 00008000 00:25 5795243                    /home/tosic-killer/.jdks/openjdk-22.0.1/lib/libzip.so
7f388c6bd000-7f388c6d0000 r-xp 00000000 00:25 5795234                    /home/tosic-killer/.jdks/openjdk-22.0.1/lib/libnio.so
7f388c6d0000-7f388c6d1000 ---p 00013000 00:25 5795234                    /home/tosic-killer/.jdks/openjdk-22.0.1/lib/libnio.so
7f388c6d1000-7f388c6d2000 r--p 00013000 00:25 5795234                    /home/tosic-killer/.jdks/openjdk-22.0.1/lib/libnio.so
7f388c6d2000-7f388c6d3000 rw-p 00014000 00:25 5795234                    /home/tosic-killer/.jdks/openjdk-22.0.1/lib/libnio.so
7f388c6d3000-7f388c6f1000 r-xp 00000000 00:25 5795222                    /home/tosic-killer/.jdks/openjdk-22.0.1/lib/libjimage.so
7f388c6f1000-7f388c6f3000 r--p 0001d000 00:25 5795222                    /home/tosic-killer/.jdks/openjdk-22.0.1/lib/libjimage.so
7f388c6f3000-7f388c6f4000 rw-p 0001f000 00:25 5795222                    /home/tosic-killer/.jdks/openjdk-22.0.1/lib/libjimage.so
7f388c6f4000-7f388c6f5000 r--p 00000000 00:25 15730344                   /usr/lib64/librt.so.1
7f388c6f5000-7f388c6f6000 r-xp 00001000 00:25 15730344                   /usr/lib64/librt.so.1
7f388c6f6000-7f388c6f7000 r--p 00002000 00:25 15730344                   /usr/lib64/librt.so.1
7f388c6f7000-7f388c6f8000 r--p 00002000 00:25 15730344                   /usr/lib64/librt.so.1
7f388c6f8000-7f388c6f9000 rw-p 00003000 00:25 15730344                   /usr/lib64/librt.so.1
7f388c6f9000-7f388c6fd000 rw-p 00000000 00:00 0 
7f388c6fd000-7f388c723000 r--p 00000000 00:25 15730334                   /usr/lib64/libc.so.6
7f388c723000-7f388c880000 r-xp 00026000 00:25 15730334                   /usr/lib64/libc.so.6
7f388c880000-7f388c8cd000 r--p 00183000 00:25 15730334                   /usr/lib64/libc.so.6
7f388c8cd000-7f388c8d1000 r--p 001d0000 00:25 15730334                   /usr/lib64/libc.so.6
7f388c8d1000-7f388c8d3000 rw-p 001d4000 00:25 15730334                   /usr/lib64/libc.so.6
7f388c8d3000-7f388c8db000 rw-p 00000000 00:00 0 
7f388c8db000-7f388c8dc000 r--p 00000000 00:25 15730336                   /usr/lib64/libdl.so.2
7f388c8dc000-7f388c8dd000 r-xp 00001000 00:25 15730336                   /usr/lib64/libdl.so.2
7f388c8dd000-7f388c8de000 r--p 00002000 00:25 15730336                   /usr/lib64/libdl.so.2
7f388c8de000-7f388c8df000 r--p 00002000 00:25 15730336                   /usr/lib64/libdl.so.2
7f388c8df000-7f388c8e0000 rw-p 00003000 00:25 15730336                   /usr/lib64/libdl.so.2
7f388c8e0000-7f388c8e1000 r--p 00000000 00:25 15730342                   /usr/lib64/libpthread.so.0
7f388c8e1000-7f388c8e2000 r-xp 00001000 00:25 15730342                   /usr/lib64/libpthread.so.0
7f388c8e2000-7f388c8e3000 r--p 00002000 00:25 15730342                   /usr/lib64/libpthread.so.0
7f388c8e3000-7f388c8e4000 r--p 00002000 00:25 15730342                   /usr/lib64/libpthread.so.0
7f388c8e4000-7f388c8e5000 rw-p 00003000 00:25 15730342                   /usr/lib64/libpthread.so.0
7f388c8e5000-7f388c8f4000 r-xp 00000000 00:25 5795223                    /home/tosic-killer/.jdks/openjdk-22.0.1/lib/libjli.so
7f388c8f4000-7f388c8f5000 r--p 0000e000 00:25 5795223                    /home/tosic-killer/.jdks/openjdk-22.0.1/lib/libjli.so
7f388c8f5000-7f388c8f6000 rw-p 0000f000 00:25 5795223                    /home/tosic-killer/.jdks/openjdk-22.0.1/lib/libjli.so
7f388c8f6000-7f388c8f9000 r--p 00000000 00:25 33100                      /usr/lib64/libz.so.1.2.13
7f388c8f9000-7f388c908000 r-xp 00003000 00:25 33100                      /usr/lib64/libz.so.1.2.13
7f388c908000-7f388c90e000 r--p 00012000 00:25 33100                      /usr/lib64/libz.so.1.2.13
7f388c90e000-7f388c90f000 r--p 00018000 00:25 33100                      /usr/lib64/libz.so.1.2.13
7f388c90f000-7f388c910000 rw-p 00000000 00:00 0 
7f388c913000-7f388c918000 rw-p 00000000 00:00 0 
7f388c918000-7f388c91f000 ---p 00000000 00:00 0 
7f388c91f000-7f388c927000 rw-s 00000000 00:2a 14573                      /tmp/hsperfdata_tosic-killer/2739932
7f388c927000-7f388c928000 ---p 00000000 00:00 0 
7f388c928000-7f388c929000 r--p 00000000 00:00 0 
7f388c929000-7f388c92a000 ---p 00000000 00:00 0 
7f388c92a000-7f388c92c000 rw-p 00000000 00:00 0 
7f388c92c000-7f388c930000 r--p 00000000 00:00 0                          [vvar]
7f388c930000-7f388c932000 r-xp 00000000 00:00 0                          [vdso]
7f388c932000-7f388c933000 r--p 00000000 00:25 15730331                   /usr/lib64/ld-linux-x86-64.so.2
7f388c933000-7f388c95a000 r-xp 00001000 00:25 15730331                   /usr/lib64/ld-linux-x86-64.so.2
7f388c95a000-7f388c964000 r--p 00028000 00:25 15730331                   /usr/lib64/ld-linux-x86-64.so.2
7f388c964000-7f388c966000 r--p 00031000 00:25 15730331                   /usr/lib64/ld-linux-x86-64.so.2
7f388c966000-7f388c968000 rw-p 00033000 00:25 15730331                   /usr/lib64/ld-linux-x86-64.so.2
7ffc9dfd4000-7ffc9dff6000 rw-p 00000000 00:00 0                          [stack]
ffffffffff600000-ffffffffff601000 --xp 00000000 00:00 0                  [vsyscall]
Total number of mappings: 211


VM Arguments:
jvm_args: -Djava.library.path=/home/tosic-killer/RustroverProjects/ffi_testing/bindings/c 
java_command: ffi.jar
java_class_path (initial): ffi.jar
Launcher Type: SUN_STANDARD

[Global flags]
     intx CICompilerCount                          = 4                                         {product} {ergonomic}
     uint ConcGCThreads                            = 3                                         {product} {ergonomic}
     uint G1ConcRefinementThreads                  = 10                                        {product} {ergonomic}
   size_t G1HeapRegionSize                         = 4194304                                   {product} {ergonomic}
   size_t InitialHeapSize                          = 528482304                                 {product} {ergonomic}
   size_t MarkStackSize                            = 4194304                                   {product} {ergonomic}
   size_t MaxHeapSize                              = 8392802304                                {product} {ergonomic}
   size_t MaxNewSize                               = 5033164800                                {product} {ergonomic}
   size_t MinHeapDeltaBytes                        = 4194304                                   {product} {ergonomic}
   size_t MinHeapSize                              = 8388608                                   {product} {ergonomic}
    uintx NonNMethodCodeHeapSize                   = 5839372                                {pd product} {ergonomic}
    uintx NonProfiledCodeHeapSize                  = 122909434                              {pd product} {ergonomic}
    uintx ProfiledCodeHeapSize                     = 122909434                              {pd product} {ergonomic}
    uintx ReservedCodeCacheSize                    = 251658240                              {pd product} {ergonomic}
     bool SegmentedCodeCache                       = true                                      {product} {ergonomic}
   size_t SoftMaxHeapSize                          = 8392802304                             {manageable} {ergonomic}
     bool UseCompressedOops                        = true                           {product lp64_product} {ergonomic}
     bool UseG1GC                                  = true                                      {product} {ergonomic}

Logging:
Log output configuration:
 #0: stdout all=warning uptime,level,tags foldmultilines=false
 #1: stderr all=off uptime,level,tags foldmultilines=false

Environment Variables:
JAVA_HOME=/home/tosic-killer/.jdks/openjdk-22.0.1
PATH=/home/tosic-killer/.jdks/openjdk-22.0.1/bin:/home/tosic-killer/mambaforge/bin:/home/tosic-killer/mambaforge/condabin:/home/tosic-killer/.wasmer/bin:/home/tosic-killer/.nvm/versions/node/v20.6.1/bin:/home/tosic-killer/.cargo/bin:/usr/local/bin:/usr/local/sbin:/usr/bin:/usr/sbin:/home/tosic-killer/.local/share/JetBrains/Toolbox/scripts:/home/tosic-killer/.dotnet/tools
USERNAME=tosic-killer
LD_LIBRARY_PATH=/home/tosic-killer/RustroverProjects/ffi_testing/target/release
SHELL=/usr/bin/zsh
DISPLAY=:0
LANG=en_US.UTF-8
LC_NUMERIC=sv_SE.UTF-8
LC_TIME=sv_SE.UTF-8
TERM=xterm-256color

Active Locale:
LC_ALL=LC_CTYPE=en_US.UTF-8;LC_NUMERIC=sv_SE.UTF-8;LC_TIME=sv_SE.UTF-8;LC_COLLATE=en_US.UTF-8;LC_MONETARY=sv_SE.UTF-8;LC_MESSAGES=en_US.UTF-8;LC_PAPER=sv_SE.UTF-8;LC_NAME=en_US.UTF-8;LC_ADDRESS=en_US.UTF-8;LC_TELEPHONE=en_US.UTF-8;LC_MEASUREMENT=sv_SE.UTF-8;LC_IDENTIFICATION=en_US.UTF-8
LC_COLLATE=en_US.UTF-8
LC_CTYPE=en_US.UTF-8
LC_MESSAGES=en_US.UTF-8
LC_MONETARY=sv_SE.UTF-8
LC_NUMERIC=sv_SE.UTF-8
LC_TIME=sv_SE.UTF-8

Signal Handlers:
   SIGSEGV: crash_handler in libjvm.so, mask=11100100010111111101111111111110, flags=SA_RESTART|SA_SIGINFO, unblocked
    SIGBUS: crash_handler in libjvm.so, mask=11100100010111111101111111111110, flags=SA_RESTART|SA_SIGINFO, unblocked
    SIGFPE: crash_handler in libjvm.so, mask=11100100010111111101111111111110, flags=SA_RESTART|SA_SIGINFO, unblocked
   SIGPIPE: javaSignalHandler in libjvm.so, mask=11100100010111111101111111111110, flags=SA_RESTART|SA_SIGINFO, blocked
   SIGXFSZ: javaSignalHandler in libjvm.so, mask=11100100010111111101111111111110, flags=SA_RESTART|SA_SIGINFO, blocked
    SIGILL: crash_handler in libjvm.so, mask=11100100010111111101111111111110, flags=SA_RESTART|SA_SIGINFO, unblocked
   SIGUSR2: SR_handler in libjvm.so, mask=00000000000000000000000000000000, flags=SA_RESTART|SA_SIGINFO, blocked
    SIGHUP: UserHandler in libjvm.so, mask=11100100010111111101111111111110, flags=SA_RESTART|SA_SIGINFO, blocked
    SIGINT: UserHandler in libjvm.so, mask=11100100010111111101111111111110, flags=SA_RESTART|SA_SIGINFO, blocked
   SIGTERM: UserHandler in libjvm.so, mask=11100100010111111101111111111110, flags=SA_RESTART|SA_SIGINFO, blocked
   SIGQUIT: UserHandler in libjvm.so, mask=11100100010111111101111111111110, flags=SA_RESTART|SA_SIGINFO, blocked
   SIGTRAP: crash_handler in libjvm.so, mask=11100100010111111101111111111110, flags=SA_RESTART|SA_SIGINFO, unblocked


Periodic native trim disabled

---------------  S Y S T E M  ---------------

OS:
Fedora release 38 (Thirty Eight)
uname: Linux 6.8.9-100.fc38.x86_64 #1 SMP PREEMPT_DYNAMIC Thu May  2 18:50:49 UTC 2024 x86_64
OS uptime: 0 days 2:17 hours
libc: glibc 2.37 NPTL 2.37 
rlimit (soft/hard): STACK 8192k/infinity , CORE infinity/infinity , NPROC 127781/127781 , NOFILE 1048576/1048576 , AS infinity/infinity , CPU infinity/infinity , DATA infinity/infinity , FSIZE infinity/infinity , MEMLOCK 8192k/8192k
load average: 0,22 0,48 0,63

/proc/meminfo:
MemTotal:       32774980 kB
MemFree:         1555892 kB
MemAvailable:   15200828 kB
Buffers:             152 kB
Cached:         13273920 kB
SwapCached:          104 kB
Active:         17286304 kB
Inactive:       11890888 kB
Active(anon):   12151000 kB
Inactive(anon):  3820040 kB
Active(file):    5135304 kB
Inactive(file):  8070848 kB
Unevictable:        5804 kB
Mlocked:            5804 kB
SwapTotal:       8388604 kB
SwapFree:        8327420 kB
Zswap:                 0 kB
Zswapped:              0 kB
Dirty:              1612 kB
Writeback:             0 kB
AnonPages:      15909240 kB
Mapped:          3425916 kB
Shmem:             62744 kB
KReclaimable:     902068 kB
Slab:            1271312 kB
SReclaimable:     902068 kB
SUnreclaim:       369244 kB
KernelStack:       35488 kB
PageTables:       107852 kB
SecPageTables:         0 kB
NFS_Unstable:          0 kB
Bounce:                0 kB
WritebackTmp:          0 kB
CommitLimit:    24776092 kB
Committed_AS:   30070544 kB
VmallocTotal:   34359738367 kB
VmallocUsed:      124816 kB
VmallocChunk:          0 kB
Percpu:            31616 kB
HardwareCorrupted:     0 kB
AnonHugePages:         0 kB
ShmemHugePages:        0 kB
ShmemPmdMapped:        0 kB
FileHugePages:         0 kB
FilePmdMapped:         0 kB
CmaTotal:              0 kB
CmaFree:               0 kB
Unaccepted:            0 kB
HugePages_Total:       0
HugePages_Free:        0
HugePages_Rsvd:        0
HugePages_Surp:        0
Hugepagesize:       2048 kB
Hugetlb:               0 kB
DirectMap4k:      870876 kB
DirectMap2M:    29462528 kB
DirectMap1G:     4194304 kB

/sys/kernel/mm/transparent_hugepage/enabled: always [madvise] never
/sys/kernel/mm/transparent_hugepage/hpage_pmd_size: 2097152
/sys/kernel/mm/transparent_hugepage/shmem_enabled: always within_size advise [never] deny force
/sys/kernel/mm/transparent_hugepage/defrag (defrag/compaction efforts parameter): always defer defer+madvise [madvise] never

Process Memory:
Virtual Size: 11311392K (peak: 11311392K)
Resident Set Size: 47784K (peak: 47784K) (anon: 24704K, file: 23080K, shmem: 0K)
Swapped out: 0K
C-Heap outstanding allocations: 30464K, retained: 2015K
glibc malloc tunables: (default)

/proc/sys/kernel/threads-max (system-wide limit on the number of threads): 255562
/proc/sys/vm/max_map_count (maximum number of memory map areas a process may have): 65530
/proc/sys/kernel/pid_max (system-wide limit on number of process identifiers): 4194304

container (cgroup) information:
container_type: cgroupv2
cpu_cpuset_cpus: not supported
cpu_memory_nodes: not supported
active_processor_count: 12
cpu_quota: no quota
cpu_period: 100000
cpu_shares: no shares
memory_limit_in_bytes: unlimited
memory_and_swap_limit_in_bytes: unlimited
memory_soft_limit_in_bytes: unlimited
memory_usage_in_bytes: 27010260 k
memory_max_usage_in_bytes: not supported
memory_swap_current_in_bytes: 11284 k
memory_swap_max_limit_in_bytes: unlimited
maximum number of tasks: unlimited
current number of tasks: 1529

Steal ticks since vm start: 0
Steal ticks percentage since vm start:  0,000

CPU: total 32 (initial active 12) (12 cores per cpu, 2 threads per core) family 25 model 33 stepping 0 microcode 0xa201016, cx8, cmov, fxsr, ht, mmx, 3dnowpref, sse, sse2, sse3, ssse3, sse4a, sse4.1, sse4.2, popcnt, lzcnt, tsc, tscinvbit, avx, avx2, aes, erms, clmul, bmi1, bmi2, adx, sha, fma, vzeroupper, clflush, clflushopt, rdtscp, rdpid, fsrm, f16c, pku, ospke, cet_ss
CPU Model and flags from /proc/cpuinfo:
model name	: AMD Ryzen 5 5600X 6-Core Processor
flags		: fpu vme de pse tsc msr pae mce cx8 apic sep mtrr pge mca cmov pat pse36 clflush mmx fxsr sse sse2 ht syscall nx mmxext fxsr_opt pdpe1gb rdtscp lm constant_tsc rep_good nopl nonstop_tsc cpuid extd_apicid aperfmperf rapl pni pclmulqdq monitor ssse3 fma cx16 sse4_1 sse4_2 x2apic movbe popcnt aes xsave avx f16c rdrand lahf_lm cmp_legacy svm extapic cr8_legacy abm sse4a misalignsse 3dnowprefetch osvw ibs skinit wdt tce topoext perfctr_core perfctr_nb bpext perfctr_llc mwaitx cpb cat_l3 cdp_l3 hw_pstate ssbd mba ibrs ibpb stibp vmmcall fsgsbase bmi1 avx2 smep bmi2 erms invpcid cqm rdt_a rdseed adx smap clflushopt clwb sha_ni xsaveopt xsavec xgetbv1 xsaves cqm_llc cqm_occup_llc cqm_mbm_total cqm_mbm_local user_shstk clzero irperf xsaveerptr rdpru wbnoinvd arat npt lbrv svm_lock nrip_save tsc_scale vmcb_clean flushbyasid decodeassists pausefilter pfthreshold avic v_vmsave_vmload vgif v_spec_ctrl umip pku ospke vaes vpclmulqdq rdpid overflow_recov succor smca fsrm debug_swap

Online cpus: 0-11
Offline cpus: 12-31
BIOS frequency limitation: 3700000
Frequency switch latency (ns): 0
Available cpu frequencies: 3700000 2800000 2200000 
Current governor: schedutil
Core performance/turbo boost: 1

Memory: 4k page, physical 32774980k(15200828k free), swap 8388604k(8327420k free)
Page Sizes: 4k

vm_info: OpenJDK 64-Bit Server VM (22.0.1+8-16) for linux-amd64 JRE (22.0.1+8-16), built on 2024-03-12T10:33:16Z by "mach5one" with gcc 13.2.0

END.
