#
# A fatal error has been detected by the Java Runtime Environment:
#
#  SIGSEGV (0xb) at pc=0x00007f112ad4420b, pid=2740308, tid=2740311
#
# JRE version: OpenJDK Runtime Environment (22.0.1+8) (build 22.0.1+8-16)
# Java VM: OpenJDK 64-Bit Server VM (22.0.1+8-16, mixed mode, sharing, tiered, compressed oops, compressed class ptrs, g1 gc, linux-amd64)
# Problematic frame:
# C  [libffi_lib.so+0x2e20b]  std::panicking::try::hdae782411605252b+0xbb
#
# Core dump will be written. Default location: /var/coredumps/core.%e.2740308
#
# If you would like to submit a bug report, please visit:
#   https://bugreport.java.com/bugreport/crash.jsp
# The crash happened outside the Java Virtual Machine in native code.
# See problematic frame for where to report the bug.
#

---------------  S U M M A R Y ------------

Command Line: -Djava.library.path=/home/tosic-killer/RustroverProjects/ffi_testing/bindings/c -javaagent:/home/tosic-killer/.local/share/JetBrains/Toolbox/apps/intellij-idea-ultimate/lib/idea_rt.jar=38097:/home/tosic-killer/.local/share/JetBrains/Toolbox/apps/intellij-idea-ultimate/bin -Dfile.encoding=UTF-8 -Dsun.stdout.encoding=UTF-8 -Dsun.stderr.encoding=UTF-8 com.example.Main

Host: AMD Ryzen 5 5600X 6-Core Processor, 32 cores, 31G, Fedora release 38 (Thirty Eight)
Time: Sun Jun 16 21:56:17 2024 CEST elapsed time: 0.059880 seconds (0d 0h 0m 0s)

---------------  T H R E A D  ---------------

Current thread (0x00007f115402a830):  JavaThread "main"             [_thread_in_native, id=2740311, stack(0x00007f1158b00000,0x00007f1158c00000) (1024K)]

Stack: [0x00007f1158b00000,0x00007f1158c00000],  sp=0x00007f1158bfe700,  free space=1017k
Native frames: (J=compiled Java code, j=interpreted, Vv=VM code, C=native code)
C  [libffi_lib.so+0x2e20b]  std::panicking::try::hdae782411605252b+0xbb
j  com.example.Vec4.Dot(Lcom/example/SWIGTYPE_p_vec4;)F+9
j  com.example.Main.main([Ljava/lang/String;)V+25
v  ~StubRoutines::call_stub 0x00007f1144137cc6
V  [libjvm.so+0x8f311b]  JavaCalls::call_helper(JavaValue*, methodHandle const&, JavaCallArguments*, JavaThread*)+0x2db
V  [libjvm.so+0x9a3f1e]  jni_invoke_static(JNIEnv_*, JavaValue*, _jobject*, JNICallType, _jmethodID*, JNI_ArgumentPusher*, JavaThread*) [clone .constprop.1]+0x36e
V  [libjvm.so+0x9a67e8]  jni_CallStaticVoidMethod+0x128
C  [libjli.so+0x3960]  invokeStaticMainWithArgs+0x70
C  [libjli.so+0x4924]  JavaMain+0xd84
C  [libjli.so+0x7ee9]  ThreadJavaMain+0x9
C  [libc.so.6+0x8c947]  start_thread+0x2f7
Java frames: (J=compiled Java code, j=interpreted, Vv=VM code)
j  com.example.ffi_libJNI.Vec4_Dot(JLcom/example/Vec4;J)F+0
j  com.example.Vec4.Dot(Lcom/example/SWIGTYPE_p_vec4;)F+9
j  com.example.Main.main([Ljava/lang/String;)V+25
v  ~StubRoutines::call_stub 0x00007f1144137cc6

siginfo: si_signo: 11 (SIGSEGV), si_code: 1 (SEGV_MAPERR), si_addr: 0x0000000000000000

Registers:
RAX=0x00000007f11541cf, RBX=0x00007f1158bfe7a0, RCX=0x0000000000000000, RDX=0x0000000000000001
RSP=0x00007f1158bfe700, RBP=0x00007f1158bfe8a0, RSI=0x0000000000000001, RDI=0x00007f1158bfe7a0
R8 =0x00000007f11541cf, R9 =0x0000000000000000, R10=0x00007f112ad16dd0, R11=0x00007f112ad40470
R12=0x0000000000000000, R13=0x00007f10c840c4c0, R14=0x00007f1158bfe8e0, R15=0x00007f115402a830
RIP=0x00007f112ad4420b, EFLAGS=0x0000000000010202, CSGSFS=0x002b000000000033, ERR=0x0000000000000004
  TRAPNO=0x000000000000000e


Register to memory mapping:

RAX=0x00000007f11541cf is an unallocated location in the heap
RBX=0x00007f1158bfe7a0 is pointing into the stack for thread: 0x00007f115402a830
RCX=0x0 is null
RDX=0x0000000000000001 is an unknown value
RSP=0x00007f1158bfe700 is pointing into the stack for thread: 0x00007f115402a830
RBP=0x00007f1158bfe8a0 is pointing into the stack for thread: 0x00007f115402a830
RSI=0x0000000000000001 is an unknown value
RDI=0x00007f1158bfe7a0 is pointing into the stack for thread: 0x00007f115402a830
R8 =0x00000007f11541cf is an unallocated location in the heap
R9 =0x0 is null
R10=0x00007f112ad16dd0: <offset 0x0000000000000dd0> in ../../target/release/libffi_lib.so at 0x00007f112ad16000
R11=0x00007f112ad40470: vec4_dot+0x0000000000000000 in ../../target/release/libffi_lib.so at 0x00007f112ad16000
R12=0x0 is null
R13={method} {0x00007f10c840c4c0} 'Vec4_Dot' '(JLcom/example/Vec4;J)F' in 'com/example/ffi_libJNI'
R14=0x00007f1158bfe8e0 is pointing into the stack for thread: 0x00007f115402a830
R15=0x00007f115402a830 is a thread

Top of Stack: (sp=0x00007f1158bfe700)
0x00007f1158bfe700:   0000000000000000 00000007f11541cf
0x00007f1158bfe710:   00007f1158bfe718 00007f1159f53840
0x00007f1158bfe720:   0000000000000000 00bf6d4fa79e2d00
0x00007f1158bfe730:   0000000000000000 0000000000000000
0x00007f1158bfe740:   00007f115402a800 0000000000000000
0x00007f1158bfe750:   00007f1158bfe8e0 0000000000000000
0x00007f1158bfe760:   00007f10c840c4c0 00007f112ad4049f
0x00007f1158bfe770:   0000000000000000 0000000000000000
0x00007f1158bfe780:   0000000000000000 0000000000000000
0x00007f1158bfe790:   0000000000000000 00000007f11541cf
0x00007f1158bfe7a0:   00007f1158bfe7c0 00007f115402a830
0x00007f1158bfe7b0:   00007f1158bfe7e0 00007f11540032b0
0x00007f1158bfe7c0:   00007f1158bfe8e0 00007f115402a830
0x00007f1158bfe7d0:   00007f1158bfe810 00007f11594e9aab
0x00007f1158bfe7e0:   00007f10c840c4c0 00007f115402a830
0x00007f1158bfe7f0:   0000000000000000 00007f10c840c4c0
0x00007f1158bfe800:   0000000000000000 00007f10c840c4c0
0x00007f1158bfe810:   00007f1158bfe8e0 00007f115402a830
0x00007f1158bfe820:   00007f1158bfe8a0 00007f1144143b3c
0x00007f1158bfe830:   0000000000000000 00007f10c840c4c0
0x00007f1158bfe840:   00007f1158bfe8a0 00007f1144143821
0x00007f1158bfe850:   00007f11441437db fffffffffffffff7
0x00007f1158bfe860:   00007f10c840c4c0 0000000000000008
0x00007f1158bfe870:   00007f10c840cb88 0000000000000000
0x00007f1158bfe880:   000000062b2819c0 00007f10c840c4c0
0x00007f1158bfe890:   0000000000000000 00007f1158bfe8c0
0x00007f1158bfe8a0:   00007f1158bfe930 00007f114413f284
0x00007f1158bfe8b0:   000000062b2819c0 00007f1144141118
0x00007f1158bfe8c0:   00000007f11541cf 0000000000000000
0x00007f1158bfe8d0:   000000062b280438 00007f11541bb8e0
0x00007f1158bfe8e0:   0000000000000000 fffffffffffffff7
0x00007f1158bfe8f0:   00007f10c84094e9 0000000000000003 

Instructions: (pc=0x00007f112ad4420b)
0x00007f112ad4410b:   15 20 3a 1b 00 48 83 c4 28 c3 ff 15 0d 33 1b 00
0x00007f112ad4411b:   0f 1f 44 00 00 48 83 ec 28 c6 04 24 02 48 89 e6
0x00007f112ad4412b:   e8 f0 44 00 00 31 c0 48 83 c4 28 c3 48 89 c7 ff
0x00007f112ad4413b:   15 f0 39 1b 00 48 83 c4 28 c3 ff 15 dd 32 1b 00
0x00007f112ad4414b:   0f 1f 44 00 00 53 48 83 ec 60 48 89 fb 48 8b 0e
0x00007f112ad4415b:   48 8b 02 48 89 0c 24 48 89 44 24 08 48 8d 15 3a
0x00007f112ad4416b:   40 1b 00 48 8b 12 31 f6 48 83 fa 03 40 0f 95 c6
0x00007f112ad4417b:   ba ff 00 00 00 0f 46 d6 80 fa ff 74 07 0f b6 d2
0x00007f112ad4418b:   85 d2 75 7c 48 89 e0 48 89 44 24 10 48 8d 05 12
0x00007f112ad4419b:   b8 ff ff 48 89 44 24 18 48 8d 4c 24 08 48 89 4c
0x00007f112ad441ab:   24 20 48 89 44 24 28 48 8d 05 bf 05 1a 00 48 89
0x00007f112ad441bb:   44 24 30 48 c7 44 24 38 03 00 00 00 48 c7 44 24
0x00007f112ad441cb:   50 00 00 00 00 48 8d 44 24 10 48 89 44 24 40 48
0x00007f112ad441db:   c7 44 24 48 02 00 00 00 48 8d 15 8e 04 1a 00 48
0x00007f112ad441eb:   8d 7c 24 30 be 03 00 00 00 b9 58 00 00 00 45 31
0x00007f112ad441fb:   c0 ff 15 f6 36 1b 00 48 8b 0c 24 48 8b 44 24 08
0x00007f112ad4420b:   f3 0f 10 01 f3 0f 10 49 04 f3 0f 59 00 f3 0f 59
0x00007f112ad4421b:   48 04 f3 0f 10 51 08 f3 0f 59 50 08 f3 0f 58 c8
0x00007f112ad4422b:   f3 0f 10 41 0c f3 0f 59 40 0c f3 0f 58 d1 f3 0f
0x00007f112ad4423b:   58 c2 f3 0f 11 43 08 48 c7 03 00 00 00 00 48 89
0x00007f112ad4424b:   d8 48 83 c4 60 5b c3 48 89 c7 ff 15 d5 38 1b 00
0x00007f112ad4425b:   48 89 03 48 89 53 08 48 89 d8 48 83 c4 60 5b c3
0x00007f112ad4426b:   ff 15 b7 31 1b 00 66 2e 0f 1f 84 00 00 00 00 00
0x00007f112ad4427b:   0f 1f 44 00 00 66 0f 38 db 46 10 66 0f 38 db 4e
0x00007f112ad4428b:   20 66 0f 38 db 56 30 66 0f 38 db 5e 40 66 0f 38
0x00007f112ad4429b:   db 66 50 66 0f 38 db 6e 60 66 0f 38 db 76 70 66
0x00007f112ad442ab:   0f 38 db be 80 00 00 00 66 44 0f 38 db 86 90 00
0x00007f112ad442bb:   00 00 44 0f 28 0e 44 0f 28 96 a0 00 00 00 44 0f
0x00007f112ad442cb:   29 0f 66 0f 7f 47 10 66 0f 7f 4f 20 66 0f 7f 57
0x00007f112ad442db:   30 66 0f 7f 5f 40 66 0f 7f 67 50 66 0f 7f 6f 60
0x00007f112ad442eb:   66 0f 7f 77 70 66 0f 7f bf 80 00 00 00 66 44 0f
0x00007f112ad442fb:   7f 87 90 00 00 00 44 0f 29 97 a0 00 00 00 c3 66 


Stack slot to memory mapping:

stack at sp + 0 slots: 0x0 is null
stack at sp + 1 slots: 0x00000007f11541cf is an unallocated location in the heap
stack at sp + 2 slots: 0x00007f1158bfe718 is pointing into the stack for thread: 0x00007f115402a830
stack at sp + 3 slots: 0x00007f1159f53840: <offset 0x0000000001353840> in /home/tosic-killer/.jdks/openjdk-22.0.1/lib/server/libjvm.so at 0x00007f1158c00000
stack at sp + 4 slots: 0x0 is null
stack at sp + 5 slots: 0x00bf6d4fa79e2d00 is an unknown value
stack at sp + 6 slots: 0x0 is null
stack at sp + 7 slots: 0x0 is null


---------------  P R O C E S S  ---------------

Threads class SMR info:
_java_thread_list=0x00007f11541b5c10, length=11, elements={
0x00007f115402a830, 0x00007f1154140580, 0x00007f1154141bd0, 0x00007f11541436b0,
0x00007f1154144cf0, 0x00007f1154146290, 0x00007f1154147db0, 0x00007f11541514b0,
0x00007f115416b1b0, 0x00007f11541b2b10, 0x00007f11541b4ed0
}

Java Threads: ( => current thread )
=>0x00007f115402a830 JavaThread "main"                              [_thread_in_native, id=2740311, stack(0x00007f1158b00000,0x00007f1158c00000) (1024K)]
  0x00007f1154140580 JavaThread "Reference Handler"          daemon [_thread_blocked, id=2740328, stack(0x00007f112b7f9000,0x00007f112b8f9000) (1024K)]
  0x00007f1154141bd0 JavaThread "Finalizer"                  daemon [_thread_blocked, id=2740329, stack(0x00007f112b6f9000,0x00007f112b7f9000) (1024K)]
  0x00007f11541436b0 JavaThread "Signal Dispatcher"          daemon [_thread_blocked, id=2740330, stack(0x00007f112b5f9000,0x00007f112b6f9000) (1024K)]
  0x00007f1154144cf0 JavaThread "Service Thread"             daemon [_thread_blocked, id=2740331, stack(0x00007f112b4f9000,0x00007f112b5f9000) (1024K)]
  0x00007f1154146290 JavaThread "Monitor Deflation Thread"   daemon [_thread_blocked, id=2740332, stack(0x00007f112b3f9000,0x00007f112b4f9000) (1024K)]
  0x00007f1154147db0 JavaThread "C2 CompilerThread0"         daemon [_thread_blocked, id=2740333, stack(0x00007f112b2f9000,0x00007f112b3f9000) (1024K)]
  0x00007f11541514b0 JavaThread "C1 CompilerThread0"         daemon [_thread_blocked, id=2740334, stack(0x00007f112b1f9000,0x00007f112b2f9000) (1024K)]
  0x00007f115416b1b0 JavaThread "Common-Cleaner"             daemon [_thread_blocked, id=2740337, stack(0x00007f112b0f9000,0x00007f112b1f9000) (1024K)]
  0x00007f11541b2b10 JavaThread "Monitor Ctrl-Break"         daemon [_thread_in_native, id=2740339, stack(0x00007f112aff9000,0x00007f112b0f9000) (1024K)]
  0x00007f11541b4ed0 JavaThread "Notification Thread"        daemon [_thread_blocked, id=2740340, stack(0x00007f112aef9000,0x00007f112aff9000) (1024K)]
Total: 11

Other Threads:
  0x00007f1154131e50 VMThread "VM Thread"                           [id=2740327, stack(0x00007f112b8fa000,0x00007f112b9fa000) (1024K)]
  0x00007f1154117cb0 WatcherThread "VM Periodic Task Thread"        [id=2740326, stack(0x00007f112b9fb000,0x00007f112bafb000) (1024K)]
  0x00007f1154055c40 WorkerThread "GC Thread#0"                     [id=2740312, stack(0x00007f1132b00000,0x00007f1132c00000) (1024K)]
  0x00007f1154066c80 ConcurrentGCThread "G1 Main Marker"            [id=2740313, stack(0x00007f11329ff000,0x00007f1132aff000) (1024K)]
  0x00007f1154067c20 WorkerThread "G1 Conc#0"                       [id=2740314, stack(0x00007f11328fe000,0x00007f11329fe000) (1024K)]
  0x00007f1154105500 ConcurrentGCThread "G1 Refine#0"               [id=2740315, stack(0x00007f112bbfd000,0x00007f112bcfd000) (1024K)]
  0x00007f11541064c0 ConcurrentGCThread "G1 Service"                [id=2740316, stack(0x00007f112bafc000,0x00007f112bbfc000) (1024K)]
Total: 7

Threads with active compile tasks:
Total: 0

VM state: not at safepoint (normal execution)

VM Mutex/Monitor currently owned by a thread: None

Heap address: 0x000000060bc00000, size: 8004 MB, Compressed Oops mode: Zero based, Oop shift amount: 3

CDS archive(s) mapped at: [0x00007f10d2000000-0x00007f10d2c74000-0x00007f10d2c74000), size 13058048, SharedBaseAddress: 0x00007f10d2000000, ArchiveRelocationMode: 1.
Compressed class space mapped at: 0x00007f10d3000000-0x00007f1113000000, reserved size: 1073741824
Narrow klass base: 0x00007f10d2000000, Narrow klass shift: 0, Narrow klass range: 0x100000000

GC Precious Log:
 CardTable entry size: 512
 Card Set container configuration: InlinePtr #cards 4 size 8 Array Of Cards #cards 32 size 80 Howl #buckets 8 coarsen threshold 7372 Howl Bitmap #cards 1024 size 144 coarsen threshold 921 Card regions per heap region 1 cards per card region 8192
 CPUs: 32 total, 12 available
 Memory: 32006M
 Large Page Support: Disabled
 NUMA Support: Disabled
 Compressed Oops: Enabled (Zero based)
 Heap Region Size: 4M
 Heap Min Capacity: 8M
 Heap Initial Capacity: 504M
 Heap Max Capacity: 8004M
 Pre-touch: Disabled
 Parallel Workers: 10
 Concurrent Workers: 3
 Concurrent Refinement Workers: 10
 Periodic GC: Disabled

Heap:
 garbage-first heap   total reserved 8196096K, committed 520192K, used 1057K [0x000000060bc00000, 0x0000000800000000)
  region size 4096K, 1 young (4096K), 0 survivors (0K)
 Metaspace       used 825K, committed 1024K, reserved 1114112K
  class space    used 66K, committed 128K, reserved 1048576K

Heap Regions: E=young(eden), S=young(survivor), O=old, HS=humongous(starts), HC=humongous(continues), CS=collection set, F=free, TAMS=top-at-mark-start, PB=parsable bottom
|   0|0x000000060bc00000, 0x000000060bc00000, 0x000000060c000000|  0%| F|  |TAMS 0x000000060bc00000| PB 0x000000060bc00000| Untracked |  0
|   1|0x000000060c000000, 0x000000060c000000, 0x000000060c400000|  0%| F|  |TAMS 0x000000060c000000| PB 0x000000060c000000| Untracked |  0
|   2|0x000000060c400000, 0x000000060c400000, 0x000000060c800000|  0%| F|  |TAMS 0x000000060c400000| PB 0x000000060c400000| Untracked |  0
|   3|0x000000060c800000, 0x000000060c800000, 0x000000060cc00000|  0%| F|  |TAMS 0x000000060c800000| PB 0x000000060c800000| Untracked |  0
|   4|0x000000060cc00000, 0x000000060cc00000, 0x000000060d000000|  0%| F|  |TAMS 0x000000060cc00000| PB 0x000000060cc00000| Untracked |  0
|   5|0x000000060d000000, 0x000000060d000000, 0x000000060d400000|  0%| F|  |TAMS 0x000000060d000000| PB 0x000000060d000000| Untracked |  0
|   6|0x000000060d400000, 0x000000060d400000, 0x000000060d800000|  0%| F|  |TAMS 0x000000060d400000| PB 0x000000060d400000| Untracked |  0
|   7|0x000000060d800000, 0x000000060d800000, 0x000000060dc00000|  0%| F|  |TAMS 0x000000060d800000| PB 0x000000060d800000| Untracked |  0
|   8|0x000000060dc00000, 0x000000060dc00000, 0x000000060e000000|  0%| F|  |TAMS 0x000000060dc00000| PB 0x000000060dc00000| Untracked |  0
|   9|0x000000060e000000, 0x000000060e000000, 0x000000060e400000|  0%| F|  |TAMS 0x000000060e000000| PB 0x000000060e000000| Untracked |  0
|  10|0x000000060e400000, 0x000000060e400000, 0x000000060e800000|  0%| F|  |TAMS 0x000000060e400000| PB 0x000000060e400000| Untracked |  0
|  11|0x000000060e800000, 0x000000060e800000, 0x000000060ec00000|  0%| F|  |TAMS 0x000000060e800000| PB 0x000000060e800000| Untracked |  0
|  12|0x000000060ec00000, 0x000000060ec00000, 0x000000060f000000|  0%| F|  |TAMS 0x000000060ec00000| PB 0x000000060ec00000| Untracked |  0
|  13|0x000000060f000000, 0x000000060f000000, 0x000000060f400000|  0%| F|  |TAMS 0x000000060f000000| PB 0x000000060f000000| Untracked |  0
|  14|0x000000060f400000, 0x000000060f400000, 0x000000060f800000|  0%| F|  |TAMS 0x000000060f400000| PB 0x000000060f400000| Untracked |  0
|  15|0x000000060f800000, 0x000000060f800000, 0x000000060fc00000|  0%| F|  |TAMS 0x000000060f800000| PB 0x000000060f800000| Untracked |  0
|  16|0x000000060fc00000, 0x000000060fc00000, 0x0000000610000000|  0%| F|  |TAMS 0x000000060fc00000| PB 0x000000060fc00000| Untracked |  0
|  17|0x0000000610000000, 0x0000000610000000, 0x0000000610400000|  0%| F|  |TAMS 0x0000000610000000| PB 0x0000000610000000| Untracked |  0
|  18|0x0000000610400000, 0x0000000610400000, 0x0000000610800000|  0%| F|  |TAMS 0x0000000610400000| PB 0x0000000610400000| Untracked |  0
|  19|0x0000000610800000, 0x0000000610800000, 0x0000000610c00000|  0%| F|  |TAMS 0x0000000610800000| PB 0x0000000610800000| Untracked |  0
|  20|0x0000000610c00000, 0x0000000610c00000, 0x0000000611000000|  0%| F|  |TAMS 0x0000000610c00000| PB 0x0000000610c00000| Untracked |  0
|  21|0x0000000611000000, 0x0000000611000000, 0x0000000611400000|  0%| F|  |TAMS 0x0000000611000000| PB 0x0000000611000000| Untracked |  0
|  22|0x0000000611400000, 0x0000000611400000, 0x0000000611800000|  0%| F|  |TAMS 0x0000000611400000| PB 0x0000000611400000| Untracked |  0
|  23|0x0000000611800000, 0x0000000611800000, 0x0000000611c00000|  0%| F|  |TAMS 0x0000000611800000| PB 0x0000000611800000| Untracked |  0
|  24|0x0000000611c00000, 0x0000000611c00000, 0x0000000612000000|  0%| F|  |TAMS 0x0000000611c00000| PB 0x0000000611c00000| Untracked |  0
|  25|0x0000000612000000, 0x0000000612000000, 0x0000000612400000|  0%| F|  |TAMS 0x0000000612000000| PB 0x0000000612000000| Untracked |  0
|  26|0x0000000612400000, 0x0000000612400000, 0x0000000612800000|  0%| F|  |TAMS 0x0000000612400000| PB 0x0000000612400000| Untracked |  0
|  27|0x0000000612800000, 0x0000000612800000, 0x0000000612c00000|  0%| F|  |TAMS 0x0000000612800000| PB 0x0000000612800000| Untracked |  0
|  28|0x0000000612c00000, 0x0000000612c00000, 0x0000000613000000|  0%| F|  |TAMS 0x0000000612c00000| PB 0x0000000612c00000| Untracked |  0
|  29|0x0000000613000000, 0x0000000613000000, 0x0000000613400000|  0%| F|  |TAMS 0x0000000613000000| PB 0x0000000613000000| Untracked |  0
|  30|0x0000000613400000, 0x0000000613400000, 0x0000000613800000|  0%| F|  |TAMS 0x0000000613400000| PB 0x0000000613400000| Untracked |  0
|  31|0x0000000613800000, 0x0000000613800000, 0x0000000613c00000|  0%| F|  |TAMS 0x0000000613800000| PB 0x0000000613800000| Untracked |  0
|  32|0x0000000613c00000, 0x0000000613c00000, 0x0000000614000000|  0%| F|  |TAMS 0x0000000613c00000| PB 0x0000000613c00000| Untracked |  0
|  33|0x0000000614000000, 0x0000000614000000, 0x0000000614400000|  0%| F|  |TAMS 0x0000000614000000| PB 0x0000000614000000| Untracked |  0
|  34|0x0000000614400000, 0x0000000614400000, 0x0000000614800000|  0%| F|  |TAMS 0x0000000614400000| PB 0x0000000614400000| Untracked |  0
|  35|0x0000000614800000, 0x0000000614800000, 0x0000000614c00000|  0%| F|  |TAMS 0x0000000614800000| PB 0x0000000614800000| Untracked |  0
|  36|0x0000000614c00000, 0x0000000614c00000, 0x0000000615000000|  0%| F|  |TAMS 0x0000000614c00000| PB 0x0000000614c00000| Untracked |  0
|  37|0x0000000615000000, 0x0000000615000000, 0x0000000615400000|  0%| F|  |TAMS 0x0000000615000000| PB 0x0000000615000000| Untracked |  0
|  38|0x0000000615400000, 0x0000000615400000, 0x0000000615800000|  0%| F|  |TAMS 0x0000000615400000| PB 0x0000000615400000| Untracked |  0
|  39|0x0000000615800000, 0x0000000615800000, 0x0000000615c00000|  0%| F|  |TAMS 0x0000000615800000| PB 0x0000000615800000| Untracked |  0
|  40|0x0000000615c00000, 0x0000000615c00000, 0x0000000616000000|  0%| F|  |TAMS 0x0000000615c00000| PB 0x0000000615c00000| Untracked |  0
|  41|0x0000000616000000, 0x0000000616000000, 0x0000000616400000|  0%| F|  |TAMS 0x0000000616000000| PB 0x0000000616000000| Untracked |  0
|  42|0x0000000616400000, 0x0000000616400000, 0x0000000616800000|  0%| F|  |TAMS 0x0000000616400000| PB 0x0000000616400000| Untracked |  0
|  43|0x0000000616800000, 0x0000000616800000, 0x0000000616c00000|  0%| F|  |TAMS 0x0000000616800000| PB 0x0000000616800000| Untracked |  0
|  44|0x0000000616c00000, 0x0000000616c00000, 0x0000000617000000|  0%| F|  |TAMS 0x0000000616c00000| PB 0x0000000616c00000| Untracked |  0
|  45|0x0000000617000000, 0x0000000617000000, 0x0000000617400000|  0%| F|  |TAMS 0x0000000617000000| PB 0x0000000617000000| Untracked |  0
|  46|0x0000000617400000, 0x0000000617400000, 0x0000000617800000|  0%| F|  |TAMS 0x0000000617400000| PB 0x0000000617400000| Untracked |  0
|  47|0x0000000617800000, 0x0000000617800000, 0x0000000617c00000|  0%| F|  |TAMS 0x0000000617800000| PB 0x0000000617800000| Untracked |  0
|  48|0x0000000617c00000, 0x0000000617c00000, 0x0000000618000000|  0%| F|  |TAMS 0x0000000617c00000| PB 0x0000000617c00000| Untracked |  0
|  49|0x0000000618000000, 0x0000000618000000, 0x0000000618400000|  0%| F|  |TAMS 0x0000000618000000| PB 0x0000000618000000| Untracked |  0
|  50|0x0000000618400000, 0x0000000618400000, 0x0000000618800000|  0%| F|  |TAMS 0x0000000618400000| PB 0x0000000618400000| Untracked |  0
|  51|0x0000000618800000, 0x0000000618800000, 0x0000000618c00000|  0%| F|  |TAMS 0x0000000618800000| PB 0x0000000618800000| Untracked |  0
|  52|0x0000000618c00000, 0x0000000618c00000, 0x0000000619000000|  0%| F|  |TAMS 0x0000000618c00000| PB 0x0000000618c00000| Untracked |  0
|  53|0x0000000619000000, 0x0000000619000000, 0x0000000619400000|  0%| F|  |TAMS 0x0000000619000000| PB 0x0000000619000000| Untracked |  0
|  54|0x0000000619400000, 0x0000000619400000, 0x0000000619800000|  0%| F|  |TAMS 0x0000000619400000| PB 0x0000000619400000| Untracked |  0
|  55|0x0000000619800000, 0x0000000619800000, 0x0000000619c00000|  0%| F|  |TAMS 0x0000000619800000| PB 0x0000000619800000| Untracked |  0
|  56|0x0000000619c00000, 0x0000000619c00000, 0x000000061a000000|  0%| F|  |TAMS 0x0000000619c00000| PB 0x0000000619c00000| Untracked |  0
|  57|0x000000061a000000, 0x000000061a000000, 0x000000061a400000|  0%| F|  |TAMS 0x000000061a000000| PB 0x000000061a000000| Untracked |  0
|  58|0x000000061a400000, 0x000000061a400000, 0x000000061a800000|  0%| F|  |TAMS 0x000000061a400000| PB 0x000000061a400000| Untracked |  0
|  59|0x000000061a800000, 0x000000061a800000, 0x000000061ac00000|  0%| F|  |TAMS 0x000000061a800000| PB 0x000000061a800000| Untracked |  0
|  60|0x000000061ac00000, 0x000000061ac00000, 0x000000061b000000|  0%| F|  |TAMS 0x000000061ac00000| PB 0x000000061ac00000| Untracked |  0
|  61|0x000000061b000000, 0x000000061b000000, 0x000000061b400000|  0%| F|  |TAMS 0x000000061b000000| PB 0x000000061b000000| Untracked |  0
|  62|0x000000061b400000, 0x000000061b400000, 0x000000061b800000|  0%| F|  |TAMS 0x000000061b400000| PB 0x000000061b400000| Untracked |  0
|  63|0x000000061b800000, 0x000000061b800000, 0x000000061bc00000|  0%| F|  |TAMS 0x000000061b800000| PB 0x000000061b800000| Untracked |  0
|  64|0x000000061bc00000, 0x000000061bc00000, 0x000000061c000000|  0%| F|  |TAMS 0x000000061bc00000| PB 0x000000061bc00000| Untracked |  0
|  65|0x000000061c000000, 0x000000061c000000, 0x000000061c400000|  0%| F|  |TAMS 0x000000061c000000| PB 0x000000061c000000| Untracked |  0
|  66|0x000000061c400000, 0x000000061c400000, 0x000000061c800000|  0%| F|  |TAMS 0x000000061c400000| PB 0x000000061c400000| Untracked |  0
|  67|0x000000061c800000, 0x000000061c800000, 0x000000061cc00000|  0%| F|  |TAMS 0x000000061c800000| PB 0x000000061c800000| Untracked |  0
|  68|0x000000061cc00000, 0x000000061cc00000, 0x000000061d000000|  0%| F|  |TAMS 0x000000061cc00000| PB 0x000000061cc00000| Untracked |  0
|  69|0x000000061d000000, 0x000000061d000000, 0x000000061d400000|  0%| F|  |TAMS 0x000000061d000000| PB 0x000000061d000000| Untracked |  0
|  70|0x000000061d400000, 0x000000061d400000, 0x000000061d800000|  0%| F|  |TAMS 0x000000061d400000| PB 0x000000061d400000| Untracked |  0
|  71|0x000000061d800000, 0x000000061d800000, 0x000000061dc00000|  0%| F|  |TAMS 0x000000061d800000| PB 0x000000061d800000| Untracked |  0
|  72|0x000000061dc00000, 0x000000061dc00000, 0x000000061e000000|  0%| F|  |TAMS 0x000000061dc00000| PB 0x000000061dc00000| Untracked |  0
|  73|0x000000061e000000, 0x000000061e000000, 0x000000061e400000|  0%| F|  |TAMS 0x000000061e000000| PB 0x000000061e000000| Untracked |  0
|  74|0x000000061e400000, 0x000000061e400000, 0x000000061e800000|  0%| F|  |TAMS 0x000000061e400000| PB 0x000000061e400000| Untracked |  0
|  75|0x000000061e800000, 0x000000061e800000, 0x000000061ec00000|  0%| F|  |TAMS 0x000000061e800000| PB 0x000000061e800000| Untracked |  0
|  76|0x000000061ec00000, 0x000000061ec00000, 0x000000061f000000|  0%| F|  |TAMS 0x000000061ec00000| PB 0x000000061ec00000| Untracked |  0
|  77|0x000000061f000000, 0x000000061f000000, 0x000000061f400000|  0%| F|  |TAMS 0x000000061f000000| PB 0x000000061f000000| Untracked |  0
|  78|0x000000061f400000, 0x000000061f400000, 0x000000061f800000|  0%| F|  |TAMS 0x000000061f400000| PB 0x000000061f400000| Untracked |  0
|  79|0x000000061f800000, 0x000000061f800000, 0x000000061fc00000|  0%| F|  |TAMS 0x000000061f800000| PB 0x000000061f800000| Untracked |  0
|  80|0x000000061fc00000, 0x000000061fc00000, 0x0000000620000000|  0%| F|  |TAMS 0x000000061fc00000| PB 0x000000061fc00000| Untracked |  0
|  81|0x0000000620000000, 0x0000000620000000, 0x0000000620400000|  0%| F|  |TAMS 0x0000000620000000| PB 0x0000000620000000| Untracked |  0
|  82|0x0000000620400000, 0x0000000620400000, 0x0000000620800000|  0%| F|  |TAMS 0x0000000620400000| PB 0x0000000620400000| Untracked |  0
|  83|0x0000000620800000, 0x0000000620800000, 0x0000000620c00000|  0%| F|  |TAMS 0x0000000620800000| PB 0x0000000620800000| Untracked |  0
|  84|0x0000000620c00000, 0x0000000620c00000, 0x0000000621000000|  0%| F|  |TAMS 0x0000000620c00000| PB 0x0000000620c00000| Untracked |  0
|  85|0x0000000621000000, 0x0000000621000000, 0x0000000621400000|  0%| F|  |TAMS 0x0000000621000000| PB 0x0000000621000000| Untracked |  0
|  86|0x0000000621400000, 0x0000000621400000, 0x0000000621800000|  0%| F|  |TAMS 0x0000000621400000| PB 0x0000000621400000| Untracked |  0
|  87|0x0000000621800000, 0x0000000621800000, 0x0000000621c00000|  0%| F|  |TAMS 0x0000000621800000| PB 0x0000000621800000| Untracked |  0
|  88|0x0000000621c00000, 0x0000000621c00000, 0x0000000622000000|  0%| F|  |TAMS 0x0000000621c00000| PB 0x0000000621c00000| Untracked |  0
|  89|0x0000000622000000, 0x0000000622000000, 0x0000000622400000|  0%| F|  |TAMS 0x0000000622000000| PB 0x0000000622000000| Untracked |  0
|  90|0x0000000622400000, 0x0000000622400000, 0x0000000622800000|  0%| F|  |TAMS 0x0000000622400000| PB 0x0000000622400000| Untracked |  0
|  91|0x0000000622800000, 0x0000000622800000, 0x0000000622c00000|  0%| F|  |TAMS 0x0000000622800000| PB 0x0000000622800000| Untracked |  0
|  92|0x0000000622c00000, 0x0000000622c00000, 0x0000000623000000|  0%| F|  |TAMS 0x0000000622c00000| PB 0x0000000622c00000| Untracked |  0
|  93|0x0000000623000000, 0x0000000623000000, 0x0000000623400000|  0%| F|  |TAMS 0x0000000623000000| PB 0x0000000623000000| Untracked |  0
|  94|0x0000000623400000, 0x0000000623400000, 0x0000000623800000|  0%| F|  |TAMS 0x0000000623400000| PB 0x0000000623400000| Untracked |  0
|  95|0x0000000623800000, 0x0000000623800000, 0x0000000623c00000|  0%| F|  |TAMS 0x0000000623800000| PB 0x0000000623800000| Untracked |  0
|  96|0x0000000623c00000, 0x0000000623c00000, 0x0000000624000000|  0%| F|  |TAMS 0x0000000623c00000| PB 0x0000000623c00000| Untracked |  0
|  97|0x0000000624000000, 0x0000000624000000, 0x0000000624400000|  0%| F|  |TAMS 0x0000000624000000| PB 0x0000000624000000| Untracked |  0
|  98|0x0000000624400000, 0x0000000624400000, 0x0000000624800000|  0%| F|  |TAMS 0x0000000624400000| PB 0x0000000624400000| Untracked |  0
|  99|0x0000000624800000, 0x0000000624800000, 0x0000000624c00000|  0%| F|  |TAMS 0x0000000624800000| PB 0x0000000624800000| Untracked |  0
| 100|0x0000000624c00000, 0x0000000624c00000, 0x0000000625000000|  0%| F|  |TAMS 0x0000000624c00000| PB 0x0000000624c00000| Untracked |  0
| 101|0x0000000625000000, 0x0000000625000000, 0x0000000625400000|  0%| F|  |TAMS 0x0000000625000000| PB 0x0000000625000000| Untracked |  0
| 102|0x0000000625400000, 0x0000000625400000, 0x0000000625800000|  0%| F|  |TAMS 0x0000000625400000| PB 0x0000000625400000| Untracked |  0
| 103|0x0000000625800000, 0x0000000625800000, 0x0000000625c00000|  0%| F|  |TAMS 0x0000000625800000| PB 0x0000000625800000| Untracked |  0
| 104|0x0000000625c00000, 0x0000000625c00000, 0x0000000626000000|  0%| F|  |TAMS 0x0000000625c00000| PB 0x0000000625c00000| Untracked |  0
| 105|0x0000000626000000, 0x0000000626000000, 0x0000000626400000|  0%| F|  |TAMS 0x0000000626000000| PB 0x0000000626000000| Untracked |  0
| 106|0x0000000626400000, 0x0000000626400000, 0x0000000626800000|  0%| F|  |TAMS 0x0000000626400000| PB 0x0000000626400000| Untracked |  0
| 107|0x0000000626800000, 0x0000000626800000, 0x0000000626c00000|  0%| F|  |TAMS 0x0000000626800000| PB 0x0000000626800000| Untracked |  0
| 108|0x0000000626c00000, 0x0000000626c00000, 0x0000000627000000|  0%| F|  |TAMS 0x0000000626c00000| PB 0x0000000626c00000| Untracked |  0
| 109|0x0000000627000000, 0x0000000627000000, 0x0000000627400000|  0%| F|  |TAMS 0x0000000627000000| PB 0x0000000627000000| Untracked |  0
| 110|0x0000000627400000, 0x0000000627400000, 0x0000000627800000|  0%| F|  |TAMS 0x0000000627400000| PB 0x0000000627400000| Untracked |  0
| 111|0x0000000627800000, 0x0000000627800000, 0x0000000627c00000|  0%| F|  |TAMS 0x0000000627800000| PB 0x0000000627800000| Untracked |  0
| 112|0x0000000627c00000, 0x0000000627c00000, 0x0000000628000000|  0%| F|  |TAMS 0x0000000627c00000| PB 0x0000000627c00000| Untracked |  0
| 113|0x0000000628000000, 0x0000000628000000, 0x0000000628400000|  0%| F|  |TAMS 0x0000000628000000| PB 0x0000000628000000| Untracked |  0
| 114|0x0000000628400000, 0x0000000628400000, 0x0000000628800000|  0%| F|  |TAMS 0x0000000628400000| PB 0x0000000628400000| Untracked |  0
| 115|0x0000000628800000, 0x0000000628800000, 0x0000000628c00000|  0%| F|  |TAMS 0x0000000628800000| PB 0x0000000628800000| Untracked |  0
| 116|0x0000000628c00000, 0x0000000628c00000, 0x0000000629000000|  0%| F|  |TAMS 0x0000000628c00000| PB 0x0000000628c00000| Untracked |  0
| 117|0x0000000629000000, 0x0000000629000000, 0x0000000629400000|  0%| F|  |TAMS 0x0000000629000000| PB 0x0000000629000000| Untracked |  0
| 118|0x0000000629400000, 0x0000000629400000, 0x0000000629800000|  0%| F|  |TAMS 0x0000000629400000| PB 0x0000000629400000| Untracked |  0
| 119|0x0000000629800000, 0x0000000629800000, 0x0000000629c00000|  0%| F|  |TAMS 0x0000000629800000| PB 0x0000000629800000| Untracked |  0
| 120|0x0000000629c00000, 0x0000000629c00000, 0x000000062a000000|  0%| F|  |TAMS 0x0000000629c00000| PB 0x0000000629c00000| Untracked |  0
| 121|0x000000062a000000, 0x000000062a000000, 0x000000062a400000|  0%| F|  |TAMS 0x000000062a000000| PB 0x000000062a000000| Untracked |  0
| 122|0x000000062a400000, 0x000000062a400000, 0x000000062a800000|  0%| F|  |TAMS 0x000000062a400000| PB 0x000000062a400000| Untracked |  0
| 123|0x000000062a800000, 0x000000062a800000, 0x000000062ac00000|  0%| F|  |TAMS 0x000000062a800000| PB 0x000000062a800000| Untracked |  0
| 124|0x000000062ac00000, 0x000000062ac00000, 0x000000062b000000|  0%| F|  |TAMS 0x000000062ac00000| PB 0x000000062ac00000| Untracked |  0
| 125|0x000000062b000000, 0x000000062b35c3b8, 0x000000062b400000| 84%| E|  |TAMS 0x000000062b000000| PB 0x000000062b000000| Complete |  0
|2000|0x00000007ffc00000, 0x00000007ffd086c8, 0x0000000800000000| 25%| O|  |TAMS 0x00000007ffc00000| PB 0x00000007ffc00000| Untracked |  0

Card table byte_map: [0x00007f113aa00000,0x00007f113b9a2000] _byte_map_base: 0x00007f11379a2000

Marking Bits: (CMBitMap*) 0x00007f1154056770
 Bits: [0x00007f1132c00000, 0x00007f113a910000)

Polling page: 0x00007f115a42b000

Metaspace:

Usage:
  Non-class:    759,18 KB used.
      Class:     66,32 KB used.
       Both:    825,50 KB used.

Virtual space:
  Non-class space:       64,00 MB reserved,     896,00 KB (  1%) committed,  1 nodes.
      Class space:        1,00 GB reserved,     128,00 KB ( <1%) committed,  1 nodes.
             Both:        1,06 GB reserved,       1,00 MB ( <1%) committed. 

Chunk freelists:
   Non-Class:  11,94 MB
       Class:  15,73 MB
        Both:  27,67 MB

MaxMetaspaceSize: unlimited
CompressedClassSpaceSize: 1,00 GB
Initial GC threshold: 21,00 MB
Current GC threshold: 21,00 MB
CDS: on
 - commit_granule_bytes: 65536.
 - commit_granule_words: 8192.
 - virtual_space_node_default_size: 8388608.
 - enlarge_chunks_in_place: 1.
 - use_allocation_guard: 0.


Internal statistics:

num_allocs_failed_limit: 0.
num_arena_births: 24.
num_arena_deaths: 0.
num_vsnodes_births: 2.
num_vsnodes_deaths: 0.
num_space_committed: 16.
num_space_uncommitted: 0.
num_chunks_returned_to_freelist: 0.
num_chunks_taken_from_freelist: 30.
num_chunk_merges: 0.
num_chunk_splits: 20.
num_chunks_enlarged: 13.
num_inconsistent_stats: 0.

CodeHeap 'non-profiled nmethods': size=120028Kb used=77Kb max_used=77Kb free=119951Kb
 bounds [0x00007f11446c9000, 0x00007f1144939000, 0x00007f114bc00000]
CodeHeap 'profiled nmethods': size=120028Kb used=237Kb max_used=237Kb free=119790Kb
 bounds [0x00007f113cc00000, 0x00007f113ce70000, 0x00007f1144137000]
CodeHeap 'non-nmethods': size=5704Kb used=1295Kb max_used=1296Kb free=4408Kb
 bounds [0x00007f1144137000, 0x00007f11443a7000, 0x00007f11446c9000]
 total_blobs=648 nmethods=228 adapters=326
 compilation: enabled
              stopped_count=0, restarted_count=0
 full_count=0

Compilation events (20 events):
Event: 0,053 Thread 0x00007f11541514b0  206       3       jdk.internal.org.objectweb.asm.ByteVector::putByte (39 bytes)
Event: 0,053 Thread 0x00007f11541514b0 nmethod 206 0x00007f113cc37210 code [0x00007f113cc373c0, 0x00007f113cc375a0]
Event: 0,053 Thread 0x00007f11541514b0  207       1       java.lang.invoke.MethodTypeForm::parameterSlotCount (5 bytes)
Event: 0,053 Thread 0x00007f11541514b0 nmethod 207 0x00007f11446da290 code [0x00007f11446da420, 0x00007f11446da4e0]
Event: 0,053 Thread 0x00007f11541514b0  211       3       java.lang.AbstractStringBuilder::isLatin1 (19 bytes)
Event: 0,053 Thread 0x00007f11541514b0 nmethod 211 0x00007f113cc37710 code [0x00007f113cc378a0, 0x00007f113cc37a08]
Event: 0,053 Thread 0x00007f11541514b0  212       1       java.lang.invoke.MethodTypeForm::erasedType (5 bytes)
Event: 0,054 Thread 0x00007f11541514b0 nmethod 212 0x00007f11446da590 code [0x00007f11446da720, 0x00007f11446da7e8]
Event: 0,054 Thread 0x00007f1154147db0  213       4       java.lang.String::charAt (25 bytes)
Event: 0,055 Thread 0x00007f1154147db0 nmethod 213 0x00007f11446da890 code [0x00007f11446daa20, 0x00007f11446dab38]
Event: 0,056 Thread 0x00007f11541514b0  214       3       java.lang.System::getSecurityManager (12 bytes)
Event: 0,056 Thread 0x00007f11541514b0 nmethod 214 0x00007f113cc37a90 code [0x00007f113cc37c20, 0x00007f113cc37d88]
Event: 0,056 Thread 0x00007f11541514b0  216       3       java.lang.invoke.LambdaForm::argument (27 bytes)
Event: 0,056 Thread 0x00007f11541514b0 nmethod 216 0x00007f113cc37e10 code [0x00007f113cc37fc0, 0x00007f113cc38230]
Event: 0,056 Thread 0x00007f11541514b0  217       3       java.lang.invoke.LambdaForm$Name::initIndex (26 bytes)
Event: 0,056 Thread 0x00007f11541514b0 nmethod 217 0x00007f113cc38390 code [0x00007f113cc38520, 0x00007f113cc386c0]
Event: 0,058 Thread 0x00007f11541514b0  218       3       java.lang.StringLatin1::newString (24 bytes)
Event: 0,059 Thread 0x00007f11541514b0 nmethod 218 0x00007f113cc38790 code [0x00007f113cc38940, 0x00007f113cc38c60]
Event: 0,059 Thread 0x00007f1154147db0  220       4       java.lang.Object::<init> (1 bytes)
Event: 0,059 Thread 0x00007f11541514b0  219       3       java.lang.StringLatin1::lastIndexOf (40 bytes)

GC Heap History (0 events):
No events

Dll operation events (8 events):
Event: 0,001 Loaded shared library /home/tosic-killer/.jdks/openjdk-22.0.1/lib/libjava.so
Event: 0,017 Loaded shared library /home/tosic-killer/.jdks/openjdk-22.0.1/lib/libjsvml.so
Event: 0,043 Loaded shared library /home/tosic-killer/.jdks/openjdk-22.0.1/lib/libzip.so
Event: 0,045 Loaded shared library /home/tosic-killer/.jdks/openjdk-22.0.1/lib/libinstrument.so
Event: 0,046 Loaded shared library /home/tosic-killer/.jdks/openjdk-22.0.1/lib/libnio.so
Event: 0,049 Loaded shared library /home/tosic-killer/.jdks/openjdk-22.0.1/lib/libzip.so
Event: 0,056 Loaded shared library /home/tosic-killer/.jdks/openjdk-22.0.1/lib/libnet.so
Event: 0,058 Loaded shared library /home/tosic-killer/RustroverProjects/ffi_testing/bindings/c/libffi_lib_jni.so

Deoptimization events (0 events):
No events

Classes loaded (20 events):
Event: 0,058 Loading class java/net/DelegatingSocketImpl
Event: 0,058 Loading class java/net/DelegatingSocketImpl done
Event: 0,058 Loading class java/net/SocksSocketImpl done
Event: 0,058 Loading class sun/nio/ch/Net
Event: 0,058 Loading class sun/nio/ch/Net done
Event: 0,059 Loading class sun/nio/ch/Net$1
Event: 0,059 Loading class java/net/ProtocolFamily
Event: 0,059 Loading class java/net/ProtocolFamily done
Event: 0,059 Loading class sun/nio/ch/Net$1 done
Event: 0,059 Loading class sun/net/ext/ExtendedSocketOptions
Event: 0,059 Loading class sun/net/ext/ExtendedSocketOptions done
Event: 0,059 Loading class jdk/net/ExtendedSocketOptions
Event: 0,059 Loading class jdk/net/ExtendedSocketOptions done
Event: 0,059 Loading class jdk/net/ExtendedSocketOptions$ExtSocketOption
Event: 0,059 Loading class java/net/SocketOption
Event: 0,059 Loading class java/net/SocketOption done
Event: 0,059 Loading class jdk/net/ExtendedSocketOptions$ExtSocketOption done
Event: 0,059 Loading class jdk/net/UnixDomainPrincipal
Event: 0,059 Loading class jdk/net/UnixDomainPrincipal done
Event: 0,059 Loading class jdk/net/ExtendedSocketOptions$PlatformSocketOptions

Classes unloaded (0 events):
No events

Classes redefined (0 events):
No events

Internal exceptions (2 events):
Event: 0,049 Thread 0x00007f115402a830 Exception <a 'java/lang/NoSuchMethodError'{0x000000062b1db298}: 'void java.lang.invoke.DirectMethodHandle$Holder.invokeStatic(java.lang.Object, java.lang.Object, java.lang.Object)'> (0x000000062b1db298) 
thrown [open/src/hotspot/share/interpreter/linkResolver.cpp, line 773]
Event: 0,053 Thread 0x00007f115402a830 Exception <a 'java/lang/NoSuchMethodError'{0x000000062b26dc88}: 'java.lang.Object java.lang.invoke.Invokers$Holder.invokeExact_MT(java.lang.Object, java.lang.Object, java.lang.Object, java.lang.Object, java.lang.Object)'> (0x000000062b26dc88) 
thrown [open/src/hotspot/share/interpreter/linkResolver.cpp, line 773]

ZGC Phase Switch (0 events):
No events

VM Operations (4 events):
Event: 0,034 Executing VM operation: HandshakeAllThreads (Deoptimize)
Event: 0,035 Executing VM operation: HandshakeAllThreads (Deoptimize) done
Event: 0,058 Executing VM operation: HandshakeAllThreads (Deoptimize)
Event: 0,058 Executing VM operation: HandshakeAllThreads (Deoptimize) done

Events (20 events):
Event: 0,016 Thread 0x00007f1154140580 Thread added: 0x00007f1154140580
Event: 0,016 Protecting memory [0x00007f112b7f9000,0x00007f112b7fd000] with protection modes 0
Event: 0,016 Thread 0x00007f1154141bd0 Thread added: 0x00007f1154141bd0
Event: 0,016 Protecting memory [0x00007f112b6f9000,0x00007f112b6fd000] with protection modes 0
Event: 0,016 Thread 0x00007f11541436b0 Thread added: 0x00007f11541436b0
Event: 0,016 Protecting memory [0x00007f112b5f9000,0x00007f112b5fd000] with protection modes 0
Event: 0,016 Thread 0x00007f1154144cf0 Thread added: 0x00007f1154144cf0
Event: 0,016 Protecting memory [0x00007f112b4f9000,0x00007f112b4fd000] with protection modes 0
Event: 0,016 Thread 0x00007f1154146290 Thread added: 0x00007f1154146290
Event: 0,016 Protecting memory [0x00007f112b3f9000,0x00007f112b3fd000] with protection modes 0
Event: 0,016 Thread 0x00007f1154147db0 Thread added: 0x00007f1154147db0
Event: 0,016 Protecting memory [0x00007f112b2f9000,0x00007f112b2fd000] with protection modes 0
Event: 0,016 Thread 0x00007f11541514b0 Thread added: 0x00007f11541514b0
Event: 0,016 Protecting memory [0x00007f112b1f9000,0x00007f112b1fd000] with protection modes 0
Event: 0,029 Thread 0x00007f115416b1b0 Thread added: 0x00007f115416b1b0
Event: 0,029 Protecting memory [0x00007f112b0f9000,0x00007f112b0fd000] with protection modes 0
Event: 0,055 Thread 0x00007f11541b2b10 Thread added: 0x00007f11541b2b10
Event: 0,055 Protecting memory [0x00007f112aff9000,0x00007f112affd000] with protection modes 0
Event: 0,055 Thread 0x00007f11541b4ed0 Thread added: 0x00007f11541b4ed0
Event: 0,055 Protecting memory [0x00007f112aef9000,0x00007f112aefd000] with protection modes 0


Dynamic libraries:
60bc00000-62b400000 rw-p 00000000 00:00 0 
62b400000-7ffc00000 ---p 00000000 00:00 0 
7ffc00000-7ffd09000 rw-p 00cb3000 00:25 5795254                          /home/tosic-killer/.jdks/openjdk-22.0.1/lib/server/classes.jsa
7ffd09000-800000000 rw-p 00000000 00:00 0 
56418296a000-56418296b000 r-xp 00000000 00:25 5794757                    /home/tosic-killer/.jdks/openjdk-22.0.1/bin/java
56418296c000-56418296d000 r--p 00001000 00:25 5794757                    /home/tosic-killer/.jdks/openjdk-22.0.1/bin/java
56418296d000-56418296e000 rw-p 00002000 00:25 5794757                    /home/tosic-killer/.jdks/openjdk-22.0.1/bin/java
564184922000-564184969000 rw-p 00000000 00:00 0                          [heap]
7f1074000000-7f1074021000 rw-p 00000000 00:00 0 
7f1074021000-7f1078000000 ---p 00000000 00:00 0 
7f107c000000-7f107c021000 rw-p 00000000 00:00 0 
7f107c021000-7f1080000000 ---p 00000000 00:00 0 
7f1080000000-7f1080021000 rw-p 00000000 00:00 0 
7f1080021000-7f1084000000 ---p 00000000 00:00 0 
7f1088000000-7f10880c3000 rw-p 00000000 00:00 0 
7f10880c3000-7f108c000000 ---p 00000000 00:00 0 
7f108c000000-7f108c133000 rw-p 00000000 00:00 0 
7f108c133000-7f1090000000 ---p 00000000 00:00 0 
7f1094000000-7f1094021000 rw-p 00000000 00:00 0 
7f1094021000-7f1098000000 ---p 00000000 00:00 0 
7f1098000000-7f1098021000 rw-p 00000000 00:00 0 
7f1098021000-7f109c000000 ---p 00000000 00:00 0 
7f10a0000000-7f10a0021000 rw-p 00000000 00:00 0 
7f10a0021000-7f10a4000000 ---p 00000000 00:00 0 
7f10a4000000-7f10a4021000 rw-p 00000000 00:00 0 
7f10a4021000-7f10a8000000 ---p 00000000 00:00 0 
7f10ac000000-7f10ac021000 rw-p 00000000 00:00 0 
7f10ac021000-7f10b0000000 ---p 00000000 00:00 0 
7f10b2a00000-7f10bfff9000 r--p 00000000 00:25 15729564                   /usr/lib/locale/locale-archive
7f10c0000000-7f10c0021000 rw-p 00000000 00:00 0 
7f10c0021000-7f10c4000000 ---p 00000000 00:00 0 
7f10c8000000-7f10c80c0000 rw-p 00000000 00:00 0 
7f10c80c0000-7f10c8400000 ---p 00000000 00:00 0 
7f10c8400000-7f10c8420000 rw-p 00000000 00:00 0 
7f10c8420000-7f10cc000000 ---p 00000000 00:00 0 
7f10cc000000-7f10cc021000 rw-p 00000000 00:00 0 
7f10cc021000-7f10d0000000 ---p 00000000 00:00 0 
7f10d2000000-7f10d2c74000 rw-p 00001000 00:25 5795254                    /home/tosic-killer/.jdks/openjdk-22.0.1/lib/server/classes.jsa
7f10d2c74000-7f10d3000000 ---p 00000000 00:00 0 
7f10d3000000-7f10d3010000 rw-p 00000000 00:00 0 
7f10d3010000-7f10d3040000 ---p 00000000 00:00 0 
7f10d3040000-7f10d3050000 rw-p 00000000 00:00 0 
7f10d3050000-7f1113000000 ---p 00000000 00:00 0 
7f1114000000-7f1114021000 rw-p 00000000 00:00 0 
7f1114021000-7f1118000000 ---p 00000000 00:00 0 
7f1118000000-7f1118021000 rw-p 00000000 00:00 0 
7f1118021000-7f111c000000 ---p 00000000 00:00 0 
7f1120000000-7f1120021000 rw-p 00000000 00:00 0 
7f1120021000-7f1124000000 ---p 00000000 00:00 0 
7f1124000000-7f1124021000 rw-p 00000000 00:00 0 
7f1124021000-7f1128000000 ---p 00000000 00:00 0 
7f112a400000-7f112a6c3000 rw-p 00000000 00:00 0 
7f112a88a000-7f112aa00000 rw-p 00000000 00:00 0 
7f112aa00000-7f112aa9c000 r--p 00000000 00:25 15730412                   /usr/lib64/libstdc++.so.6.0.32
7f112aa9c000-7f112abc6000 r-xp 0009c000 00:25 15730412                   /usr/lib64/libstdc++.so.6.0.32
7f112abc6000-7f112ac42000 r--p 001c6000 00:25 15730412                   /usr/lib64/libstdc++.so.6.0.32
7f112ac42000-7f112ac4f000 r--p 00242000 00:25 15730412                   /usr/lib64/libstdc++.so.6.0.32
7f112ac4f000-7f112ac50000 rw-p 0024f000 00:25 15730412                   /usr/lib64/libstdc++.so.6.0.32
7f112ac50000-7f112ac54000 rw-p 00000000 00:00 0 
7f112ad16000-7f112ad34000 r--p 00000000 00:25 5791211                    /home/tosic-killer/RustroverProjects/ffi_testing/target/release/libffi_lib.so
7f112ad34000-7f112ae8f000 r-xp 0001e000 00:25 5791211                    /home/tosic-killer/RustroverProjects/ffi_testing/target/release/libffi_lib.so
7f112ae8f000-7f112aee4000 r--p 00179000 00:25 5791211                    /home/tosic-killer/RustroverProjects/ffi_testing/target/release/libffi_lib.so
7f112aee4000-7f112aef8000 r--p 001cd000 00:25 5791211                    /home/tosic-killer/RustroverProjects/ffi_testing/target/release/libffi_lib.so
7f112aef8000-7f112aef9000 rw-p 001e1000 00:25 5791211                    /home/tosic-killer/RustroverProjects/ffi_testing/target/release/libffi_lib.so
7f112aef9000-7f112aefd000 ---p 00000000 00:00 0 
7f112aefd000-7f112aff9000 rw-p 00000000 00:00 0 
7f112aff9000-7f112affd000 ---p 00000000 00:00 0 
7f112affd000-7f112b0f9000 rw-p 00000000 00:00 0 
7f112b0f9000-7f112b0fd000 ---p 00000000 00:00 0 
7f112b0fd000-7f112b1f9000 rw-p 00000000 00:00 0 
7f112b1f9000-7f112b1fd000 ---p 00000000 00:00 0 
7f112b1fd000-7f112b2f9000 rw-p 00000000 00:00 0 
7f112b2f9000-7f112b2fd000 ---p 00000000 00:00 0 
7f112b2fd000-7f112b3f9000 rw-p 00000000 00:00 0 
7f112b3f9000-7f112b3fd000 ---p 00000000 00:00 0 
7f112b3fd000-7f112b4f9000 rw-p 00000000 00:00 0 
7f112b4f9000-7f112b4fd000 ---p 00000000 00:00 0 
7f112b4fd000-7f112b5f9000 rw-p 00000000 00:00 0 
7f112b5f9000-7f112b5fd000 ---p 00000000 00:00 0 
7f112b5fd000-7f112b6f9000 rw-p 00000000 00:00 0 
7f112b6f9000-7f112b6fd000 ---p 00000000 00:00 0 
7f112b6fd000-7f112b7f9000 rw-p 00000000 00:00 0 
7f112b7f9000-7f112b7fd000 ---p 00000000 00:00 0 
7f112b7fd000-7f112b8f9000 rw-p 00000000 00:00 0 
7f112b8f9000-7f112b8fa000 ---p 00000000 00:00 0 
7f112b8fa000-7f112b9fa000 rw-p 00000000 00:00 0 
7f112b9fa000-7f112b9fb000 ---p 00000000 00:00 0 
7f112b9fb000-7f112bafb000 rw-p 00000000 00:00 0 
7f112bafb000-7f112bafc000 ---p 00000000 00:00 0 
7f112bafc000-7f112bbfc000 rw-p 00000000 00:00 0 
7f112bbfc000-7f112bbfd000 ---p 00000000 00:00 0 
7f112bbfd000-7f112bcfd000 rw-p 00000000 00:00 0 
7f112bcfd000-7f112c021000 rw-p 00000000 00:00 0 
7f112c021000-7f1130000000 ---p 00000000 00:00 0 
7f113006d000-7f1132800000 rw-p 00000000 00:00 0 
7f113282d000-7f11328fb000 r-xp 00000000 00:25 5795226                    /home/tosic-killer/.jdks/openjdk-22.0.1/lib/libjsvml.so
7f11328fb000-7f11328fc000 r--p 000cd000 00:25 5795226                    /home/tosic-killer/.jdks/openjdk-22.0.1/lib/libjsvml.so
7f11328fc000-7f11328fd000 rw-p 000ce000 00:25 5795226                    /home/tosic-killer/.jdks/openjdk-22.0.1/lib/libjsvml.so
7f11328fd000-7f11328fe000 ---p 00000000 00:00 0 
7f11328fe000-7f11329fe000 rw-p 00000000 00:00 0 
7f11329fe000-7f11329ff000 ---p 00000000 00:00 0 
7f11329ff000-7f1132aff000 rw-p 00000000 00:00 0 
7f1132aff000-7f1132b00000 ---p 00000000 00:00 0 
7f1132b00000-7f1132c00000 rw-p 00000000 00:00 0 
7f1132c00000-7f11333e0000 rw-p 00000000 00:00 0 
7f11333e0000-7f113a900000 ---p 00000000 00:00 0 
7f113a900000-7f113a910000 rw-p 00000000 00:00 0 
7f113a928000-7f113aafc000 rw-p 00000000 00:00 0 
7f113aafc000-7f113b9a0000 ---p 00000000 00:00 0 
7f113b9a0000-7f113b9a2000 rw-p 00000000 00:00 0 
7f113b9b4000-7f113b9b7000 r--p 00000000 00:25 15729516                   /usr/lib64/libgcc_s-13-20240316.so.1
7f113b9b7000-7f113b9d2000 r-xp 00003000 00:25 15729516                   /usr/lib64/libgcc_s-13-20240316.so.1
7f113b9d2000-7f113b9d6000 r--p 0001e000 00:25 15729516                   /usr/lib64/libgcc_s-13-20240316.so.1
7f113b9d6000-7f113b9d7000 r--p 00021000 00:25 15729516                   /usr/lib64/libgcc_s-13-20240316.so.1
7f113b9d7000-7f113b9d8000 rw-p 00000000 00:00 0 
7f113b9f2000-7f113b9fd000 r-xp 00000000 00:25 5795233                    /home/tosic-killer/.jdks/openjdk-22.0.1/lib/libnet.so
7f113b9fd000-7f113b9fe000 ---p 0000b000 00:25 5795233                    /home/tosic-killer/.jdks/openjdk-22.0.1/lib/libnet.so
7f113b9fe000-7f113b9ff000 r--p 0000b000 00:25 5795233                    /home/tosic-killer/.jdks/openjdk-22.0.1/lib/libnet.so
7f113b9ff000-7f113ba00000 rw-p 0000c000 00:25 5795233                    /home/tosic-killer/.jdks/openjdk-22.0.1/lib/libnet.so
7f113ba00000-7f113bafc000 rw-p 00000000 00:00 0 
7f113bafc000-7f113c9a0000 ---p 00000000 00:00 0 
7f113c9a0000-7f113c9a2000 rw-p 00000000 00:00 0 
7f113c9a2000-7f113cc00000 rw-p 00000000 00:00 0 
7f113cc00000-7f113ce70000 rwxp 00000000 00:00 0 
7f113ce70000-7f1144137000 ---p 00000000 00:00 0 
7f1144137000-7f11443a7000 rwxp 00000000 00:00 0 
7f11443a7000-7f11446c9000 ---p 00000000 00:00 0 
7f11446c9000-7f1144939000 rwxp 00000000 00:00 0 
7f1144939000-7f114bc00000 ---p 00000000 00:00 0 
7f114bc00000-7f1153fb6000 r--s 00000000 00:25 5795244                    /home/tosic-killer/.jdks/openjdk-22.0.1/lib/modules
7f1153fc1000-7f1154286000 rw-p 00000000 00:00 0 
7f1154286000-7f1158000000 ---p 00000000 00:00 0 
7f1158004000-7f115800b000 r--s 00000000 00:25 15817744                   /usr/lib64/gconv/gconv-modules.cache
7f115800b000-7f115801e000 r-xp 00000000 00:25 5795234                    /home/tosic-killer/.jdks/openjdk-22.0.1/lib/libnio.so
7f115801e000-7f115801f000 ---p 00013000 00:25 5795234                    /home/tosic-killer/.jdks/openjdk-22.0.1/lib/libnio.so
7f115801f000-7f1158020000 r--p 00013000 00:25 5795234                    /home/tosic-killer/.jdks/openjdk-22.0.1/lib/libnio.so
7f1158020000-7f1158021000 rw-p 00014000 00:25 5795234                    /home/tosic-killer/.jdks/openjdk-22.0.1/lib/libnio.so
7f1158021000-7f115892f000 rw-p 00000000 00:00 0 
7f115892f000-7f1158a15000 ---p 00000000 00:00 0 
7f1158a15000-7f1158a1a000 rw-p 00000000 00:00 0 
7f1158a1a000-7f1158b00000 ---p 00000000 00:00 0 
7f1158b00000-7f1158b04000 ---p 00000000 00:00 0 
7f1158b04000-7f1158c00000 rw-p 00000000 00:00 0 
7f1158c00000-7f1159f40000 r-xp 00000000 00:25 5795257                    /home/tosic-killer/.jdks/openjdk-22.0.1/lib/server/libjvm.so
7f1159f40000-7f115a00d000 r--p 0133f000 00:25 5795257                    /home/tosic-killer/.jdks/openjdk-22.0.1/lib/server/libjvm.so
7f115a00d000-7f115a03b000 rw-p 0140c000 00:25 5795257                    /home/tosic-killer/.jdks/openjdk-22.0.1/lib/server/libjvm.so
7f115a03b000-7f115a0b1000 rw-p 00000000 00:00 0 
7f115a0b1000-7f115a0b3000 r-xp 00000000 00:25 5795211                    /home/tosic-killer/.jdks/openjdk-22.0.1/lib/libextnet.so
7f115a0b3000-7f115a0b4000 r--p 00001000 00:25 5795211                    /home/tosic-killer/.jdks/openjdk-22.0.1/lib/libextnet.so
7f115a0b4000-7f115a0b5000 rw-p 00002000 00:25 5795211                    /home/tosic-killer/.jdks/openjdk-22.0.1/lib/libextnet.so
7f115a0b5000-7f115a0b8000 r--p 00000000 00:25 5797891                    /home/tosic-killer/RustroverProjects/ffi_testing/bindings/c/libffi_lib_jni.so
7f115a0b8000-7f115a0b9000 r-xp 00003000 00:25 5797891                    /home/tosic-killer/RustroverProjects/ffi_testing/bindings/c/libffi_lib_jni.so
7f115a0b9000-7f115a0ba000 r--p 00004000 00:25 5797891                    /home/tosic-killer/RustroverProjects/ffi_testing/bindings/c/libffi_lib_jni.so
7f115a0ba000-7f115a0bb000 r--p 00004000 00:25 5797891                    /home/tosic-killer/RustroverProjects/ffi_testing/bindings/c/libffi_lib_jni.so
7f115a0bb000-7f115a0bc000 rw-p 00005000 00:25 5797891                    /home/tosic-killer/RustroverProjects/ffi_testing/bindings/c/libffi_lib_jni.so
7f115a0bc000-7f115a0c3000 r-xp 00000000 00:25 5795243                    /home/tosic-killer/.jdks/openjdk-22.0.1/lib/libzip.so
7f115a0c3000-7f115a0c4000 ---p 00007000 00:25 5795243                    /home/tosic-killer/.jdks/openjdk-22.0.1/lib/libzip.so
7f115a0c4000-7f115a0c5000 r--p 00007000 00:25 5795243                    /home/tosic-killer/.jdks/openjdk-22.0.1/lib/libzip.so
7f115a0c5000-7f115a0c6000 rw-p 00008000 00:25 5795243                    /home/tosic-killer/.jdks/openjdk-22.0.1/lib/libzip.so
7f115a0c6000-7f115a0cb000 rw-p 00000000 00:00 0 
7f115a0cb000-7f115a0d2000 ---p 00000000 00:00 0 
7f115a0d2000-7f115a0f2000 r-xp 00000000 00:25 5795218                    /home/tosic-killer/.jdks/openjdk-22.0.1/lib/libjava.so
7f115a0f2000-7f115a0f3000 ---p 00020000 00:25 5795218                    /home/tosic-killer/.jdks/openjdk-22.0.1/lib/libjava.so
7f115a0f3000-7f115a0f4000 r--p 00020000 00:25 5795218                    /home/tosic-killer/.jdks/openjdk-22.0.1/lib/libjava.so
7f115a0f4000-7f115a0f5000 rw-p 00021000 00:25 5795218                    /home/tosic-killer/.jdks/openjdk-22.0.1/lib/libjava.so
7f115a0f5000-7f115a0f6000 rw-p 00000000 00:00 0 
7f115a0f6000-7f115a114000 r-xp 00000000 00:25 5795222                    /home/tosic-killer/.jdks/openjdk-22.0.1/lib/libjimage.so
7f115a114000-7f115a116000 r--p 0001d000 00:25 5795222                    /home/tosic-killer/.jdks/openjdk-22.0.1/lib/libjimage.so
7f115a116000-7f115a117000 rw-p 0001f000 00:25 5795222                    /home/tosic-killer/.jdks/openjdk-22.0.1/lib/libjimage.so
7f115a117000-7f115a127000 r--p 00000000 00:25 15730337                   /usr/lib64/libm.so.6
7f115a127000-7f115a19c000 r-xp 00010000 00:25 15730337                   /usr/lib64/libm.so.6
7f115a19c000-7f115a1f6000 r--p 00085000 00:25 15730337                   /usr/lib64/libm.so.6
7f115a1f6000-7f115a1f7000 r--p 000de000 00:25 15730337                   /usr/lib64/libm.so.6
7f115a1f7000-7f115a1f8000 rw-p 000df000 00:25 15730337                   /usr/lib64/libm.so.6
7f115a1f8000-7f115a1f9000 r--p 00000000 00:25 15730344                   /usr/lib64/librt.so.1
7f115a1f9000-7f115a1fa000 r-xp 00001000 00:25 15730344                   /usr/lib64/librt.so.1
7f115a1fa000-7f115a1fb000 r--p 00002000 00:25 15730344                   /usr/lib64/librt.so.1
7f115a1fb000-7f115a1fc000 r--p 00002000 00:25 15730344                   /usr/lib64/librt.so.1
7f115a1fc000-7f115a1fd000 rw-p 00003000 00:25 15730344                   /usr/lib64/librt.so.1
7f115a1fd000-7f115a201000 rw-p 00000000 00:00 0 
7f115a201000-7f115a227000 r--p 00000000 00:25 15730334                   /usr/lib64/libc.so.6
7f115a227000-7f115a384000 r-xp 00026000 00:25 15730334                   /usr/lib64/libc.so.6
7f115a384000-7f115a3d1000 r--p 00183000 00:25 15730334                   /usr/lib64/libc.so.6
7f115a3d1000-7f115a3d5000 r--p 001d0000 00:25 15730334                   /usr/lib64/libc.so.6
7f115a3d5000-7f115a3d7000 rw-p 001d4000 00:25 15730334                   /usr/lib64/libc.so.6
7f115a3d7000-7f115a3df000 rw-p 00000000 00:00 0 
7f115a3df000-7f115a3e0000 r--p 00000000 00:25 15730336                   /usr/lib64/libdl.so.2
7f115a3e0000-7f115a3e1000 r-xp 00001000 00:25 15730336                   /usr/lib64/libdl.so.2
7f115a3e1000-7f115a3e2000 r--p 00002000 00:25 15730336                   /usr/lib64/libdl.so.2
7f115a3e2000-7f115a3e3000 r--p 00002000 00:25 15730336                   /usr/lib64/libdl.so.2
7f115a3e3000-7f115a3e4000 rw-p 00003000 00:25 15730336                   /usr/lib64/libdl.so.2
7f115a3e4000-7f115a3e5000 r--p 00000000 00:25 15730342                   /usr/lib64/libpthread.so.0
7f115a3e5000-7f115a3e6000 r-xp 00001000 00:25 15730342                   /usr/lib64/libpthread.so.0
7f115a3e6000-7f115a3e7000 r--p 00002000 00:25 15730342                   /usr/lib64/libpthread.so.0
7f115a3e7000-7f115a3e8000 r--p 00002000 00:25 15730342                   /usr/lib64/libpthread.so.0
7f115a3e8000-7f115a3e9000 rw-p 00003000 00:25 15730342                   /usr/lib64/libpthread.so.0
7f115a3e9000-7f115a3f8000 r-xp 00000000 00:25 5795223                    /home/tosic-killer/.jdks/openjdk-22.0.1/lib/libjli.so
7f115a3f8000-7f115a3f9000 r--p 0000e000 00:25 5795223                    /home/tosic-killer/.jdks/openjdk-22.0.1/lib/libjli.so
7f115a3f9000-7f115a3fa000 rw-p 0000f000 00:25 5795223                    /home/tosic-killer/.jdks/openjdk-22.0.1/lib/libjli.so
7f115a3fa000-7f115a3fd000 r--p 00000000 00:25 33100                      /usr/lib64/libz.so.1.2.13
7f115a3fd000-7f115a40c000 r-xp 00003000 00:25 33100                      /usr/lib64/libz.so.1.2.13
7f115a40c000-7f115a412000 r--p 00012000 00:25 33100                      /usr/lib64/libz.so.1.2.13
7f115a412000-7f115a413000 r--p 00018000 00:25 33100                      /usr/lib64/libz.so.1.2.13
7f115a413000-7f115a414000 rw-p 00000000 00:00 0 
7f115a417000-7f115a41f000 rw-s 00000000 00:2a 14576                      /tmp/hsperfdata_tosic-killer/2740308
7f115a41f000-7f115a429000 r-xp 00000000 00:25 5795213                    /home/tosic-killer/.jdks/openjdk-22.0.1/lib/libinstrument.so
7f115a429000-7f115a42a000 r--p 00009000 00:25 5795213                    /home/tosic-killer/.jdks/openjdk-22.0.1/lib/libinstrument.so
7f115a42a000-7f115a42b000 rw-p 0000a000 00:25 5795213                    /home/tosic-killer/.jdks/openjdk-22.0.1/lib/libinstrument.so
7f115a42b000-7f115a42c000 ---p 00000000 00:00 0 
7f115a42c000-7f115a42d000 r--p 00000000 00:00 0 
7f115a42d000-7f115a42e000 ---p 00000000 00:00 0 
7f115a42e000-7f115a430000 rw-p 00000000 00:00 0 
7f115a430000-7f115a431000 r--p 00000000 00:25 15730331                   /usr/lib64/ld-linux-x86-64.so.2
7f115a431000-7f115a458000 r-xp 00001000 00:25 15730331                   /usr/lib64/ld-linux-x86-64.so.2
7f115a458000-7f115a462000 r--p 00028000 00:25 15730331                   /usr/lib64/ld-linux-x86-64.so.2
7f115a462000-7f115a464000 r--p 00031000 00:25 15730331                   /usr/lib64/ld-linux-x86-64.so.2
7f115a464000-7f115a466000 rw-p 00033000 00:25 15730331                   /usr/lib64/ld-linux-x86-64.so.2
7ffdb6d26000-7ffdb6d47000 rw-p 00000000 00:00 0                          [stack]
7ffdb6d69000-7ffdb6d6d000 r--p 00000000 00:00 0                          [vvar]
7ffdb6d6d000-7ffdb6d6f000 r-xp 00000000 00:00 0                          [vdso]
ffffffffff600000-ffffffffff601000 --xp 00000000 00:00 0                  [vsyscall]
Total number of mappings: 221


VM Arguments:
jvm_args: -Djava.library.path=/home/tosic-killer/RustroverProjects/ffi_testing/bindings/c -javaagent:/home/tosic-killer/.local/share/JetBrains/Toolbox/apps/intellij-idea-ultimate/lib/idea_rt.jar=38097:/home/tosic-killer/.local/share/JetBrains/Toolbox/apps/intellij-idea-ultimate/bin -Dfile.encoding=UTF-8 -Dsun.stdout.encoding=UTF-8 -Dsun.stderr.encoding=UTF-8 
java_command: com.example.Main
java_class_path (initial): /home/tosic-killer/RustroverProjects/ffi_testing/bindings/c/build/production/c
Launcher Type: SUN_STANDARD

[Global flags]
     intx CICompilerCount                          = 4                                         {product} {ergonomic}
     uint ConcGCThreads                            = 3                                         {product} {ergonomic}
     uint G1ConcRefinementThreads                  = 10                                        {product} {ergonomic}
   size_t G1HeapRegionSize                         = 4194304                                   {product} {ergonomic}
   size_t InitialHeapSize                          = 528482304                                 {product} {ergonomic}
   size_t MarkStackSize                            = 4194304                                   {product} {ergonomic}
   size_t MaxHeapSize                              = 8392802304                                {product} {ergonomic}
   size_t MaxNewSize                               = 5033164800                                {product} {ergonomic}
   size_t MinHeapDeltaBytes                        = 4194304                                   {product} {ergonomic}
   size_t MinHeapSize                              = 8388608                                   {product} {ergonomic}
    uintx NonNMethodCodeHeapSize                   = 5839372                                {pd product} {ergonomic}
    uintx NonProfiledCodeHeapSize                  = 122909434                              {pd product} {ergonomic}
    uintx ProfiledCodeHeapSize                     = 122909434                              {pd product} {ergonomic}
    uintx ReservedCodeCacheSize                    = 251658240                              {pd product} {ergonomic}
     bool SegmentedCodeCache                       = true                                      {product} {ergonomic}
   size_t SoftMaxHeapSize                          = 8392802304                             {manageable} {ergonomic}
     bool UseCompressedOops                        = true                           {product lp64_product} {ergonomic}
     bool UseG1GC                                  = true                                      {product} {ergonomic}

Logging:
Log output configuration:
 #0: stdout all=warning uptime,level,tags foldmultilines=false
 #1: stderr all=off uptime,level,tags foldmultilines=false

Environment Variables:
PATH=/home/tosic-killer/.cargo/bin:/usr/local/bin:/usr/local/sbin:/usr/bin:/usr/sbin:/home/tosic-killer/.local/share/JetBrains/Toolbox/scripts:/home/tosic-killer/.dotnet/tools
USERNAME=tosic-killer
LD_LIBRARY_PATH=../../target/release
SHELL=/usr/bin/zsh
DISPLAY=:0
LANG=en_US.UTF-8
LC_NUMERIC=sv_SE.UTF-8
LC_TIME=sv_SE.UTF-8
TERM=dumb

Active Locale:
LC_ALL=LC_CTYPE=en_US.UTF-8;LC_NUMERIC=sv_SE.UTF-8;LC_TIME=sv_SE.UTF-8;LC_COLLATE=en_US.UTF-8;LC_MONETARY=sv_SE.UTF-8;LC_MESSAGES=en_US.UTF-8;LC_PAPER=sv_SE.UTF-8;LC_NAME=en_US.UTF-8;LC_ADDRESS=en_US.UTF-8;LC_TELEPHONE=en_US.UTF-8;LC_MEASUREMENT=sv_SE.UTF-8;LC_IDENTIFICATION=en_US.UTF-8
LC_COLLATE=en_US.UTF-8
LC_CTYPE=en_US.UTF-8
LC_MESSAGES=en_US.UTF-8
LC_MONETARY=sv_SE.UTF-8
LC_NUMERIC=sv_SE.UTF-8
LC_TIME=sv_SE.UTF-8

Signal Handlers:
   SIGSEGV: crash_handler in libjvm.so, mask=11100100010111111101111111111110, flags=SA_RESTART|SA_SIGINFO, unblocked
    SIGBUS: crash_handler in libjvm.so, mask=11100100010111111101111111111110, flags=SA_RESTART|SA_SIGINFO, unblocked
    SIGFPE: crash_handler in libjvm.so, mask=11100100010111111101111111111110, flags=SA_RESTART|SA_SIGINFO, unblocked
   SIGPIPE: javaSignalHandler in libjvm.so, mask=11100100010111111101111111111110, flags=SA_RESTART|SA_SIGINFO, blocked
   SIGXFSZ: javaSignalHandler in libjvm.so, mask=11100100010111111101111111111110, flags=SA_RESTART|SA_SIGINFO, blocked
    SIGILL: crash_handler in libjvm.so, mask=11100100010111111101111111111110, flags=SA_RESTART|SA_SIGINFO, unblocked
   SIGUSR2: SR_handler in libjvm.so, mask=00100000000000000000000000000000, flags=SA_RESTART|SA_SIGINFO, blocked
    SIGHUP: UserHandler in libjvm.so, mask=11100100010111111101111111111110, flags=SA_RESTART|SA_SIGINFO, blocked
    SIGINT: UserHandler in libjvm.so, mask=11100100010111111101111111111110, flags=SA_RESTART|SA_SIGINFO, blocked
   SIGTERM: UserHandler in libjvm.so, mask=11100100010111111101111111111110, flags=SA_RESTART|SA_SIGINFO, blocked
   SIGQUIT: UserHandler in libjvm.so, mask=11100100010111111101111111111110, flags=SA_RESTART|SA_SIGINFO, blocked
   SIGTRAP: crash_handler in libjvm.so, mask=11100100010111111101111111111110, flags=SA_RESTART|SA_SIGINFO, unblocked


Periodic native trim disabled

---------------  S Y S T E M  ---------------

OS:
Fedora release 38 (Thirty Eight)
uname: Linux 6.8.9-100.fc38.x86_64 #1 SMP PREEMPT_DYNAMIC Thu May  2 18:50:49 UTC 2024 x86_64
OS uptime: 0 days 2:19 hours
libc: glibc 2.37 NPTL 2.37 
rlimit (soft/hard): STACK 8192k/infinity , CORE infinity/infinity , NPROC 127781/127781 , NOFILE 1048576/1048576 , AS infinity/infinity , CPU infinity/infinity , DATA infinity/infinity , FSIZE infinity/infinity , MEMLOCK 8192k/8192k
load average: 1,04 0,60 0,65

/proc/meminfo:
MemTotal:       32774980 kB
MemFree:         1774744 kB
MemAvailable:   15432268 kB
Buffers:             152 kB
Cached:         13282408 kB
SwapCached:          104 kB
Active:         17029824 kB
Inactive:       11903420 kB
Active(anon):   11894440 kB
Inactive(anon):  3820040 kB
Active(file):    5135384 kB
Inactive(file):  8083380 kB
Unevictable:        5804 kB
Mlocked:            5804 kB
SwapTotal:       8388604 kB
SwapFree:        8327420 kB
Zswap:                 0 kB
Zswapped:              0 kB
Dirty:              5936 kB
Writeback:             0 kB
AnonPages:      15656740 kB
Mapped:          3429916 kB
Shmem:             58620 kB
KReclaimable:     902044 kB
Slab:            1271472 kB
SReclaimable:     902044 kB
SUnreclaim:       369428 kB
KernelStack:       36292 kB
PageTables:       107176 kB
SecPageTables:         0 kB
NFS_Unstable:          0 kB
Bounce:                0 kB
WritebackTmp:          0 kB
CommitLimit:    24776092 kB
Committed_AS:   29956200 kB
VmallocTotal:   34359738367 kB
VmallocUsed:      125536 kB
VmallocChunk:          0 kB
Percpu:            31616 kB
HardwareCorrupted:     0 kB
AnonHugePages:         0 kB
ShmemHugePages:        0 kB
ShmemPmdMapped:        0 kB
FileHugePages:         0 kB
FilePmdMapped:         0 kB
CmaTotal:              0 kB
CmaFree:               0 kB
Unaccepted:            0 kB
HugePages_Total:       0
HugePages_Free:        0
HugePages_Rsvd:        0
HugePages_Surp:        0
Hugepagesize:       2048 kB
Hugetlb:               0 kB
DirectMap4k:      870876 kB
DirectMap2M:    29462528 kB
DirectMap1G:     4194304 kB

/sys/kernel/mm/transparent_hugepage/enabled: always [madvise] never
/sys/kernel/mm/transparent_hugepage/hpage_pmd_size: 2097152
/sys/kernel/mm/transparent_hugepage/shmem_enabled: always within_size advise [never] deny force
/sys/kernel/mm/transparent_hugepage/defrag (defrag/compaction efforts parameter): always defer defer+madvise [madvise] never

Process Memory:
Virtual Size: 11378012K (peak: 11433784K)
Resident Set Size: 52888K (peak: 52888K) (anon: 28544K, file: 24344K, shmem: 0K)
Swapped out: 0K
C-Heap outstanding allocations: 31964K, retained: 2343K
glibc malloc tunables: (default)

/proc/sys/kernel/threads-max (system-wide limit on the number of threads): 255562
/proc/sys/vm/max_map_count (maximum number of memory map areas a process may have): 65530
/proc/sys/kernel/pid_max (system-wide limit on number of process identifiers): 4194304

container (cgroup) information:
container_type: cgroupv2
cpu_cpuset_cpus: not supported
cpu_memory_nodes: not supported
active_processor_count: 12
cpu_quota: no quota
cpu_period: 100000
cpu_shares: no shares
memory_limit_in_bytes: unlimited
memory_and_swap_limit_in_bytes: unlimited
memory_soft_limit_in_bytes: unlimited
memory_usage_in_bytes: 26756516 k
memory_max_usage_in_bytes: not supported
memory_swap_current_in_bytes: 11284 k
memory_swap_max_limit_in_bytes: unlimited
maximum number of tasks: unlimited
current number of tasks: 1571

Steal ticks since vm start: 0
Steal ticks percentage since vm start:  0,000

CPU: total 32 (initial active 12) (12 cores per cpu, 2 threads per core) family 25 model 33 stepping 0 microcode 0xa201016, cx8, cmov, fxsr, ht, mmx, 3dnowpref, sse, sse2, sse3, ssse3, sse4a, sse4.1, sse4.2, popcnt, lzcnt, tsc, tscinvbit, avx, avx2, aes, erms, clmul, bmi1, bmi2, adx, sha, fma, vzeroupper, clflush, clflushopt, rdtscp, rdpid, fsrm, f16c, pku, ospke, cet_ss
CPU Model and flags from /proc/cpuinfo:
model name	: AMD Ryzen 5 5600X 6-Core Processor
flags		: fpu vme de pse tsc msr pae mce cx8 apic sep mtrr pge mca cmov pat pse36 clflush mmx fxsr sse sse2 ht syscall nx mmxext fxsr_opt pdpe1gb rdtscp lm constant_tsc rep_good nopl nonstop_tsc cpuid extd_apicid aperfmperf rapl pni pclmulqdq monitor ssse3 fma cx16 sse4_1 sse4_2 x2apic movbe popcnt aes xsave avx f16c rdrand lahf_lm cmp_legacy svm extapic cr8_legacy abm sse4a misalignsse 3dnowprefetch osvw ibs skinit wdt tce topoext perfctr_core perfctr_nb bpext perfctr_llc mwaitx cpb cat_l3 cdp_l3 hw_pstate ssbd mba ibrs ibpb stibp vmmcall fsgsbase bmi1 avx2 smep bmi2 erms invpcid cqm rdt_a rdseed adx smap clflushopt clwb sha_ni xsaveopt xsavec xgetbv1 xsaves cqm_llc cqm_occup_llc cqm_mbm_total cqm_mbm_local user_shstk clzero irperf xsaveerptr rdpru wbnoinvd arat npt lbrv svm_lock nrip_save tsc_scale vmcb_clean flushbyasid decodeassists pausefilter pfthreshold avic v_vmsave_vmload vgif v_spec_ctrl umip pku ospke vaes vpclmulqdq rdpid overflow_recov succor smca fsrm debug_swap

Online cpus: 0-11
Offline cpus: 12-31
BIOS frequency limitation: 3700000
Frequency switch latency (ns): 0
Available cpu frequencies: 3700000 2800000 2200000 
Current governor: schedutil
Core performance/turbo boost: 1

Memory: 4k page, physical 32774980k(15432268k free), swap 8388604k(8327420k free)
Page Sizes: 4k

vm_info: OpenJDK 64-Bit Server VM (22.0.1+8-16) for linux-amd64 JRE (22.0.1+8-16), built on 2024-03-12T10:33:16Z by "mach5one" with gcc 13.2.0

END.
