#
# A fatal error has been detected by the Java Runtime Environment:
#
#  SIGSEGV (0xb) at pc=0x00007f200bc47670, pid=2738925, tid=2738926
#
# JRE version: OpenJDK Runtime Environment (22.0.1+8) (build 22.0.1+8-16)
# Java VM: OpenJDK 64-Bit Server VM (22.0.1+8-16, mixed mode, sharing, tiered, compressed oops, compressed class ptrs, g1 gc, linux-amd64)
# Problematic frame:
# C  [libffi_lib.so+0x2a670]  vec4_get_x+0x0
#
# Core dump will be written. Default location: Core dumps may be processed with "/usr/lib/systemd/systemd-coredump %P %u %g %s %t %c %h" (or dumping to /home/tosic-killer/RustroverProjects/ffi_testing/bindings/c/core.2738925)
#
# If you would like to submit a bug report, please visit:
#   https://bugreport.java.com/bugreport/crash.jsp
# The crash happened outside the Java Virtual Machine in native code.
# See problematic frame for where to report the bug.
#

---------------  S U M M A R Y ------------

Command Line: -Djava.library.path=/home/tosic-killer/RustroverProjects/ffi_testing/bindings/c ffi.jar

Host: AMD Ryzen 5 5600X 6-Core Processor, 32 cores, 31G, Fedora release 38 (Thirty Eight)
Time: Sun Jun 16 21:49:01 2024 CEST elapsed time: 0.024243 seconds (0d 0h 0m 0s)

---------------  T H R E A D  ---------------

Current thread (0x00007f2034028970):  JavaThread "main"             [_thread_in_native, id=2738926, stack(0x00007f203981f000,0x00007f203991f000) (1024K)]

Stack: [0x00007f203981f000,0x00007f203991f000],  sp=0x00007f203991d848,  free space=1018k
Native frames: (J=compiled Java code, j=interpreted, Vv=VM code, C=native code)
C  [libffi_lib.so+0x2a670]  vec4_get_x+0x0
j  com.example.Vec4.GetX()F+5
j  com.example.Main.main([Ljava/lang/String;)V+14
v  ~StubRoutines::call_stub 0x00007f2024137cc6
V  [libjvm.so+0x8f311b]  JavaCalls::call_helper(JavaValue*, methodHandle const&, JavaCallArguments*, JavaThread*)+0x2db
V  [libjvm.so+0x9a3f1e]  jni_invoke_static(JNIEnv_*, JavaValue*, _jobject*, JNICallType, _jmethodID*, JNI_ArgumentPusher*, JavaThread*) [clone .constprop.1]+0x36e
V  [libjvm.so+0x9a67e8]  jni_CallStaticVoidMethod+0x128
C  [libjli.so+0x3960]  invokeStaticMainWithArgs+0x70
C  [libjli.so+0x4924]  JavaMain+0xd84
C  [libjli.so+0x7ee9]  ThreadJavaMain+0x9
C  [libc.so.6+0x8c947]  start_thread+0x2f7
Java frames: (J=compiled Java code, j=interpreted, Vv=VM code)
j  com.example.ffi_libJNI.Vec4_GetX(JLcom/example/Vec4;)F+0
j  com.example.Vec4.GetX()F+5
j  com.example.Main.main([Ljava/lang/String;)V+14
v  ~StubRoutines::call_stub 0x00007f2024137cc6

siginfo: si_signo: 11 (SIGSEGV), si_code: 1 (SEGV_MAPERR), si_addr: 0x0000000000000000

Registers:
RAX=0x00007f2033fbbbd0, RBX=0x00007f1fa8405258, RCX=0x00007f203991d8d8, RDX=0x00007f2034184a50
RSP=0x00007f203991d848, RBP=0x00007f203991d8b8, RSI=0x00007f203991d8c8, RDI=0x0000000000000000
R8 =0x0000000000000002, R9 =0x00007f202415a78f, R10=0x00007f200bc1de18, R11=0x00007f200bc47670
R12=0x0000000000000000, R13=0x00007f1fa8405258, R14=0x00007f203991d8e8, R15=0x00007f2034028970
RIP=0x00007f200bc47670, EFLAGS=0x0000000000010206, CSGSFS=0x002b000000000033, ERR=0x0000000000000004
  TRAPNO=0x000000000000000e


Register to memory mapping:

RAX=0x00007f2033fbbbd0: Java_com_example_ffi_1libJNI_Vec4_1GetX+0x0000000000000000 in /home/tosic-killer/RustroverProjects/ffi_testing/bindings/c/libffi_lib_jni.so at 0x00007f2033fb8000
RBX={method} {0x00007f1fa8405258} 'Vec4_GetX' '(JLcom/example/Vec4;)F' in 'com/example/ffi_libJNI'
RCX=0x00007f203991d8d8 is pointing into the stack for thread: 0x00007f2034028970
RDX=0x00007f2034184a50 points into unknown readable memory: 0x0000000000000000 | 00 00 00 00 00 00 00 00
RSP=0x00007f203991d848 is pointing into the stack for thread: 0x00007f2034028970
RBP=0x00007f203991d8b8 is pointing into the stack for thread: 0x00007f2034028970
RSI=0x00007f203991d8c8 is pointing into the stack for thread: 0x00007f2034028970
RDI=0x0 is null
R8 =0x0000000000000002 is an unknown value
R9 =0x00007f202415a78f is at code_begin+15 in 
[CodeBlob (0x00007f202415a710)]
Framesize: 0
BufferBlob (0x00007f202415a710) used for Signature Handler Temp Buffer
R10=0x00007f200bc1de18: <offset 0x0000000000000e18> in /home/tosic-killer/RustroverProjects/ffi_testing/target/release/libffi_lib.so at 0x00007f200bc1d000
R11=0x00007f200bc47670: vec4_get_x+0x0000000000000000 in /home/tosic-killer/RustroverProjects/ffi_testing/target/release/libffi_lib.so at 0x00007f200bc1d000
R12=0x0 is null
R13={method} {0x00007f1fa8405258} 'Vec4_GetX' '(JLcom/example/Vec4;)F' in 'com/example/ffi_libJNI'
R14=0x00007f203991d8e8 is pointing into the stack for thread: 0x00007f2034028970
R15=0x00007f2034028970 is a thread

Top of Stack: (sp=0x00007f203991d848)
0x00007f203991d848:   00007f2024143b3c 00007f203991d8b8
0x00007f203991d858:   00007f2024143813 0000000000000000
0x00007f203991d868:   00007f20241437db fffffffffffffff7
0x00007f203991d878:   00007f1fa8405258 0000000000000006
0x00007f203991d888:   00007f1fa8405880 0000000000000000
0x00007f203991d898:   000000062b031dc0 00007f1fa8405258
0x00007f203991d8a8:   0000000000000000 00007f203991d8d8
0x00007f203991d8b8:   00007f203991d938 00007f202413f284
0x00007f203991d8c8:   000000062b031dc0 00007f2024141118
0x00007f203991d8d8:   000000062b02fe98 00007f2034184a50
0x00007f203991d8e8:   0000000000000000 fffffffffffffff7
0x00007f203991d8f8:   00007f1fa840203d 0000000000000002
0x00007f203991d908:   00007f1fa8402980 0000000000000000
0x00007f203991d918:   000000062b02fcd8 00007f1fa8402058
0x00007f203991d928:   fffffffffffffff4 00007f203991d948
0x00007f203991d938:   00007f203991d9a0 00007f202413f284
0x00007f203991d948:   000000062b02fe98 000000062b004268
0x00007f203991d958:   fffffffffffffff7 00007f1fa840060e
0x00007f203991d968:   0000000000000003 00007f1fa8400a08
0x00007f203991d978:   0000000000000000 000000062b01bf68
0x00007f203991d988:   00007f1fa8400670 fffffffffffffff5
0x00007f203991d998:   00007f203991d9b8 00007f203991da20
0x00007f203991d9a8:   00007f2024137cc6 000000062b02fe98
0x00007f203991d9b8:   000000062b01c4d8 00007f2000001fa2
0x00007f203991d9c8:   00007f203991db40 000000000000000e
0x00007f203991d9d8:   00007f203991dc98 00007f203991dbb0
0x00007f203991d9e8:   00007f2034028970 00007f203991dab0
0x00007f203991d9f8:   00007f203991dc98 00007f200000000a
0x00007f203991da08:   00007f1fa8400670 00007f2024142780
0x00007f203991da18:   00007f203991dbb8 00007f203991db20
0x00007f203991da28:   00007f203a2f311b 0000000000000001
0x00007f203991da38:   00007f2034028970 00007f203991da80 

Instructions: (pc=0x00007f200bc47670)
0x00007f200bc47570:   48 89 44 24 40 48 c7 44 24 48 01 00 00 00 48 c7
0x00007f200bc47580:   44 24 60 00 00 00 00 48 89 6c 24 50 48 c7 44 24
0x00007f200bc47590:   58 01 00 00 00 48 8d 15 4c 40 1a 00 48 8d 7c 24
0x00007f200bc475a0:   40 be 01 00 00 00 b9 57 01 00 00 45 31 c0 ff 15
0x00007f200bc475b0:   44 73 1b 00 48 8b 74 24 70 48 85 f6 74 0e ba 01
0x00007f200bc475c0:   00 00 00 4c 89 e7 ff 15 dc 6c 1b 00 48 89 df 41
0x00007f200bc475d0:   ff 16 49 8b 76 08 0f 57 c0 48 85 f6 74 18 49 8b
0x00007f200bc475e0:   56 10 48 89 df ff 15 bd 6c 1b 00 0f 57 c0 eb 06
0x00007f200bc475f0:   f3 0f 10 44 24 38 48 81 c4 88 00 00 00 5b 41 5c
0x00007f200bc47600:   41 5d 41 5e 41 5f 5d c3 49 89 c7 48 8b 74 24 70
0x00007f200bc47610:   48 85 f6 74 34 ba 01 00 00 00 4c 89 e7 ff 15 85
0x00007f200bc47620:   6c 1b 00 eb 24 49 89 c7 49 8b 76 08 48 85 f6 74
0x00007f200bc47630:   23 49 8b 56 10 48 89 df ff 15 6a 6c 1b 00 4c 89
0x00007f200bc47640:   ff e8 0a 3a ff ff 49 89 c7 48 89 df 4c 89 f6 e8
0x00007f200bc47650:   1c f4 ff ff 4c 89 ff e8 f4 39 ff ff ff 15 a6 67
0x00007f200bc47660:   1b 00 66 2e 0f 1f 84 00 00 00 00 00 0f 1f 40 00
0x00007f200bc47670:   f3 0f 10 07 c3 66 2e 0f 1f 84 00 00 00 00 00 90
0x00007f200bc47680:   f3 0f 10 47 04 c3 66 2e 0f 1f 84 00 00 00 00 00
0x00007f200bc47690:   f3 0f 10 47 08 c3 66 2e 0f 1f 84 00 00 00 00 00
0x00007f200bc476a0:   f3 0f 10 47 0c c3 66 2e 0f 1f 84 00 00 00 00 00
0x00007f200bc476b0:   f3 0f 11 07 c3 66 2e 0f 1f 84 00 00 00 00 00 90
0x00007f200bc476c0:   f3 0f 11 47 04 c3 66 2e 0f 1f 84 00 00 00 00 00
0x00007f200bc476d0:   f3 0f 11 47 08 c3 66 2e 0f 1f 84 00 00 00 00 00
0x00007f200bc476e0:   f3 0f 11 47 0c c3 66 2e 0f 1f 84 00 00 00 00 00
0x00007f200bc476f0:   53 48 89 fb 48 8b 3f 48 85 ff 74 1b be 10 00 00
0x00007f200bc47700:   00 ba 04 00 00 00 ff 15 9c 6b 1b 00 48 c7 03 00
0x00007f200bc47710:   00 00 00 31 c0 5b c3 b8 64 00 00 00 5b c3 66 90
0x00007f200bc47720:   48 89 f7 48 8d 35 57 ea 14 00 ba 03 00 00 00 ff
0x00007f200bc47730:   25 b3 6b 1b 00 66 2e 0f 1f 84 00 00 00 00 00 90
0x00007f200bc47740:   41 57 41 56 41 55 41 54 53 48 89 fb 83 7f 44 ff
0x00007f200bc47750:   74 75 48 8d 7b 40 ff 15 ac 69 1b 00 4c 8d 63 18
0x00007f200bc47760:   48 8b 43 20 48 85 c0 74 37 4c 8b 7b 18 41 bd 01 


Stack slot to memory mapping:

stack at sp + 0 slots: 0x00007f2024143b3c is at code_begin+1052 in an Interpreter codelet
native method entry point (kind = native)  [0x00007f2024143720, 0x00007f2024144190]  2672 bytes
stack at sp + 1 slots: 0x00007f203991d8b8 is pointing into the stack for thread: 0x00007f2034028970
stack at sp + 2 slots: 0x00007f2024143813 is at code_begin+243 in an Interpreter codelet
native method entry point (kind = native)  [0x00007f2024143720, 0x00007f2024144190]  2672 bytes
stack at sp + 3 slots: 0x0 is null
stack at sp + 4 slots: 0x00007f20241437db is at code_begin+187 in an Interpreter codelet
native method entry point (kind = native)  [0x00007f2024143720, 0x00007f2024144190]  2672 bytes
stack at sp + 5 slots: 0xfffffffffffffff7 is an unknown value
stack at sp + 6 slots: {method} {0x00007f1fa8405258} 'Vec4_GetX' '(JLcom/example/Vec4;)F' in 'com/example/ffi_libJNI'
stack at sp + 7 slots: 0x0000000000000006 is an unknown value


---------------  P R O C E S S  ---------------

Threads class SMR info:
_java_thread_list=0x00007f2034163320, length=10, elements={
0x00007f2034028970, 0x00007f20341470c0, 0x00007f2034148710, 0x00007f203414a310,
0x00007f203414b950, 0x00007f203414cef0, 0x00007f203414ea10, 0x00007f2034150120,
0x00007f203415e250, 0x00007f2034161db0
}

Java Threads: ( => current thread )
=>0x00007f2034028970 JavaThread "main"                              [_thread_in_native, id=2738926, stack(0x00007f203981f000,0x00007f203991f000) (1024K)]
  0x00007f20341470c0 JavaThread "Reference Handler"          daemon [_thread_blocked, id=2738934, stack(0x00007f20106fa000,0x00007f20107fa000) (1024K)]
  0x00007f2034148710 JavaThread "Finalizer"                  daemon [_thread_blocked, id=2738935, stack(0x00007f20105fa000,0x00007f20106fa000) (1024K)]
  0x00007f203414a310 JavaThread "Signal Dispatcher"          daemon [_thread_blocked, id=2738936, stack(0x00007f20104fa000,0x00007f20105fa000) (1024K)]
  0x00007f203414b950 JavaThread "Service Thread"             daemon [_thread_blocked, id=2738937, stack(0x00007f20103fa000,0x00007f20104fa000) (1024K)]
  0x00007f203414cef0 JavaThread "Monitor Deflation Thread"   daemon [_thread_blocked, id=2738938, stack(0x00007f20102fa000,0x00007f20103fa000) (1024K)]
  0x00007f203414ea10 JavaThread "C2 CompilerThread0"         daemon [_thread_blocked, id=2738939, stack(0x00007f20101fa000,0x00007f20102fa000) (1024K)]
  0x00007f2034150120 JavaThread "C1 CompilerThread0"         daemon [_thread_blocked, id=2738940, stack(0x00007f20100fa000,0x00007f20101fa000) (1024K)]
  0x00007f203415e250 JavaThread "Notification Thread"        daemon [_thread_blocked, id=2738941, stack(0x00007f200bf00000,0x00007f200c000000) (1024K)]
  0x00007f2034161db0 JavaThread "Common-Cleaner"             daemon [_thread_blocked, id=2738942, stack(0x00007f200be00000,0x00007f200bf00000) (1024K)]
Total: 10

Other Threads:
  0x00007f2034138da0 VMThread "VM Thread"                           [id=2738933, stack(0x00007f20107fb000,0x00007f20108fb000) (1024K)]
  0x00007f203411e660 WatcherThread "VM Periodic Task Thread"        [id=2738932, stack(0x00007f20108fc000,0x00007f20109fc000) (1024K)]
  0x00007f2034054360 WorkerThread "GC Thread#0"                     [id=2738927, stack(0x00007f2038a1b000,0x00007f2038b1b000) (1024K)]
  0x00007f20340653a0 ConcurrentGCThread "G1 Main Marker"            [id=2738928, stack(0x00007f203891a000,0x00007f2038a1a000) (1024K)]
  0x00007f2034066340 WorkerThread "G1 Conc#0"                       [id=2738929, stack(0x00007f2038819000,0x00007f2038919000) (1024K)]
  0x00007f2034103c20 ConcurrentGCThread "G1 Refine#0"               [id=2738930, stack(0x00007f2010afe000,0x00007f2010bfe000) (1024K)]
  0x00007f2034104be0 ConcurrentGCThread "G1 Service"                [id=2738931, stack(0x00007f20109fd000,0x00007f2010afd000) (1024K)]
Total: 7

Threads with active compile tasks:
Total: 0

VM state: not at safepoint (normal execution)

VM Mutex/Monitor currently owned by a thread: None

Heap address: 0x000000060bc00000, size: 8004 MB, Compressed Oops mode: Zero based, Oop shift amount: 3

CDS archive(s) mapped at: [0x00007f1fb2000000-0x00007f1fb2c74000-0x00007f1fb2c74000), size 13058048, SharedBaseAddress: 0x00007f1fb2000000, ArchiveRelocationMode: 1.
Compressed class space mapped at: 0x00007f1fb3000000-0x00007f1ff3000000, reserved size: 1073741824
Narrow klass base: 0x00007f1fb2000000, Narrow klass shift: 0, Narrow klass range: 0x100000000

GC Precious Log:
 CardTable entry size: 512
 Card Set container configuration: InlinePtr #cards 4 size 8 Array Of Cards #cards 32 size 80 Howl #buckets 8 coarsen threshold 7372 Howl Bitmap #cards 1024 size 144 coarsen threshold 921 Card regions per heap region 1 cards per card region 8192
 CPUs: 32 total, 12 available
 Memory: 32006M
 Large Page Support: Disabled
 NUMA Support: Disabled
 Compressed Oops: Enabled (Zero based)
 Heap Region Size: 4M
 Heap Min Capacity: 8M
 Heap Initial Capacity: 504M
 Heap Max Capacity: 8004M
 Pre-touch: Disabled
 Parallel Workers: 10
 Concurrent Workers: 3
 Concurrent Refinement Workers: 10
 Periodic GC: Disabled

Heap:
 garbage-first heap   total reserved 8196096K, committed 520192K, used 1057K [0x000000060bc00000, 0x0000000800000000)
  region size 4096K, 1 young (4096K), 0 survivors (0K)
 Metaspace       used 170K, committed 384K, reserved 1114112K
  class space    used 8K, committed 128K, reserved 1048576K

Heap Regions: E=young(eden), S=young(survivor), O=old, HS=humongous(starts), HC=humongous(continues), CS=collection set, F=free, TAMS=top-at-mark-start, PB=parsable bottom
|   0|0x000000060bc00000, 0x000000060bc00000, 0x000000060c000000|  0%| F|  |TAMS 0x000000060bc00000| PB 0x000000060bc00000| Untracked |  0
|   1|0x000000060c000000, 0x000000060c000000, 0x000000060c400000|  0%| F|  |TAMS 0x000000060c000000| PB 0x000000060c000000| Untracked |  0
|   2|0x000000060c400000, 0x000000060c400000, 0x000000060c800000|  0%| F|  |TAMS 0x000000060c400000| PB 0x000000060c400000| Untracked |  0
|   3|0x000000060c800000, 0x000000060c800000, 0x000000060cc00000|  0%| F|  |TAMS 0x000000060c800000| PB 0x000000060c800000| Untracked |  0
|   4|0x000000060cc00000, 0x000000060cc00000, 0x000000060d000000|  0%| F|  |TAMS 0x000000060cc00000| PB 0x000000060cc00000| Untracked |  0
|   5|0x000000060d000000, 0x000000060d000000, 0x000000060d400000|  0%| F|  |TAMS 0x000000060d000000| PB 0x000000060d000000| Untracked |  0
|   6|0x000000060d400000, 0x000000060d400000, 0x000000060d800000|  0%| F|  |TAMS 0x000000060d400000| PB 0x000000060d400000| Untracked |  0
|   7|0x000000060d800000, 0x000000060d800000, 0x000000060dc00000|  0%| F|  |TAMS 0x000000060d800000| PB 0x000000060d800000| Untracked |  0
|   8|0x000000060dc00000, 0x000000060dc00000, 0x000000060e000000|  0%| F|  |TAMS 0x000000060dc00000| PB 0x000000060dc00000| Untracked |  0
|   9|0x000000060e000000, 0x000000060e000000, 0x000000060e400000|  0%| F|  |TAMS 0x000000060e000000| PB 0x000000060e000000| Untracked |  0
|  10|0x000000060e400000, 0x000000060e400000, 0x000000060e800000|  0%| F|  |TAMS 0x000000060e400000| PB 0x000000060e400000| Untracked |  0
|  11|0x000000060e800000, 0x000000060e800000, 0x000000060ec00000|  0%| F|  |TAMS 0x000000060e800000| PB 0x000000060e800000| Untracked |  0
|  12|0x000000060ec00000, 0x000000060ec00000, 0x000000060f000000|  0%| F|  |TAMS 0x000000060ec00000| PB 0x000000060ec00000| Untracked |  0
|  13|0x000000060f000000, 0x000000060f000000, 0x000000060f400000|  0%| F|  |TAMS 0x000000060f000000| PB 0x000000060f000000| Untracked |  0
|  14|0x000000060f400000, 0x000000060f400000, 0x000000060f800000|  0%| F|  |TAMS 0x000000060f400000| PB 0x000000060f400000| Untracked |  0
|  15|0x000000060f800000, 0x000000060f800000, 0x000000060fc00000|  0%| F|  |TAMS 0x000000060f800000| PB 0x000000060f800000| Untracked |  0
|  16|0x000000060fc00000, 0x000000060fc00000, 0x0000000610000000|  0%| F|  |TAMS 0x000000060fc00000| PB 0x000000060fc00000| Untracked |  0
|  17|0x0000000610000000, 0x0000000610000000, 0x0000000610400000|  0%| F|  |TAMS 0x0000000610000000| PB 0x0000000610000000| Untracked |  0
|  18|0x0000000610400000, 0x0000000610400000, 0x0000000610800000|  0%| F|  |TAMS 0x0000000610400000| PB 0x0000000610400000| Untracked |  0
|  19|0x0000000610800000, 0x0000000610800000, 0x0000000610c00000|  0%| F|  |TAMS 0x0000000610800000| PB 0x0000000610800000| Untracked |  0
|  20|0x0000000610c00000, 0x0000000610c00000, 0x0000000611000000|  0%| F|  |TAMS 0x0000000610c00000| PB 0x0000000610c00000| Untracked |  0
|  21|0x0000000611000000, 0x0000000611000000, 0x0000000611400000|  0%| F|  |TAMS 0x0000000611000000| PB 0x0000000611000000| Untracked |  0
|  22|0x0000000611400000, 0x0000000611400000, 0x0000000611800000|  0%| F|  |TAMS 0x0000000611400000| PB 0x0000000611400000| Untracked |  0
|  23|0x0000000611800000, 0x0000000611800000, 0x0000000611c00000|  0%| F|  |TAMS 0x0000000611800000| PB 0x0000000611800000| Untracked |  0
|  24|0x0000000611c00000, 0x0000000611c00000, 0x0000000612000000|  0%| F|  |TAMS 0x0000000611c00000| PB 0x0000000611c00000| Untracked |  0
|  25|0x0000000612000000, 0x0000000612000000, 0x0000000612400000|  0%| F|  |TAMS 0x0000000612000000| PB 0x0000000612000000| Untracked |  0
|  26|0x0000000612400000, 0x0000000612400000, 0x0000000612800000|  0%| F|  |TAMS 0x0000000612400000| PB 0x0000000612400000| Untracked |  0
|  27|0x0000000612800000, 0x0000000612800000, 0x0000000612c00000|  0%| F|  |TAMS 0x0000000612800000| PB 0x0000000612800000| Untracked |  0
|  28|0x0000000612c00000, 0x0000000612c00000, 0x0000000613000000|  0%| F|  |TAMS 0x0000000612c00000| PB 0x0000000612c00000| Untracked |  0
|  29|0x0000000613000000, 0x0000000613000000, 0x0000000613400000|  0%| F|  |TAMS 0x0000000613000000| PB 0x0000000613000000| Untracked |  0
|  30|0x0000000613400000, 0x0000000613400000, 0x0000000613800000|  0%| F|  |TAMS 0x0000000613400000| PB 0x0000000613400000| Untracked |  0
|  31|0x0000000613800000, 0x0000000613800000, 0x0000000613c00000|  0%| F|  |TAMS 0x0000000613800000| PB 0x0000000613800000| Untracked |  0
|  32|0x0000000613c00000, 0x0000000613c00000, 0x0000000614000000|  0%| F|  |TAMS 0x0000000613c00000| PB 0x0000000613c00000| Untracked |  0
|  33|0x0000000614000000, 0x0000000614000000, 0x0000000614400000|  0%| F|  |TAMS 0x0000000614000000| PB 0x0000000614000000| Untracked |  0
|  34|0x0000000614400000, 0x0000000614400000, 0x0000000614800000|  0%| F|  |TAMS 0x0000000614400000| PB 0x0000000614400000| Untracked |  0
|  35|0x0000000614800000, 0x0000000614800000, 0x0000000614c00000|  0%| F|  |TAMS 0x0000000614800000| PB 0x0000000614800000| Untracked |  0
|  36|0x0000000614c00000, 0x0000000614c00000, 0x0000000615000000|  0%| F|  |TAMS 0x0000000614c00000| PB 0x0000000614c00000| Untracked |  0
|  37|0x0000000615000000, 0x0000000615000000, 0x0000000615400000|  0%| F|  |TAMS 0x0000000615000000| PB 0x0000000615000000| Untracked |  0
|  38|0x0000000615400000, 0x0000000615400000, 0x0000000615800000|  0%| F|  |TAMS 0x0000000615400000| PB 0x0000000615400000| Untracked |  0
|  39|0x0000000615800000, 0x0000000615800000, 0x0000000615c00000|  0%| F|  |TAMS 0x0000000615800000| PB 0x0000000615800000| Untracked |  0
|  40|0x0000000615c00000, 0x0000000615c00000, 0x0000000616000000|  0%| F|  |TAMS 0x0000000615c00000| PB 0x0000000615c00000| Untracked |  0
|  41|0x0000000616000000, 0x0000000616000000, 0x0000000616400000|  0%| F|  |TAMS 0x0000000616000000| PB 0x0000000616000000| Untracked |  0
|  42|0x0000000616400000, 0x0000000616400000, 0x0000000616800000|  0%| F|  |TAMS 0x0000000616400000| PB 0x0000000616400000| Untracked |  0
|  43|0x0000000616800000, 0x0000000616800000, 0x0000000616c00000|  0%| F|  |TAMS 0x0000000616800000| PB 0x0000000616800000| Untracked |  0
|  44|0x0000000616c00000, 0x0000000616c00000, 0x0000000617000000|  0%| F|  |TAMS 0x0000000616c00000| PB 0x0000000616c00000| Untracked |  0
|  45|0x0000000617000000, 0x0000000617000000, 0x0000000617400000|  0%| F|  |TAMS 0x0000000617000000| PB 0x0000000617000000| Untracked |  0
|  46|0x0000000617400000, 0x0000000617400000, 0x0000000617800000|  0%| F|  |TAMS 0x0000000617400000| PB 0x0000000617400000| Untracked |  0
|  47|0x0000000617800000, 0x0000000617800000, 0x0000000617c00000|  0%| F|  |TAMS 0x0000000617800000| PB 0x0000000617800000| Untracked |  0
|  48|0x0000000617c00000, 0x0000000617c00000, 0x0000000618000000|  0%| F|  |TAMS 0x0000000617c00000| PB 0x0000000617c00000| Untracked |  0
|  49|0x0000000618000000, 0x0000000618000000, 0x0000000618400000|  0%| F|  |TAMS 0x0000000618000000| PB 0x0000000618000000| Untracked |  0
|  50|0x0000000618400000, 0x0000000618400000, 0x0000000618800000|  0%| F|  |TAMS 0x0000000618400000| PB 0x0000000618400000| Untracked |  0
|  51|0x0000000618800000, 0x0000000618800000, 0x0000000618c00000|  0%| F|  |TAMS 0x0000000618800000| PB 0x0000000618800000| Untracked |  0
|  52|0x0000000618c00000, 0x0000000618c00000, 0x0000000619000000|  0%| F|  |TAMS 0x0000000618c00000| PB 0x0000000618c00000| Untracked |  0
|  53|0x0000000619000000, 0x0000000619000000, 0x0000000619400000|  0%| F|  |TAMS 0x0000000619000000| PB 0x0000000619000000| Untracked |  0
|  54|0x0000000619400000, 0x0000000619400000, 0x0000000619800000|  0%| F|  |TAMS 0x0000000619400000| PB 0x0000000619400000| Untracked |  0
|  55|0x0000000619800000, 0x0000000619800000, 0x0000000619c00000|  0%| F|  |TAMS 0x0000000619800000| PB 0x0000000619800000| Untracked |  0
|  56|0x0000000619c00000, 0x0000000619c00000, 0x000000061a000000|  0%| F|  |TAMS 0x0000000619c00000| PB 0x0000000619c00000| Untracked |  0
|  57|0x000000061a000000, 0x000000061a000000, 0x000000061a400000|  0%| F|  |TAMS 0x000000061a000000| PB 0x000000061a000000| Untracked |  0
|  58|0x000000061a400000, 0x000000061a400000, 0x000000061a800000|  0%| F|  |TAMS 0x000000061a400000| PB 0x000000061a400000| Untracked |  0
|  59|0x000000061a800000, 0x000000061a800000, 0x000000061ac00000|  0%| F|  |TAMS 0x000000061a800000| PB 0x000000061a800000| Untracked |  0
|  60|0x000000061ac00000, 0x000000061ac00000, 0x000000061b000000|  0%| F|  |TAMS 0x000000061ac00000| PB 0x000000061ac00000| Untracked |  0
|  61|0x000000061b000000, 0x000000061b000000, 0x000000061b400000|  0%| F|  |TAMS 0x000000061b000000| PB 0x000000061b000000| Untracked |  0
|  62|0x000000061b400000, 0x000000061b400000, 0x000000061b800000|  0%| F|  |TAMS 0x000000061b400000| PB 0x000000061b400000| Untracked |  0
|  63|0x000000061b800000, 0x000000061b800000, 0x000000061bc00000|  0%| F|  |TAMS 0x000000061b800000| PB 0x000000061b800000| Untracked |  0
|  64|0x000000061bc00000, 0x000000061bc00000, 0x000000061c000000|  0%| F|  |TAMS 0x000000061bc00000| PB 0x000000061bc00000| Untracked |  0
|  65|0x000000061c000000, 0x000000061c000000, 0x000000061c400000|  0%| F|  |TAMS 0x000000061c000000| PB 0x000000061c000000| Untracked |  0
|  66|0x000000061c400000, 0x000000061c400000, 0x000000061c800000|  0%| F|  |TAMS 0x000000061c400000| PB 0x000000061c400000| Untracked |  0
|  67|0x000000061c800000, 0x000000061c800000, 0x000000061cc00000|  0%| F|  |TAMS 0x000000061c800000| PB 0x000000061c800000| Untracked |  0
|  68|0x000000061cc00000, 0x000000061cc00000, 0x000000061d000000|  0%| F|  |TAMS 0x000000061cc00000| PB 0x000000061cc00000| Untracked |  0
|  69|0x000000061d000000, 0x000000061d000000, 0x000000061d400000|  0%| F|  |TAMS 0x000000061d000000| PB 0x000000061d000000| Untracked |  0
|  70|0x000000061d400000, 0x000000061d400000, 0x000000061d800000|  0%| F|  |TAMS 0x000000061d400000| PB 0x000000061d400000| Untracked |  0
|  71|0x000000061d800000, 0x000000061d800000, 0x000000061dc00000|  0%| F|  |TAMS 0x000000061d800000| PB 0x000000061d800000| Untracked |  0
|  72|0x000000061dc00000, 0x000000061dc00000, 0x000000061e000000|  0%| F|  |TAMS 0x000000061dc00000| PB 0x000000061dc00000| Untracked |  0
|  73|0x000000061e000000, 0x000000061e000000, 0x000000061e400000|  0%| F|  |TAMS 0x000000061e000000| PB 0x000000061e000000| Untracked |  0
|  74|0x000000061e400000, 0x000000061e400000, 0x000000061e800000|  0%| F|  |TAMS 0x000000061e400000| PB 0x000000061e400000| Untracked |  0
|  75|0x000000061e800000, 0x000000061e800000, 0x000000061ec00000|  0%| F|  |TAMS 0x000000061e800000| PB 0x000000061e800000| Untracked |  0
|  76|0x000000061ec00000, 0x000000061ec00000, 0x000000061f000000|  0%| F|  |TAMS 0x000000061ec00000| PB 0x000000061ec00000| Untracked |  0
|  77|0x000000061f000000, 0x000000061f000000, 0x000000061f400000|  0%| F|  |TAMS 0x000000061f000000| PB 0x000000061f000000| Untracked |  0
|  78|0x000000061f400000, 0x000000061f400000, 0x000000061f800000|  0%| F|  |TAMS 0x000000061f400000| PB 0x000000061f400000| Untracked |  0
|  79|0x000000061f800000, 0x000000061f800000, 0x000000061fc00000|  0%| F|  |TAMS 0x000000061f800000| PB 0x000000061f800000| Untracked |  0
|  80|0x000000061fc00000, 0x000000061fc00000, 0x0000000620000000|  0%| F|  |TAMS 0x000000061fc00000| PB 0x000000061fc00000| Untracked |  0
|  81|0x0000000620000000, 0x0000000620000000, 0x0000000620400000|  0%| F|  |TAMS 0x0000000620000000| PB 0x0000000620000000| Untracked |  0
|  82|0x0000000620400000, 0x0000000620400000, 0x0000000620800000|  0%| F|  |TAMS 0x0000000620400000| PB 0x0000000620400000| Untracked |  0
|  83|0x0000000620800000, 0x0000000620800000, 0x0000000620c00000|  0%| F|  |TAMS 0x0000000620800000| PB 0x0000000620800000| Untracked |  0
|  84|0x0000000620c00000, 0x0000000620c00000, 0x0000000621000000|  0%| F|  |TAMS 0x0000000620c00000| PB 0x0000000620c00000| Untracked |  0
|  85|0x0000000621000000, 0x0000000621000000, 0x0000000621400000|  0%| F|  |TAMS 0x0000000621000000| PB 0x0000000621000000| Untracked |  0
|  86|0x0000000621400000, 0x0000000621400000, 0x0000000621800000|  0%| F|  |TAMS 0x0000000621400000| PB 0x0000000621400000| Untracked |  0
|  87|0x0000000621800000, 0x0000000621800000, 0x0000000621c00000|  0%| F|  |TAMS 0x0000000621800000| PB 0x0000000621800000| Untracked |  0
|  88|0x0000000621c00000, 0x0000000621c00000, 0x0000000622000000|  0%| F|  |TAMS 0x0000000621c00000| PB 0x0000000621c00000| Untracked |  0
|  89|0x0000000622000000, 0x0000000622000000, 0x0000000622400000|  0%| F|  |TAMS 0x0000000622000000| PB 0x0000000622000000| Untracked |  0
|  90|0x0000000622400000, 0x0000000622400000, 0x0000000622800000|  0%| F|  |TAMS 0x0000000622400000| PB 0x0000000622400000| Untracked |  0
|  91|0x0000000622800000, 0x0000000622800000, 0x0000000622c00000|  0%| F|  |TAMS 0x0000000622800000| PB 0x0000000622800000| Untracked |  0
|  92|0x0000000622c00000, 0x0000000622c00000, 0x0000000623000000|  0%| F|  |TAMS 0x0000000622c00000| PB 0x0000000622c00000| Untracked |  0
|  93|0x0000000623000000, 0x0000000623000000, 0x0000000623400000|  0%| F|  |TAMS 0x0000000623000000| PB 0x0000000623000000| Untracked |  0
|  94|0x0000000623400000, 0x0000000623400000, 0x0000000623800000|  0%| F|  |TAMS 0x0000000623400000| PB 0x0000000623400000| Untracked |  0
|  95|0x0000000623800000, 0x0000000623800000, 0x0000000623c00000|  0%| F|  |TAMS 0x0000000623800000| PB 0x0000000623800000| Untracked |  0
|  96|0x0000000623c00000, 0x0000000623c00000, 0x0000000624000000|  0%| F|  |TAMS 0x0000000623c00000| PB 0x0000000623c00000| Untracked |  0
|  97|0x0000000624000000, 0x0000000624000000, 0x0000000624400000|  0%| F|  |TAMS 0x0000000624000000| PB 0x0000000624000000| Untracked |  0
|  98|0x0000000624400000, 0x0000000624400000, 0x0000000624800000|  0%| F|  |TAMS 0x0000000624400000| PB 0x0000000624400000| Untracked |  0
|  99|0x0000000624800000, 0x0000000624800000, 0x0000000624c00000|  0%| F|  |TAMS 0x0000000624800000| PB 0x0000000624800000| Untracked |  0
| 100|0x0000000624c00000, 0x0000000624c00000, 0x0000000625000000|  0%| F|  |TAMS 0x0000000624c00000| PB 0x0000000624c00000| Untracked |  0
| 101|0x0000000625000000, 0x0000000625000000, 0x0000000625400000|  0%| F|  |TAMS 0x0000000625000000| PB 0x0000000625000000| Untracked |  0
| 102|0x0000000625400000, 0x0000000625400000, 0x0000000625800000|  0%| F|  |TAMS 0x0000000625400000| PB 0x0000000625400000| Untracked |  0
| 103|0x0000000625800000, 0x0000000625800000, 0x0000000625c00000|  0%| F|  |TAMS 0x0000000625800000| PB 0x0000000625800000| Untracked |  0
| 104|0x0000000625c00000, 0x0000000625c00000, 0x0000000626000000|  0%| F|  |TAMS 0x0000000625c00000| PB 0x0000000625c00000| Untracked |  0
| 105|0x0000000626000000, 0x0000000626000000, 0x0000000626400000|  0%| F|  |TAMS 0x0000000626000000| PB 0x0000000626000000| Untracked |  0
| 106|0x0000000626400000, 0x0000000626400000, 0x0000000626800000|  0%| F|  |TAMS 0x0000000626400000| PB 0x0000000626400000| Untracked |  0
| 107|0x0000000626800000, 0x0000000626800000, 0x0000000626c00000|  0%| F|  |TAMS 0x0000000626800000| PB 0x0000000626800000| Untracked |  0
| 108|0x0000000626c00000, 0x0000000626c00000, 0x0000000627000000|  0%| F|  |TAMS 0x0000000626c00000| PB 0x0000000626c00000| Untracked |  0
| 109|0x0000000627000000, 0x0000000627000000, 0x0000000627400000|  0%| F|  |TAMS 0x0000000627000000| PB 0x0000000627000000| Untracked |  0
| 110|0x0000000627400000, 0x0000000627400000, 0x0000000627800000|  0%| F|  |TAMS 0x0000000627400000| PB 0x0000000627400000| Untracked |  0
| 111|0x0000000627800000, 0x0000000627800000, 0x0000000627c00000|  0%| F|  |TAMS 0x0000000627800000| PB 0x0000000627800000| Untracked |  0
| 112|0x0000000627c00000, 0x0000000627c00000, 0x0000000628000000|  0%| F|  |TAMS 0x0000000627c00000| PB 0x0000000627c00000| Untracked |  0
| 113|0x0000000628000000, 0x0000000628000000, 0x0000000628400000|  0%| F|  |TAMS 0x0000000628000000| PB 0x0000000628000000| Untracked |  0
| 114|0x0000000628400000, 0x0000000628400000, 0x0000000628800000|  0%| F|  |TAMS 0x0000000628400000| PB 0x0000000628400000| Untracked |  0
| 115|0x0000000628800000, 0x0000000628800000, 0x0000000628c00000|  0%| F|  |TAMS 0x0000000628800000| PB 0x0000000628800000| Untracked |  0
| 116|0x0000000628c00000, 0x0000000628c00000, 0x0000000629000000|  0%| F|  |TAMS 0x0000000628c00000| PB 0x0000000628c00000| Untracked |  0
| 117|0x0000000629000000, 0x0000000629000000, 0x0000000629400000|  0%| F|  |TAMS 0x0000000629000000| PB 0x0000000629000000| Untracked |  0
| 118|0x0000000629400000, 0x0000000629400000, 0x0000000629800000|  0%| F|  |TAMS 0x0000000629400000| PB 0x0000000629400000| Untracked |  0
| 119|0x0000000629800000, 0x0000000629800000, 0x0000000629c00000|  0%| F|  |TAMS 0x0000000629800000| PB 0x0000000629800000| Untracked |  0
| 120|0x0000000629c00000, 0x0000000629c00000, 0x000000062a000000|  0%| F|  |TAMS 0x0000000629c00000| PB 0x0000000629c00000| Untracked |  0
| 121|0x000000062a000000, 0x000000062a000000, 0x000000062a400000|  0%| F|  |TAMS 0x000000062a000000| PB 0x000000062a000000| Untracked |  0
| 122|0x000000062a400000, 0x000000062a400000, 0x000000062a800000|  0%| F|  |TAMS 0x000000062a400000| PB 0x000000062a400000| Untracked |  0
| 123|0x000000062a800000, 0x000000062a800000, 0x000000062ac00000|  0%| F|  |TAMS 0x000000062a800000| PB 0x000000062a800000| Untracked |  0
| 124|0x000000062ac00000, 0x000000062ac00000, 0x000000062b000000|  0%| F|  |TAMS 0x000000062ac00000| PB 0x000000062ac00000| Untracked |  0
| 125|0x000000062b000000, 0x000000062b170ab8, 0x000000062b400000| 36%| E|  |TAMS 0x000000062b000000| PB 0x000000062b000000| Complete |  0
|2000|0x00000007ffc00000, 0x00000007ffd086c8, 0x0000000800000000| 25%| O|  |TAMS 0x00000007ffc00000| PB 0x00000007ffc00000| Untracked |  0

Card table byte_map: [0x00007f201ac00000,0x00007f201bba2000] _byte_map_base: 0x00007f2017ba2000

Marking Bits: (CMBitMap*) 0x00007f2034054e90
 Bits: [0x00007f2012e00000, 0x00007f201ab10000)

Polling page: 0x00007f203b117000

Metaspace:

Usage:
  Non-class:    162,36 KB used.
      Class:      8,60 KB used.
       Both:    170,96 KB used.

Virtual space:
  Non-class space:       64,00 MB reserved,     256,00 KB ( <1%) committed,  1 nodes.
      Class space:        1,00 GB reserved,     128,00 KB ( <1%) committed,  1 nodes.
             Both:        1,06 GB reserved,     384,00 KB ( <1%) committed. 

Chunk freelists:
   Non-Class:  11,98 MB
       Class:  15,75 MB
        Both:  27,72 MB

MaxMetaspaceSize: unlimited
CompressedClassSpaceSize: 1,00 GB
Initial GC threshold: 21,00 MB
Current GC threshold: 21,00 MB
CDS: on
 - commit_granule_bytes: 65536.
 - commit_granule_words: 8192.
 - virtual_space_node_default_size: 8388608.
 - enlarge_chunks_in_place: 1.
 - use_allocation_guard: 0.


Internal statistics:

num_allocs_failed_limit: 0.
num_arena_births: 6.
num_arena_deaths: 0.
num_vsnodes_births: 2.
num_vsnodes_deaths: 0.
num_space_committed: 6.
num_space_uncommitted: 0.
num_chunks_returned_to_freelist: 0.
num_chunks_taken_from_freelist: 10.
num_chunk_merges: 0.
num_chunk_splits: 6.
num_chunks_enlarged: 2.
num_inconsistent_stats: 0.

CodeHeap 'non-profiled nmethods': size=120028Kb used=14Kb max_used=14Kb free=120013Kb
 bounds [0x00007f20246c9000, 0x00007f2024939000, 0x00007f202bc00000]
CodeHeap 'profiled nmethods': size=120028Kb used=14Kb max_used=14Kb free=120013Kb
 bounds [0x00007f201cc00000, 0x00007f201ce70000, 0x00007f2024137000]
CodeHeap 'non-nmethods': size=5704Kb used=1258Kb max_used=1258Kb free=4445Kb
 bounds [0x00007f2024137000, 0x00007f20243a7000, 0x00007f20246c9000]
 total_blobs=421 nmethods=32 adapters=296
 compilation: enabled
              stopped_count=0, restarted_count=0
 full_count=0

Compilation events (20 events):
Event: 0,018 Thread 0x00007f2034150120    8       3       java.lang.String::charAt (25 bytes)
Event: 0,018 Thread 0x00007f2034150120 nmethod 8 0x00007f201cc02110 code [0x00007f201cc022e0, 0x00007f201cc02668]
Event: 0,018 Thread 0x00007f2034150120   10       3       java.lang.String::length (11 bytes)
Event: 0,018 Thread 0x00007f2034150120 nmethod 10 0x00007f201cc02810 code [0x00007f201cc029a0, 0x00007f201cc02b40]
Event: 0,020 Thread 0x00007f2034150120   15       3       java.util.concurrent.ConcurrentHashMap::spread (10 bytes)
Event: 0,020 Thread 0x00007f2034150120 nmethod 15 0x00007f201cc02c10 code [0x00007f201cc02da0, 0x00007f201cc02e90]
Event: 0,020 Thread 0x00007f2034150120   16       1       java.lang.Enum::ordinal (5 bytes)
Event: 0,020 Thread 0x00007f2034150120 nmethod 16 0x00007f20246c9d10 code [0x00007f20246c9ea0, 0x00007f20246c9f60]
Event: 0,020 Thread 0x00007f2034150120   18       3       java.util.Objects::requireNonNull (14 bytes)
Event: 0,020 Thread 0x00007f2034150120 nmethod 18 0x00007f201cc02f10 code [0x00007f201cc030c0, 0x00007f201cc032a8]
Event: 0,020 Thread 0x00007f2034150120   19       1       jdk.internal.util.StrongReferenceKey::get (5 bytes)
Event: 0,020 Thread 0x00007f2034150120 nmethod 19 0x00007f20246ca310 code [0x00007f20246ca4a0, 0x00007f20246ca568]
Event: 0,020 Thread 0x00007f203414ea10   20       4       java.lang.Object::<init> (1 bytes)
Event: 0,020 Thread 0x00007f203414ea10 nmethod 20 0x00007f20246ca610 code [0x00007f20246ca780, 0x00007f20246ca808]
Event: 0,022 Thread 0x00007f2034150120   28       3       java.lang.Math::min (11 bytes)
Event: 0,022 Thread 0x00007f2034150120 nmethod 28 0x00007f201cc03390 code [0x00007f201cc03520, 0x00007f201cc03650]
Event: 0,022 Thread 0x00007f2034150120   29       1       java.lang.invoke.MethodType::returnType (5 bytes)
Event: 0,022 Thread 0x00007f2034150120 nmethod 29 0x00007f20246cbf90 code [0x00007f20246cc120, 0x00007f20246cc1e8]
Event: 0,022 Thread 0x00007f2034150120   30       3       java.lang.ref.ReferenceQueue::headIsNull (13 bytes)
Event: 0,022 Thread 0x00007f2034150120 nmethod 30 0x00007f201cc03710 code [0x00007f201cc038a0, 0x00007f201cc03a00]

GC Heap History (0 events):
No events

Dll operation events (5 events):
Event: 0,001 Loaded shared library /home/tosic-killer/.jdks/openjdk-22.0.1/lib/libjava.so
Event: 0,014 Loaded shared library /home/tosic-killer/.jdks/openjdk-22.0.1/lib/libjsvml.so
Event: 0,016 Loaded shared library /home/tosic-killer/.jdks/openjdk-22.0.1/lib/libnio.so
Event: 0,017 Loaded shared library /home/tosic-killer/.jdks/openjdk-22.0.1/lib/libzip.so
Event: 0,023 Loaded shared library /home/tosic-killer/RustroverProjects/ffi_testing/bindings/c/libffi_lib_jni.so

Deoptimization events (0 events):
No events

Classes loaded (6 events):
Event: 0,012 Loading class sun/nio/cs/UTF_8$Encoder
Event: 0,012 Loading class sun/nio/cs/UTF_8$Encoder done
Event: 0,015 Loading class jdk/internal/vm/PostVMInitHook
Event: 0,015 Loading class jdk/internal/vm/PostVMInitHook done
Event: 0,018 Loading class java/lang/UnsatisfiedLinkError
Event: 0,018 Loading class java/lang/UnsatisfiedLinkError done

Classes unloaded (0 events):
No events

Classes redefined (0 events):
No events

Internal exceptions (0 events):
No events

ZGC Phase Switch (0 events):
No events

VM Operations (2 events):
Event: 0,023 Executing VM operation: HandshakeAllThreads (Deoptimize)
Event: 0,023 Executing VM operation: HandshakeAllThreads (Deoptimize) done

Events (20 events):
Event: 0,001 Protecting memory [0x00007f203981f000,0x00007f2039823000] with protection modes 0
Event: 0,009 Thread 0x00007f2034028970 Thread added: 0x00007f2034028970
Event: 0,013 Thread 0x00007f20341470c0 Thread added: 0x00007f20341470c0
Event: 0,013 Protecting memory [0x00007f20106fa000,0x00007f20106fe000] with protection modes 0
Event: 0,013 Thread 0x00007f2034148710 Thread added: 0x00007f2034148710
Event: 0,013 Protecting memory [0x00007f20105fa000,0x00007f20105fe000] with protection modes 0
Event: 0,013 Thread 0x00007f203414a310 Thread added: 0x00007f203414a310
Event: 0,013 Protecting memory [0x00007f20104fa000,0x00007f20104fe000] with protection modes 0
Event: 0,013 Thread 0x00007f203414b950 Thread added: 0x00007f203414b950
Event: 0,013 Protecting memory [0x00007f20103fa000,0x00007f20103fe000] with protection modes 0
Event: 0,013 Thread 0x00007f203414cef0 Thread added: 0x00007f203414cef0
Event: 0,013 Protecting memory [0x00007f20102fa000,0x00007f20102fe000] with protection modes 0
Event: 0,013 Thread 0x00007f203414ea10 Thread added: 0x00007f203414ea10
Event: 0,013 Protecting memory [0x00007f20101fa000,0x00007f20101fe000] with protection modes 0
Event: 0,013 Thread 0x00007f2034150120 Thread added: 0x00007f2034150120
Event: 0,013 Protecting memory [0x00007f20100fa000,0x00007f20100fe000] with protection modes 0
Event: 0,015 Thread 0x00007f203415e250 Thread added: 0x00007f203415e250
Event: 0,015 Protecting memory [0x00007f200bf00000,0x00007f200bf04000] with protection modes 0
Event: 0,015 Thread 0x00007f2034161db0 Thread added: 0x00007f2034161db0
Event: 0,015 Protecting memory [0x00007f200be00000,0x00007f200be04000] with protection modes 0


Dynamic libraries:
60bc00000-62b400000 rw-p 00000000 00:00 0 
62b400000-7ffc00000 ---p 00000000 00:00 0 
7ffc00000-7ffd09000 rw-p 00cb3000 00:25 5795254                          /home/tosic-killer/.jdks/openjdk-22.0.1/lib/server/classes.jsa
7ffd09000-800000000 rw-p 00000000 00:00 0 
56520aba2000-56520aba3000 r-xp 00000000 00:25 5794757                    /home/tosic-killer/.jdks/openjdk-22.0.1/bin/java
56520aba4000-56520aba5000 r--p 00001000 00:25 5794757                    /home/tosic-killer/.jdks/openjdk-22.0.1/bin/java
56520aba5000-56520aba6000 rw-p 00002000 00:25 5794757                    /home/tosic-killer/.jdks/openjdk-22.0.1/bin/java
56520b6ff000-56520b746000 rw-p 00000000 00:00 0                          [heap]
7f1f5c000000-7f1f5c021000 rw-p 00000000 00:00 0 
7f1f5c021000-7f1f60000000 ---p 00000000 00:00 0 
7f1f60000000-7f1f60021000 rw-p 00000000 00:00 0 
7f1f60021000-7f1f64000000 ---p 00000000 00:00 0 
7f1f68000000-7f1f68021000 rw-p 00000000 00:00 0 
7f1f68021000-7f1f6c000000 ---p 00000000 00:00 0 
7f1f6c000000-7f1f6c068000 rw-p 00000000 00:00 0 
7f1f6c068000-7f1f70000000 ---p 00000000 00:00 0 
7f1f74000000-7f1f74021000 rw-p 00000000 00:00 0 
7f1f74021000-7f1f78000000 ---p 00000000 00:00 0 
7f1f78000000-7f1f78021000 rw-p 00000000 00:00 0 
7f1f78021000-7f1f7c000000 ---p 00000000 00:00 0 
7f1f80000000-7f1f80021000 rw-p 00000000 00:00 0 
7f1f80021000-7f1f84000000 ---p 00000000 00:00 0 
7f1f84000000-7f1f84021000 rw-p 00000000 00:00 0 
7f1f84021000-7f1f88000000 ---p 00000000 00:00 0 
7f1f8c000000-7f1f8c021000 rw-p 00000000 00:00 0 
7f1f8c021000-7f1f90000000 ---p 00000000 00:00 0 
7f1f92a00000-7f1f9fff9000 r--p 00000000 00:25 15729564                   /usr/lib/locale/locale-archive
7f1fa0000000-7f1fa0021000 rw-p 00000000 00:00 0 
7f1fa0021000-7f1fa4000000 ---p 00000000 00:00 0 
7f1fa8000000-7f1fa8030000 rw-p 00000000 00:00 0 
7f1fa8030000-7f1fa8400000 ---p 00000000 00:00 0 
7f1fa8400000-7f1fa8410000 rw-p 00000000 00:00 0 
7f1fa8410000-7f1fac000000 ---p 00000000 00:00 0 
7f1fac000000-7f1fac021000 rw-p 00000000 00:00 0 
7f1fac021000-7f1fb0000000 ---p 00000000 00:00 0 
7f1fb2000000-7f1fb2c74000 rw-p 00001000 00:25 5795254                    /home/tosic-killer/.jdks/openjdk-22.0.1/lib/server/classes.jsa
7f1fb2c74000-7f1fb3000000 ---p 00000000 00:00 0 
7f1fb3000000-7f1fb3010000 rw-p 00000000 00:00 0 
7f1fb3010000-7f1fb3040000 ---p 00000000 00:00 0 
7f1fb3040000-7f1fb3050000 rw-p 00000000 00:00 0 
7f1fb3050000-7f1ff3000000 ---p 00000000 00:00 0 
7f1ff4000000-7f1ff4021000 rw-p 00000000 00:00 0 
7f1ff4021000-7f1ff8000000 ---p 00000000 00:00 0 
7f1ff8000000-7f1ff8021000 rw-p 00000000 00:00 0 
7f1ff8021000-7f1ffc000000 ---p 00000000 00:00 0 
7f2000000000-7f2000021000 rw-p 00000000 00:00 0 
7f2000021000-7f2004000000 ---p 00000000 00:00 0 
7f2004000000-7f2004021000 rw-p 00000000 00:00 0 
7f2004021000-7f2008000000 ---p 00000000 00:00 0 
7f200b200000-7f200b4c3000 rw-p 00000000 00:00 0 
7f200b68a000-7f200b800000 rw-p 00000000 00:00 0 
7f200b800000-7f200b89c000 r--p 00000000 00:25 15730412                   /usr/lib64/libstdc++.so.6.0.32
7f200b89c000-7f200b9c6000 r-xp 0009c000 00:25 15730412                   /usr/lib64/libstdc++.so.6.0.32
7f200b9c6000-7f200ba42000 r--p 001c6000 00:25 15730412                   /usr/lib64/libstdc++.so.6.0.32
7f200ba42000-7f200ba4f000 r--p 00242000 00:25 15730412                   /usr/lib64/libstdc++.so.6.0.32
7f200ba4f000-7f200ba50000 rw-p 0024f000 00:25 15730412                   /usr/lib64/libstdc++.so.6.0.32
7f200ba50000-7f200ba54000 rw-p 00000000 00:00 0 
7f200bb91000-7f200bc1d000 rw-p 00000000 00:00 0 
7f200bc1d000-7f200bc3b000 r--p 00000000 00:25 5791211                    /home/tosic-killer/RustroverProjects/ffi_testing/target/release/libffi_lib.so
7f200bc3b000-7f200bd96000 r-xp 0001e000 00:25 5791211                    /home/tosic-killer/RustroverProjects/ffi_testing/target/release/libffi_lib.so
7f200bd96000-7f200bdeb000 r--p 00179000 00:25 5791211                    /home/tosic-killer/RustroverProjects/ffi_testing/target/release/libffi_lib.so
7f200bdeb000-7f200bdff000 r--p 001cd000 00:25 5791211                    /home/tosic-killer/RustroverProjects/ffi_testing/target/release/libffi_lib.so
7f200bdff000-7f200be00000 rw-p 001e1000 00:25 5791211                    /home/tosic-killer/RustroverProjects/ffi_testing/target/release/libffi_lib.so
7f200be00000-7f200be04000 ---p 00000000 00:00 0 
7f200be04000-7f200bf00000 rw-p 00000000 00:00 0 
7f200bf00000-7f200bf04000 ---p 00000000 00:00 0 
7f200bf04000-7f200c000000 rw-p 00000000 00:00 0 
7f200c000000-7f200c021000 rw-p 00000000 00:00 0 
7f200c021000-7f2010000000 ---p 00000000 00:00 0 
7f201002a000-7f20100f8000 r-xp 00000000 00:25 5795226                    /home/tosic-killer/.jdks/openjdk-22.0.1/lib/libjsvml.so
7f20100f8000-7f20100f9000 r--p 000cd000 00:25 5795226                    /home/tosic-killer/.jdks/openjdk-22.0.1/lib/libjsvml.so
7f20100f9000-7f20100fa000 rw-p 000ce000 00:25 5795226                    /home/tosic-killer/.jdks/openjdk-22.0.1/lib/libjsvml.so
7f20100fa000-7f20100fe000 ---p 00000000 00:00 0 
7f20100fe000-7f20101fa000 rw-p 00000000 00:00 0 
7f20101fa000-7f20101fe000 ---p 00000000 00:00 0 
7f20101fe000-7f20102fa000 rw-p 00000000 00:00 0 
7f20102fa000-7f20102fe000 ---p 00000000 00:00 0 
7f20102fe000-7f20103fa000 rw-p 00000000 00:00 0 
7f20103fa000-7f20103fe000 ---p 00000000 00:00 0 
7f20103fe000-7f20104fa000 rw-p 00000000 00:00 0 
7f20104fa000-7f20104fe000 ---p 00000000 00:00 0 
7f20104fe000-7f20105fa000 rw-p 00000000 00:00 0 
7f20105fa000-7f20105fe000 ---p 00000000 00:00 0 
7f20105fe000-7f20106fa000 rw-p 00000000 00:00 0 
7f20106fa000-7f20106fe000 ---p 00000000 00:00 0 
7f20106fe000-7f20107fa000 rw-p 00000000 00:00 0 
7f20107fa000-7f20107fb000 ---p 00000000 00:00 0 
7f20107fb000-7f20108fb000 rw-p 00000000 00:00 0 
7f20108fb000-7f20108fc000 ---p 00000000 00:00 0 
7f20108fc000-7f20109fc000 rw-p 00000000 00:00 0 
7f20109fc000-7f20109fd000 ---p 00000000 00:00 0 
7f20109fd000-7f2010afd000 rw-p 00000000 00:00 0 
7f2010afd000-7f2010afe000 ---p 00000000 00:00 0 
7f2010afe000-7f2010bfe000 rw-p 00000000 00:00 0 
7f2010bfe000-7f20135e0000 rw-p 00000000 00:00 0 
7f20135e0000-7f201ab00000 ---p 00000000 00:00 0 
7f201ab00000-7f201ab10000 rw-p 00000000 00:00 0 
7f201ab28000-7f201acfc000 rw-p 00000000 00:00 0 
7f201acfc000-7f201bba0000 ---p 00000000 00:00 0 
7f201bba0000-7f201bba2000 rw-p 00000000 00:00 0 
7f201bbac000-7f201bbaf000 r--p 00000000 00:25 15729516                   /usr/lib64/libgcc_s-13-20240316.so.1
7f201bbaf000-7f201bbca000 r-xp 00003000 00:25 15729516                   /usr/lib64/libgcc_s-13-20240316.so.1
7f201bbca000-7f201bbce000 r--p 0001e000 00:25 15729516                   /usr/lib64/libgcc_s-13-20240316.so.1
7f201bbce000-7f201bbcf000 r--p 00021000 00:25 15729516                   /usr/lib64/libgcc_s-13-20240316.so.1
7f201bbcf000-7f201bbd0000 rw-p 00000000 00:00 0 
7f201bbe3000-7f201bbea000 r--s 00000000 00:25 15817744                   /usr/lib64/gconv/gconv-modules.cache
7f201bbea000-7f201bbfd000 r-xp 00000000 00:25 5795234                    /home/tosic-killer/.jdks/openjdk-22.0.1/lib/libnio.so
7f201bbfd000-7f201bbfe000 ---p 00013000 00:25 5795234                    /home/tosic-killer/.jdks/openjdk-22.0.1/lib/libnio.so
7f201bbfe000-7f201bbff000 r--p 00013000 00:25 5795234                    /home/tosic-killer/.jdks/openjdk-22.0.1/lib/libnio.so
7f201bbff000-7f201bc00000 rw-p 00014000 00:25 5795234                    /home/tosic-killer/.jdks/openjdk-22.0.1/lib/libnio.so
7f201bc00000-7f201bcfc000 rw-p 00000000 00:00 0 
7f201bcfc000-7f201cba0000 ---p 00000000 00:00 0 
7f201cba0000-7f201cba2000 rw-p 00000000 00:00 0 
7f201cba5000-7f201cc00000 rw-p 00000000 00:00 0 
7f201cc00000-7f201ce70000 rwxp 00000000 00:00 0 
7f201ce70000-7f2024137000 ---p 00000000 00:00 0 
7f2024137000-7f20243a7000 rwxp 00000000 00:00 0 
7f20243a7000-7f20246c9000 ---p 00000000 00:00 0 
7f20246c9000-7f2024939000 rwxp 00000000 00:00 0 
7f2024939000-7f202bc00000 ---p 00000000 00:00 0 
7f202bc00000-7f2033fb6000 r--s 00000000 00:25 5795244                    /home/tosic-killer/.jdks/openjdk-22.0.1/lib/modules
7f2033fb8000-7f2033fbb000 r--p 00000000 00:25 5797891                    /home/tosic-killer/RustroverProjects/ffi_testing/bindings/c/libffi_lib_jni.so
7f2033fbb000-7f2033fbc000 r-xp 00003000 00:25 5797891                    /home/tosic-killer/RustroverProjects/ffi_testing/bindings/c/libffi_lib_jni.so
7f2033fbc000-7f2033fbd000 r--p 00004000 00:25 5797891                    /home/tosic-killer/RustroverProjects/ffi_testing/bindings/c/libffi_lib_jni.so
7f2033fbd000-7f2033fbe000 r--p 00004000 00:25 5797891                    /home/tosic-killer/RustroverProjects/ffi_testing/bindings/c/libffi_lib_jni.so
7f2033fbe000-7f2033fbf000 rw-p 00005000 00:25 5797891                    /home/tosic-killer/RustroverProjects/ffi_testing/bindings/c/libffi_lib_jni.so
7f2033fbf000-7f203424f000 rw-p 00000000 00:00 0 
7f203424f000-7f2038000000 ---p 00000000 00:00 0 
7f2038006000-7f203800d000 r-xp 00000000 00:25 5795243                    /home/tosic-killer/.jdks/openjdk-22.0.1/lib/libzip.so
7f203800d000-7f203800e000 ---p 00007000 00:25 5795243                    /home/tosic-killer/.jdks/openjdk-22.0.1/lib/libzip.so
7f203800e000-7f203800f000 r--p 00007000 00:25 5795243                    /home/tosic-killer/.jdks/openjdk-22.0.1/lib/libzip.so
7f203800f000-7f2038010000 rw-p 00008000 00:25 5795243                    /home/tosic-killer/.jdks/openjdk-22.0.1/lib/libzip.so
7f2038010000-7f2038818000 rw-p 00000000 00:00 0 
7f2038818000-7f2038819000 ---p 00000000 00:00 0 
7f2038819000-7f2038919000 rw-p 00000000 00:00 0 
7f2038919000-7f203891a000 ---p 00000000 00:00 0 
7f203891a000-7f2038a1a000 rw-p 00000000 00:00 0 
7f2038a1a000-7f2038a1b000 ---p 00000000 00:00 0 
7f2038a1b000-7f2038b1b000 rw-p 00000000 00:00 0 
7f2038b1b000-7f203962a000 rw-p 00000000 00:00 0 
7f203962a000-7f2039710000 ---p 00000000 00:00 0 
7f2039710000-7f2039715000 rw-p 00000000 00:00 0 
7f2039715000-7f20397fb000 ---p 00000000 00:00 0 
7f20397fb000-7f203981b000 r-xp 00000000 00:25 5795218                    /home/tosic-killer/.jdks/openjdk-22.0.1/lib/libjava.so
7f203981b000-7f203981c000 ---p 00020000 00:25 5795218                    /home/tosic-killer/.jdks/openjdk-22.0.1/lib/libjava.so
7f203981c000-7f203981d000 r--p 00020000 00:25 5795218                    /home/tosic-killer/.jdks/openjdk-22.0.1/lib/libjava.so
7f203981d000-7f203981e000 rw-p 00021000 00:25 5795218                    /home/tosic-killer/.jdks/openjdk-22.0.1/lib/libjava.so
7f203981e000-7f203981f000 rw-p 00000000 00:00 0 
7f203981f000-7f2039823000 ---p 00000000 00:00 0 
7f2039823000-7f203991f000 rw-p 00000000 00:00 0 
7f203991f000-7f203992f000 r--p 00000000 00:25 15730337                   /usr/lib64/libm.so.6
7f203992f000-7f20399a4000 r-xp 00010000 00:25 15730337                   /usr/lib64/libm.so.6
7f20399a4000-7f20399fe000 r--p 00085000 00:25 15730337                   /usr/lib64/libm.so.6
7f20399fe000-7f20399ff000 r--p 000de000 00:25 15730337                   /usr/lib64/libm.so.6
7f20399ff000-7f2039a00000 rw-p 000df000 00:25 15730337                   /usr/lib64/libm.so.6
7f2039a00000-7f203ad40000 r-xp 00000000 00:25 5795257                    /home/tosic-killer/.jdks/openjdk-22.0.1/lib/server/libjvm.so
7f203ad40000-7f203ae0d000 r--p 0133f000 00:25 5795257                    /home/tosic-killer/.jdks/openjdk-22.0.1/lib/server/libjvm.so
7f203ae0d000-7f203ae3b000 rw-p 0140c000 00:25 5795257                    /home/tosic-killer/.jdks/openjdk-22.0.1/lib/server/libjvm.so
7f203ae3b000-7f203aeb1000 rw-p 00000000 00:00 0 
7f203aeb5000-7f203aec0000 r-xp 00000000 00:25 5795233                    /home/tosic-killer/.jdks/openjdk-22.0.1/lib/libnet.so
7f203aec0000-7f203aec1000 ---p 0000b000 00:25 5795233                    /home/tosic-killer/.jdks/openjdk-22.0.1/lib/libnet.so
7f203aec1000-7f203aec2000 r--p 0000b000 00:25 5795233                    /home/tosic-killer/.jdks/openjdk-22.0.1/lib/libnet.so
7f203aec2000-7f203aec3000 rw-p 0000c000 00:25 5795233                    /home/tosic-killer/.jdks/openjdk-22.0.1/lib/libnet.so
7f203aec3000-7f203aee1000 r-xp 00000000 00:25 5795222                    /home/tosic-killer/.jdks/openjdk-22.0.1/lib/libjimage.so
7f203aee1000-7f203aee3000 r--p 0001d000 00:25 5795222                    /home/tosic-killer/.jdks/openjdk-22.0.1/lib/libjimage.so
7f203aee3000-7f203aee4000 rw-p 0001f000 00:25 5795222                    /home/tosic-killer/.jdks/openjdk-22.0.1/lib/libjimage.so
7f203aee4000-7f203aee5000 r--p 00000000 00:25 15730344                   /usr/lib64/librt.so.1
7f203aee5000-7f203aee6000 r-xp 00001000 00:25 15730344                   /usr/lib64/librt.so.1
7f203aee6000-7f203aee7000 r--p 00002000 00:25 15730344                   /usr/lib64/librt.so.1
7f203aee7000-7f203aee8000 r--p 00002000 00:25 15730344                   /usr/lib64/librt.so.1
7f203aee8000-7f203aee9000 rw-p 00003000 00:25 15730344                   /usr/lib64/librt.so.1
7f203aee9000-7f203aeed000 rw-p 00000000 00:00 0 
7f203aeed000-7f203af13000 r--p 00000000 00:25 15730334                   /usr/lib64/libc.so.6
7f203af13000-7f203b070000 r-xp 00026000 00:25 15730334                   /usr/lib64/libc.so.6
7f203b070000-7f203b0bd000 r--p 00183000 00:25 15730334                   /usr/lib64/libc.so.6
7f203b0bd000-7f203b0c1000 r--p 001d0000 00:25 15730334                   /usr/lib64/libc.so.6
7f203b0c1000-7f203b0c3000 rw-p 001d4000 00:25 15730334                   /usr/lib64/libc.so.6
7f203b0c3000-7f203b0cb000 rw-p 00000000 00:00 0 
7f203b0cb000-7f203b0cc000 r--p 00000000 00:25 15730336                   /usr/lib64/libdl.so.2
7f203b0cc000-7f203b0cd000 r-xp 00001000 00:25 15730336                   /usr/lib64/libdl.so.2
7f203b0cd000-7f203b0ce000 r--p 00002000 00:25 15730336                   /usr/lib64/libdl.so.2
7f203b0ce000-7f203b0cf000 r--p 00002000 00:25 15730336                   /usr/lib64/libdl.so.2
7f203b0cf000-7f203b0d0000 rw-p 00003000 00:25 15730336                   /usr/lib64/libdl.so.2
7f203b0d0000-7f203b0d1000 r--p 00000000 00:25 15730342                   /usr/lib64/libpthread.so.0
7f203b0d1000-7f203b0d2000 r-xp 00001000 00:25 15730342                   /usr/lib64/libpthread.so.0
7f203b0d2000-7f203b0d3000 r--p 00002000 00:25 15730342                   /usr/lib64/libpthread.so.0
7f203b0d3000-7f203b0d4000 r--p 00002000 00:25 15730342                   /usr/lib64/libpthread.so.0
7f203b0d4000-7f203b0d5000 rw-p 00003000 00:25 15730342                   /usr/lib64/libpthread.so.0
7f203b0d5000-7f203b0e4000 r-xp 00000000 00:25 5795223                    /home/tosic-killer/.jdks/openjdk-22.0.1/lib/libjli.so
7f203b0e4000-7f203b0e5000 r--p 0000e000 00:25 5795223                    /home/tosic-killer/.jdks/openjdk-22.0.1/lib/libjli.so
7f203b0e5000-7f203b0e6000 rw-p 0000f000 00:25 5795223                    /home/tosic-killer/.jdks/openjdk-22.0.1/lib/libjli.so
7f203b0e6000-7f203b0e9000 r--p 00000000 00:25 33100                      /usr/lib64/libz.so.1.2.13
7f203b0e9000-7f203b0f8000 r-xp 00003000 00:25 33100                      /usr/lib64/libz.so.1.2.13
7f203b0f8000-7f203b0fe000 r--p 00012000 00:25 33100                      /usr/lib64/libz.so.1.2.13
7f203b0fe000-7f203b0ff000 r--p 00018000 00:25 33100                      /usr/lib64/libz.so.1.2.13
7f203b0ff000-7f203b100000 rw-p 00000000 00:00 0 
7f203b103000-7f203b108000 rw-p 00000000 00:00 0 
7f203b108000-7f203b10f000 ---p 00000000 00:00 0 
7f203b10f000-7f203b117000 rw-s 00000000 00:2a 14565                      /tmp/hsperfdata_tosic-killer/2738925
7f203b117000-7f203b118000 ---p 00000000 00:00 0 
7f203b118000-7f203b119000 r--p 00000000 00:00 0 
7f203b119000-7f203b11a000 ---p 00000000 00:00 0 
7f203b11a000-7f203b11c000 rw-p 00000000 00:00 0 
7f203b11c000-7f203b11d000 r--p 00000000 00:25 15730331                   /usr/lib64/ld-linux-x86-64.so.2
7f203b11d000-7f203b144000 r-xp 00001000 00:25 15730331                   /usr/lib64/ld-linux-x86-64.so.2
7f203b144000-7f203b14e000 r--p 00028000 00:25 15730331                   /usr/lib64/ld-linux-x86-64.so.2
7f203b14e000-7f203b150000 r--p 00031000 00:25 15730331                   /usr/lib64/ld-linux-x86-64.so.2
7f203b150000-7f203b152000 rw-p 00033000 00:25 15730331                   /usr/lib64/ld-linux-x86-64.so.2
7ffc33e47000-7ffc33e69000 rw-p 00000000 00:00 0                          [stack]
7ffc33ed2000-7ffc33ed6000 r--p 00000000 00:00 0                          [vvar]
7ffc33ed6000-7ffc33ed8000 r-xp 00000000 00:00 0                          [vdso]
ffffffffff600000-ffffffffff601000 --xp 00000000 00:00 0                  [vsyscall]
Total number of mappings: 212


VM Arguments:
jvm_args: -Djava.library.path=/home/tosic-killer/RustroverProjects/ffi_testing/bindings/c 
java_command: ffi.jar
java_class_path (initial): ffi.jar
Launcher Type: SUN_STANDARD

[Global flags]
     intx CICompilerCount                          = 4                                         {product} {ergonomic}
     uint ConcGCThreads                            = 3                                         {product} {ergonomic}
     uint G1ConcRefinementThreads                  = 10                                        {product} {ergonomic}
   size_t G1HeapRegionSize                         = 4194304                                   {product} {ergonomic}
   size_t InitialHeapSize                          = 528482304                                 {product} {ergonomic}
   size_t MarkStackSize                            = 4194304                                   {product} {ergonomic}
   size_t MaxHeapSize                              = 8392802304                                {product} {ergonomic}
   size_t MaxNewSize                               = 5033164800                                {product} {ergonomic}
   size_t MinHeapDeltaBytes                        = 4194304                                   {product} {ergonomic}
   size_t MinHeapSize                              = 8388608                                   {product} {ergonomic}
    uintx NonNMethodCodeHeapSize                   = 5839372                                {pd product} {ergonomic}
    uintx NonProfiledCodeHeapSize                  = 122909434                              {pd product} {ergonomic}
    uintx ProfiledCodeHeapSize                     = 122909434                              {pd product} {ergonomic}
    uintx ReservedCodeCacheSize                    = 251658240                              {pd product} {ergonomic}
     bool SegmentedCodeCache                       = true                                      {product} {ergonomic}
   size_t SoftMaxHeapSize                          = 8392802304                             {manageable} {ergonomic}
     bool UseCompressedOops                        = true                           {product lp64_product} {ergonomic}
     bool UseG1GC                                  = true                                      {product} {ergonomic}

Logging:
Log output configuration:
 #0: stdout all=warning uptime,level,tags foldmultilines=false
 #1: stderr all=off uptime,level,tags foldmultilines=false

Environment Variables:
JAVA_HOME=/home/tosic-killer/.jdks/openjdk-22.0.1
PATH=/home/tosic-killer/.jdks/openjdk-22.0.1/bin:/home/tosic-killer/mambaforge/bin:/home/tosic-killer/mambaforge/condabin:/home/tosic-killer/.wasmer/bin:/home/tosic-killer/.nvm/versions/node/v20.6.1/bin:/home/tosic-killer/.cargo/bin:/usr/local/bin:/usr/local/sbin:/usr/bin:/usr/sbin:/home/tosic-killer/.local/share/JetBrains/Toolbox/scripts:/home/tosic-killer/.dotnet/tools
USERNAME=tosic-killer
LD_LIBRARY_PATH=/home/tosic-killer/RustroverProjects/ffi_testing/target/release
SHELL=/usr/bin/zsh
DISPLAY=:0
LANG=en_US.UTF-8
LC_NUMERIC=sv_SE.UTF-8
LC_TIME=sv_SE.UTF-8
TERM=xterm-256color

Active Locale:
LC_ALL=LC_CTYPE=en_US.UTF-8;LC_NUMERIC=sv_SE.UTF-8;LC_TIME=sv_SE.UTF-8;LC_COLLATE=en_US.UTF-8;LC_MONETARY=sv_SE.UTF-8;LC_MESSAGES=en_US.UTF-8;LC_PAPER=sv_SE.UTF-8;LC_NAME=en_US.UTF-8;LC_ADDRESS=en_US.UTF-8;LC_TELEPHONE=en_US.UTF-8;LC_MEASUREMENT=sv_SE.UTF-8;LC_IDENTIFICATION=en_US.UTF-8
LC_COLLATE=en_US.UTF-8
LC_CTYPE=en_US.UTF-8
LC_MESSAGES=en_US.UTF-8
LC_MONETARY=sv_SE.UTF-8
LC_NUMERIC=sv_SE.UTF-8
LC_TIME=sv_SE.UTF-8

Signal Handlers:
   SIGSEGV: crash_handler in libjvm.so, mask=11100100010111111101111111111110, flags=SA_RESTART|SA_SIGINFO, unblocked
    SIGBUS: crash_handler in libjvm.so, mask=11100100010111111101111111111110, flags=SA_RESTART|SA_SIGINFO, unblocked
    SIGFPE: crash_handler in libjvm.so, mask=11100100010111111101111111111110, flags=SA_RESTART|SA_SIGINFO, unblocked
   SIGPIPE: javaSignalHandler in libjvm.so, mask=11100100010111111101111111111110, flags=SA_RESTART|SA_SIGINFO, blocked
   SIGXFSZ: javaSignalHandler in libjvm.so, mask=11100100010111111101111111111110, flags=SA_RESTART|SA_SIGINFO, blocked
    SIGILL: crash_handler in libjvm.so, mask=11100100010111111101111111111110, flags=SA_RESTART|SA_SIGINFO, unblocked
   SIGUSR2: SR_handler in libjvm.so, mask=00000000000000000000000000000000, flags=SA_RESTART|SA_SIGINFO, blocked
    SIGHUP: UserHandler in libjvm.so, mask=11100100010111111101111111111110, flags=SA_RESTART|SA_SIGINFO, blocked
    SIGINT: UserHandler in libjvm.so, mask=11100100010111111101111111111110, flags=SA_RESTART|SA_SIGINFO, blocked
   SIGTERM: UserHandler in libjvm.so, mask=11100100010111111101111111111110, flags=SA_RESTART|SA_SIGINFO, blocked
   SIGQUIT: UserHandler in libjvm.so, mask=11100100010111111101111111111110, flags=SA_RESTART|SA_SIGINFO, blocked
   SIGTRAP: crash_handler in libjvm.so, mask=11100100010111111101111111111110, flags=SA_RESTART|SA_SIGINFO, unblocked


Periodic native trim disabled

---------------  S Y S T E M  ---------------

OS:
Fedora release 38 (Thirty Eight)
uname: Linux 6.8.9-100.fc38.x86_64 #1 SMP PREEMPT_DYNAMIC Thu May  2 18:50:49 UTC 2024 x86_64
OS uptime: 0 days 2:11 hours
libc: glibc 2.37 NPTL 2.37 
rlimit (soft/hard): STACK 8192k/infinity , CORE infinity/infinity , NPROC 127781/127781 , NOFILE 1048576/1048576 , AS infinity/infinity , CPU infinity/infinity , DATA infinity/infinity , FSIZE infinity/infinity , MEMLOCK 8192k/8192k
load average: 0,14 0,37 0,62

/proc/meminfo:
MemTotal:       32774980 kB
MemFree:         1958884 kB
MemAvailable:   15466524 kB
Buffers:             152 kB
Cached:         13132624 kB
SwapCached:           76 kB
Active:         17059356 kB
Inactive:       11768104 kB
Active(anon):   11936700 kB
Inactive(anon):  3821760 kB
Active(file):    5122656 kB
Inactive(file):  7946344 kB
Unevictable:        5804 kB
Mlocked:            5804 kB
SwapTotal:       8388604 kB
SwapFree:        8327420 kB
Zswap:                 0 kB
Zswapped:              0 kB
Dirty:              1672 kB
Writeback:             0 kB
AnonPages:      15700248 kB
Mapped:          3424568 kB
Shmem:             58600 kB
KReclaimable:     901924 kB
Slab:            1270820 kB
SReclaimable:     901924 kB
SUnreclaim:       368896 kB
KernelStack:       36148 kB
PageTables:       106932 kB
SecPageTables:         0 kB
NFS_Unstable:          0 kB
Bounce:                0 kB
WritebackTmp:          0 kB
CommitLimit:    24776092 kB
Committed_AS:   29948868 kB
VmallocTotal:   34359738367 kB
VmallocUsed:      125392 kB
VmallocChunk:          0 kB
Percpu:            31616 kB
HardwareCorrupted:     0 kB
AnonHugePages:         0 kB
ShmemHugePages:        0 kB
ShmemPmdMapped:        0 kB
FileHugePages:         0 kB
FilePmdMapped:         0 kB
CmaTotal:              0 kB
CmaFree:               0 kB
Unaccepted:            0 kB
HugePages_Total:       0
HugePages_Free:        0
HugePages_Rsvd:        0
HugePages_Surp:        0
Hugepagesize:       2048 kB
Hugetlb:               0 kB
DirectMap4k:      870876 kB
DirectMap2M:    29462528 kB
DirectMap1G:     4194304 kB

/sys/kernel/mm/transparent_hugepage/enabled: always [madvise] never
/sys/kernel/mm/transparent_hugepage/hpage_pmd_size: 2097152
/sys/kernel/mm/transparent_hugepage/shmem_enabled: always within_size advise [never] deny force
/sys/kernel/mm/transparent_hugepage/defrag (defrag/compaction efforts parameter): always defer defer+madvise [madvise] never

Process Memory:
Virtual Size: 11311392K (peak: 11311392K)
Resident Set Size: 47656K (peak: 47656K) (anon: 24576K, file: 23080K, shmem: 0K)
Swapped out: 0K
C-Heap outstanding allocations: 30432K, retained: 2063K
glibc malloc tunables: (default)

/proc/sys/kernel/threads-max (system-wide limit on the number of threads): 255562
/proc/sys/vm/max_map_count (maximum number of memory map areas a process may have): 65530
/proc/sys/kernel/pid_max (system-wide limit on number of process identifiers): 4194304

container (cgroup) information:
container_type: cgroupv2
cpu_cpuset_cpus: not supported
cpu_memory_nodes: not supported
active_processor_count: 12
cpu_quota: no quota
cpu_period: 100000
cpu_shares: no shares
memory_limit_in_bytes: unlimited
memory_and_swap_limit_in_bytes: unlimited
memory_soft_limit_in_bytes: unlimited
memory_usage_in_bytes: 26778748 k
memory_max_usage_in_bytes: not supported
memory_swap_current_in_bytes: 11284 k
memory_swap_max_limit_in_bytes: unlimited
maximum number of tasks: unlimited
current number of tasks: 1564

Steal ticks since vm start: 0
Steal ticks percentage since vm start:  0,000

CPU: total 32 (initial active 12) (12 cores per cpu, 2 threads per core) family 25 model 33 stepping 0 microcode 0xa201016, cx8, cmov, fxsr, ht, mmx, 3dnowpref, sse, sse2, sse3, ssse3, sse4a, sse4.1, sse4.2, popcnt, lzcnt, tsc, tscinvbit, avx, avx2, aes, erms, clmul, bmi1, bmi2, adx, sha, fma, vzeroupper, clflush, clflushopt, rdtscp, rdpid, fsrm, f16c, pku, ospke, cet_ss
CPU Model and flags from /proc/cpuinfo:
model name	: AMD Ryzen 5 5600X 6-Core Processor
flags		: fpu vme de pse tsc msr pae mce cx8 apic sep mtrr pge mca cmov pat pse36 clflush mmx fxsr sse sse2 ht syscall nx mmxext fxsr_opt pdpe1gb rdtscp lm constant_tsc rep_good nopl nonstop_tsc cpuid extd_apicid aperfmperf rapl pni pclmulqdq monitor ssse3 fma cx16 sse4_1 sse4_2 x2apic movbe popcnt aes xsave avx f16c rdrand lahf_lm cmp_legacy svm extapic cr8_legacy abm sse4a misalignsse 3dnowprefetch osvw ibs skinit wdt tce topoext perfctr_core perfctr_nb bpext perfctr_llc mwaitx cpb cat_l3 cdp_l3 hw_pstate ssbd mba ibrs ibpb stibp vmmcall fsgsbase bmi1 avx2 smep bmi2 erms invpcid cqm rdt_a rdseed adx smap clflushopt clwb sha_ni xsaveopt xsavec xgetbv1 xsaves cqm_llc cqm_occup_llc cqm_mbm_total cqm_mbm_local user_shstk clzero irperf xsaveerptr rdpru wbnoinvd arat npt lbrv svm_lock nrip_save tsc_scale vmcb_clean flushbyasid decodeassists pausefilter pfthreshold avic v_vmsave_vmload vgif v_spec_ctrl umip pku ospke vaes vpclmulqdq rdpid overflow_recov succor smca fsrm debug_swap

Online cpus: 0-11
Offline cpus: 12-31
BIOS frequency limitation: 3700000
Frequency switch latency (ns): 0
Available cpu frequencies: 3700000 2800000 2200000 
Current governor: schedutil
Core performance/turbo boost: 1

Memory: 4k page, physical 32774980k(15466524k free), swap 8388604k(8327420k free)
Page Sizes: 4k

vm_info: OpenJDK 64-Bit Server VM (22.0.1+8-16) for linux-amd64 JRE (22.0.1+8-16), built on 2024-03-12T10:33:16Z by "mach5one" with gcc 13.2.0

END.
