#
# A fatal error has been detected by the Java Runtime Environment:
#
#  SIGSEGV (0xb) at pc=0x00007fbc7f747670, pid=2735046, tid=2735047
#
# JRE version: OpenJDK Runtime Environment (22.0.1+8) (build 22.0.1+8-16)
# Java VM: OpenJDK 64-Bit Server VM (22.0.1+8-16, mixed mode, sharing, tiered, compressed oops, compressed class ptrs, g1 gc, linux-amd64)
# Problematic frame:
# C  [libffi_lib.so+0x2a670]  vec4_get_x+0x0
#
# Core dump will be written. Default location: Core dumps may be processed with "/usr/lib/systemd/systemd-coredump %P %u %g %s %t %c %h" (or dumping to /home/tosic-killer/RustroverProjects/ffi_testing/bindings/c/core.2735046)
#
# If you would like to submit a bug report, please visit:
#   https://bugreport.java.com/bugreport/crash.jsp
# The crash happened outside the Java Virtual Machine in native code.
# See problematic frame for where to report the bug.
#

---------------  S U M M A R Y ------------

Command Line: -Djava.library.path=/home/tosic-killer/RustroverProjects/ffi_testing/bindings/c -javaagent:/home/tosic-killer/.local/share/JetBrains/Toolbox/apps/intellij-idea-ultimate/lib/idea_rt.jar=35371:/home/tosic-killer/.local/share/JetBrains/Toolbox/apps/intellij-idea-ultimate/bin -Dfile.encoding=UTF-8 -Dsun.stdout.encoding=UTF-8 -Dsun.stderr.encoding=UTF-8 com.example.Main

Host: AMD Ryzen 5 5600X 6-Core Processor, 32 cores, 31G, Fedora release 38 (Thirty Eight)
Time: Sun Jun 16 21:30:58 2024 CEST elapsed time: 0.050621 seconds (0d 0h 0m 0s)

---------------  T H R E A D  ---------------

Current thread (0x00007fbca802a830):  JavaThread "main"             [_thread_in_native, id=2735047, stack(0x00007fbcad41f000,0x00007fbcad51f000) (1024K)]

Stack: [0x00007fbcad41f000,0x00007fbcad51f000],  sp=0x00007fbcad51d848,  free space=1018k
Native frames: (J=compiled Java code, j=interpreted, Vv=VM code, C=native code)
C  [libffi_lib.so+0x2a670]  vec4_get_x+0x0
j  com.example.Vec4.GetX()F+5
j  com.example.Main.main([Ljava/lang/String;)V+14
v  ~StubRoutines::call_stub 0x00007fbc98137cc6
V  [libjvm.so+0x8f311b]  JavaCalls::call_helper(JavaValue*, methodHandle const&, JavaCallArguments*, JavaThread*)+0x2db
V  [libjvm.so+0x9a3f1e]  jni_invoke_static(JNIEnv_*, JavaValue*, _jobject*, JNICallType, _jmethodID*, JNI_ArgumentPusher*, JavaThread*) [clone .constprop.1]+0x36e
V  [libjvm.so+0x9a67e8]  jni_CallStaticVoidMethod+0x128
C  [libjli.so+0x3960]  invokeStaticMainWithArgs+0x70
C  [libjli.so+0x4924]  JavaMain+0xd84
C  [libjli.so+0x7ee9]  ThreadJavaMain+0x9
C  [libc.so.6+0x8c947]  start_thread+0x2f7
Java frames: (J=compiled Java code, j=interpreted, Vv=VM code)
j  com.example.ffi_libJNI.Vec4_GetX(JLcom/example/Vec4;)F+0
j  com.example.Vec4.GetX()F+5
j  com.example.Main.main([Ljava/lang/String;)V+14
v  ~StubRoutines::call_stub 0x00007fbc98137cc6

siginfo: si_signo: 11 (SIGSEGV), si_code: 1 (SEGV_MAPERR), si_addr: 0x0000000000000000

Registers:
RAX=0x00007fbca7feebd0, RBX=0x00007fbc1c40c860, RCX=0x00007fbcad51d8d8, RDX=0x00007fbca81b3be0
RSP=0x00007fbcad51d848, RBP=0x00007fbcad51d8b8, RSI=0x00007fbcad51d8c8, RDI=0x0000000000000000
R8 =0x0000000000000002, R9 =0x00007fbc9815a78f, R10=0x00007fbc7f71de18, R11=0x00007fbc7f747670
R12=0x0000000000000000, R13=0x00007fbc1c40c860, R14=0x00007fbcad51d8e8, R15=0x00007fbca802a830
RIP=0x00007fbc7f747670, EFLAGS=0x0000000000010206, CSGSFS=0x002b000000000033, ERR=0x0000000000000004
  TRAPNO=0x000000000000000e


Register to memory mapping:

RAX=0x00007fbca7feebd0: Java_com_example_ffi_1libJNI_Vec4_1GetX+0x0000000000000000 in /home/tosic-killer/RustroverProjects/ffi_testing/bindings/c/libffi_lib_jni.so at 0x00007fbca7feb000
RBX={method} {0x00007fbc1c40c860} 'Vec4_GetX' '(JLcom/example/Vec4;)F' in 'com/example/ffi_libJNI'
RCX=0x00007fbcad51d8d8 is pointing into the stack for thread: 0x00007fbca802a830
RDX=0x00007fbca81b3be0 points into unknown readable memory: 0x0000000000000000 | 00 00 00 00 00 00 00 00
RSP=0x00007fbcad51d848 is pointing into the stack for thread: 0x00007fbca802a830
RBP=0x00007fbcad51d8b8 is pointing into the stack for thread: 0x00007fbca802a830
RSI=0x00007fbcad51d8c8 is pointing into the stack for thread: 0x00007fbca802a830
RDI=0x0 is null
R8 =0x0000000000000002 is an unknown value
R9 =0x00007fbc9815a78f is at code_begin+15 in 
[CodeBlob (0x00007fbc9815a710)]
Framesize: 0
BufferBlob (0x00007fbc9815a710) used for Signature Handler Temp Buffer
R10=0x00007fbc7f71de18: <offset 0x0000000000000e18> in ../../target/release/libffi_lib.so at 0x00007fbc7f71d000
R11=0x00007fbc7f747670: vec4_get_x+0x0000000000000000 in ../../target/release/libffi_lib.so at 0x00007fbc7f71d000
R12=0x0 is null
R13={method} {0x00007fbc1c40c860} 'Vec4_GetX' '(JLcom/example/Vec4;)F' in 'com/example/ffi_libJNI'
R14=0x00007fbcad51d8e8 is pointing into the stack for thread: 0x00007fbca802a830
R15=0x00007fbca802a830 is a thread

Top of Stack: (sp=0x00007fbcad51d848)
0x00007fbcad51d848:   00007fbc98143b3c 00007fbcad51d8b8
0x00007fbcad51d858:   00007fbc98143813 0000000000000000
0x00007fbcad51d868:   00007fbc981437db fffffffffffffff7
0x00007fbcad51d878:   00007fbc1c40c860 0000000000000006
0x00007fbcad51d888:   00007fbc1c40cea0 0000000000000000
0x00007fbcad51d898:   000000062b281a70 00007fbc1c40c860
0x00007fbcad51d8a8:   0000000000000000 00007fbcad51d8d8
0x00007fbcad51d8b8:   00007fbcad51d938 00007fbc9813f284
0x00007fbcad51d8c8:   000000062b281a70 00007fbc98141118
0x00007fbcad51d8d8:   000000062b2804e8 00007fbca81b3be0
0x00007fbcad51d8e8:   0000000000000000 fffffffffffffff7
0x00007fbcad51d8f8:   00007fbc1c409615 0000000000000002
0x00007fbcad51d908:   00007fbc1c409f98 0000000000000000
0x00007fbcad51d918:   000000062b280340 00007fbc1c409630
0x00007fbcad51d928:   fffffffffffffff4 00007fbcad51d948
0x00007fbcad51d938:   00007fbcad51d9a0 00007fbc9813f284
0x00007fbcad51d948:   000000062b2804e8 000000062b0047c8
0x00007fbcad51d958:   fffffffffffffff7 00007fbc1c408566
0x00007fbcad51d968:   0000000000000003 00007fbc1c408830
0x00007fbcad51d978:   0000000000000000 000000062b27b560
0x00007fbcad51d988:   00007fbc1c4085c8 fffffffffffffff5
0x00007fbcad51d998:   00007fbcad51d9b8 00007fbcad51da20
0x00007fbcad51d9a8:   00007fbc98137cc6 000000062b2804e8
0x00007fbcad51d9b8:   000000062b27bb28 00007fbc00001fa2
0x00007fbcad51d9c8:   00007fbcad51db40 000000000000000e
0x00007fbcad51d9d8:   00007fbcad51dc98 00007fbcad51dbb0
0x00007fbcad51d9e8:   00007fbca802a830 00007fbcad51dab0
0x00007fbcad51d9f8:   00007fbcad51dc98 00007fbc0000000a
0x00007fbcad51da08:   00007fbc1c4085c8 00007fbc98142780
0x00007fbcad51da18:   00007fbcad51dbb8 00007fbcad51db20
0x00007fbcad51da28:   00007fbcadef311b 0000000000000001
0x00007fbcad51da38:   00007fbca802a830 00007fbcad51da80 

Instructions: (pc=0x00007fbc7f747670)
0x00007fbc7f747570:   48 89 44 24 40 48 c7 44 24 48 01 00 00 00 48 c7
0x00007fbc7f747580:   44 24 60 00 00 00 00 48 89 6c 24 50 48 c7 44 24
0x00007fbc7f747590:   58 01 00 00 00 48 8d 15 4c 40 1a 00 48 8d 7c 24
0x00007fbc7f7475a0:   40 be 01 00 00 00 b9 57 01 00 00 45 31 c0 ff 15
0x00007fbc7f7475b0:   44 73 1b 00 48 8b 74 24 70 48 85 f6 74 0e ba 01
0x00007fbc7f7475c0:   00 00 00 4c 89 e7 ff 15 dc 6c 1b 00 48 89 df 41
0x00007fbc7f7475d0:   ff 16 49 8b 76 08 0f 57 c0 48 85 f6 74 18 49 8b
0x00007fbc7f7475e0:   56 10 48 89 df ff 15 bd 6c 1b 00 0f 57 c0 eb 06
0x00007fbc7f7475f0:   f3 0f 10 44 24 38 48 81 c4 88 00 00 00 5b 41 5c
0x00007fbc7f747600:   41 5d 41 5e 41 5f 5d c3 49 89 c7 48 8b 74 24 70
0x00007fbc7f747610:   48 85 f6 74 34 ba 01 00 00 00 4c 89 e7 ff 15 85
0x00007fbc7f747620:   6c 1b 00 eb 24 49 89 c7 49 8b 76 08 48 85 f6 74
0x00007fbc7f747630:   23 49 8b 56 10 48 89 df ff 15 6a 6c 1b 00 4c 89
0x00007fbc7f747640:   ff e8 0a 3a ff ff 49 89 c7 48 89 df 4c 89 f6 e8
0x00007fbc7f747650:   1c f4 ff ff 4c 89 ff e8 f4 39 ff ff ff 15 a6 67
0x00007fbc7f747660:   1b 00 66 2e 0f 1f 84 00 00 00 00 00 0f 1f 40 00
0x00007fbc7f747670:   f3 0f 10 07 c3 66 2e 0f 1f 84 00 00 00 00 00 90
0x00007fbc7f747680:   f3 0f 10 47 04 c3 66 2e 0f 1f 84 00 00 00 00 00
0x00007fbc7f747690:   f3 0f 10 47 08 c3 66 2e 0f 1f 84 00 00 00 00 00
0x00007fbc7f7476a0:   f3 0f 10 47 0c c3 66 2e 0f 1f 84 00 00 00 00 00
0x00007fbc7f7476b0:   f3 0f 11 07 c3 66 2e 0f 1f 84 00 00 00 00 00 90
0x00007fbc7f7476c0:   f3 0f 11 47 04 c3 66 2e 0f 1f 84 00 00 00 00 00
0x00007fbc7f7476d0:   f3 0f 11 47 08 c3 66 2e 0f 1f 84 00 00 00 00 00
0x00007fbc7f7476e0:   f3 0f 11 47 0c c3 66 2e 0f 1f 84 00 00 00 00 00
0x00007fbc7f7476f0:   53 48 89 fb 48 8b 3f 48 85 ff 74 1b be 10 00 00
0x00007fbc7f747700:   00 ba 04 00 00 00 ff 15 9c 6b 1b 00 48 c7 03 00
0x00007fbc7f747710:   00 00 00 31 c0 5b c3 b8 64 00 00 00 5b c3 66 90
0x00007fbc7f747720:   48 89 f7 48 8d 35 57 ea 14 00 ba 03 00 00 00 ff
0x00007fbc7f747730:   25 b3 6b 1b 00 66 2e 0f 1f 84 00 00 00 00 00 90
0x00007fbc7f747740:   41 57 41 56 41 55 41 54 53 48 89 fb 83 7f 44 ff
0x00007fbc7f747750:   74 75 48 8d 7b 40 ff 15 ac 69 1b 00 4c 8d 63 18
0x00007fbc7f747760:   48 8b 43 20 48 85 c0 74 37 4c 8b 7b 18 41 bd 01 


Stack slot to memory mapping:

stack at sp + 0 slots: 0x00007fbc98143b3c is at code_begin+1052 in an Interpreter codelet
native method entry point (kind = native)  [0x00007fbc98143720, 0x00007fbc98144190]  2672 bytes
stack at sp + 1 slots: 0x00007fbcad51d8b8 is pointing into the stack for thread: 0x00007fbca802a830
stack at sp + 2 slots: 0x00007fbc98143813 is at code_begin+243 in an Interpreter codelet
native method entry point (kind = native)  [0x00007fbc98143720, 0x00007fbc98144190]  2672 bytes
stack at sp + 3 slots: 0x0 is null
stack at sp + 4 slots: 0x00007fbc981437db is at code_begin+187 in an Interpreter codelet
native method entry point (kind = native)  [0x00007fbc98143720, 0x00007fbc98144190]  2672 bytes
stack at sp + 5 slots: 0xfffffffffffffff7 is an unknown value
stack at sp + 6 slots: {method} {0x00007fbc1c40c860} 'Vec4_GetX' '(JLcom/example/Vec4;)F' in 'com/example/ffi_libJNI'
stack at sp + 7 slots: 0x0000000000000006 is an unknown value


---------------  P R O C E S S  ---------------

Threads class SMR info:
_java_thread_list=0x00007fbca81ae020, length=11, elements={
0x00007fbca802a830, 0x00007fbca8140580, 0x00007fbca8141bd0, 0x00007fbca81436b0,
0x00007fbca8144cf0, 0x00007fbca8146290, 0x00007fbca8147db0, 0x00007fbca81494c0,
0x00007fbca8163360, 0x00007fbca81aaf20, 0x00007fbca81ad2e0
}

Java Threads: ( => current thread )
=>0x00007fbca802a830 JavaThread "main"                              [_thread_in_native, id=2735047, stack(0x00007fbcad41f000,0x00007fbcad51f000) (1024K)]
  0x00007fbca8140580 JavaThread "Reference Handler"          daemon [_thread_blocked, id=2735064, stack(0x00007fbc842f6000,0x00007fbc843f6000) (1024K)]
  0x00007fbca8141bd0 JavaThread "Finalizer"                  daemon [_thread_blocked, id=2735065, stack(0x00007fbc841f6000,0x00007fbc842f6000) (1024K)]
  0x00007fbca81436b0 JavaThread "Signal Dispatcher"          daemon [_thread_blocked, id=2735066, stack(0x00007fbc840f6000,0x00007fbc841f6000) (1024K)]
  0x00007fbca8144cf0 JavaThread "Service Thread"             daemon [_thread_blocked, id=2735067, stack(0x00007fbc7ff00000,0x00007fbc80000000) (1024K)]
  0x00007fbca8146290 JavaThread "Monitor Deflation Thread"   daemon [_thread_blocked, id=2735068, stack(0x00007fbc7fe00000,0x00007fbc7ff00000) (1024K)]
  0x00007fbca8147db0 JavaThread "C2 CompilerThread0"         daemon [_thread_blocked, id=2735069, stack(0x00007fbc7fd00000,0x00007fbc7fe00000) (1024K)]
  0x00007fbca81494c0 JavaThread "C1 CompilerThread0"         daemon [_thread_blocked, id=2735070, stack(0x00007fbc7fc00000,0x00007fbc7fd00000) (1024K)]
  0x00007fbca8163360 JavaThread "Common-Cleaner"             daemon [_thread_blocked, id=2735073, stack(0x00007fbc7fb00000,0x00007fbc7fc00000) (1024K)]
  0x00007fbca81aaf20 JavaThread "Monitor Ctrl-Break"         daemon [_thread_in_native, id=2735075, stack(0x00007fbc7fa00000,0x00007fbc7fb00000) (1024K)]
  0x00007fbca81ad2e0 JavaThread "Notification Thread"        daemon [_thread_blocked, id=2735076, stack(0x00007fbc7f900000,0x00007fbc7fa00000) (1024K)]
Total: 11

Other Threads:
  0x00007fbca8131e50 VMThread "VM Thread"                           [id=2735063, stack(0x00007fbc843f7000,0x00007fbc844f7000) (1024K)]
  0x00007fbca8117cb0 WatcherThread "VM Periodic Task Thread"        [id=2735062, stack(0x00007fbc844f8000,0x00007fbc845f8000) (1024K)]
  0x00007fbca8055c40 WorkerThread "GC Thread#0"                     [id=2735049, stack(0x00007fbcac6bd000,0x00007fbcac7bd000) (1024K)]
  0x00007fbca8066c80 ConcurrentGCThread "G1 Main Marker"            [id=2735050, stack(0x00007fbcac5bc000,0x00007fbcac6bc000) (1024K)]
  0x00007fbca8067c20 WorkerThread "G1 Conc#0"                       [id=2735051, stack(0x00007fbcac4bb000,0x00007fbcac5bb000) (1024K)]
  0x00007fbca8105500 ConcurrentGCThread "G1 Refine#0"               [id=2735053, stack(0x00007fbc846fa000,0x00007fbc847fa000) (1024K)]
  0x00007fbca81064c0 ConcurrentGCThread "G1 Service"                [id=2735054, stack(0x00007fbc845f9000,0x00007fbc846f9000) (1024K)]
Total: 7

Threads with active compile tasks:
Total: 0

VM state: not at safepoint (normal execution)

VM Mutex/Monitor currently owned by a thread: None

Heap address: 0x000000060bc00000, size: 8004 MB, Compressed Oops mode: Zero based, Oop shift amount: 3

CDS archive(s) mapped at: [0x00007fbc26000000-0x00007fbc26c74000-0x00007fbc26c74000), size 13058048, SharedBaseAddress: 0x00007fbc26000000, ArchiveRelocationMode: 1.
Compressed class space mapped at: 0x00007fbc27000000-0x00007fbc67000000, reserved size: 1073741824
Narrow klass base: 0x00007fbc26000000, Narrow klass shift: 0, Narrow klass range: 0x100000000

GC Precious Log:
 CardTable entry size: 512
 Card Set container configuration: InlinePtr #cards 4 size 8 Array Of Cards #cards 32 size 80 Howl #buckets 8 coarsen threshold 7372 Howl Bitmap #cards 1024 size 144 coarsen threshold 921 Card regions per heap region 1 cards per card region 8192
 CPUs: 32 total, 12 available
 Memory: 32006M
 Large Page Support: Disabled
 NUMA Support: Disabled
 Compressed Oops: Enabled (Zero based)
 Heap Region Size: 4M
 Heap Min Capacity: 8M
 Heap Initial Capacity: 504M
 Heap Max Capacity: 8004M
 Pre-touch: Disabled
 Parallel Workers: 10
 Concurrent Workers: 3
 Concurrent Refinement Workers: 10
 Periodic GC: Disabled

Heap:
 garbage-first heap   total reserved 8196096K, committed 520192K, used 1057K [0x000000060bc00000, 0x0000000800000000)
  region size 4096K, 1 young (4096K), 0 survivors (0K)
 Metaspace       used 816K, committed 1024K, reserved 1114112K
  class space    used 65K, committed 128K, reserved 1048576K

Heap Regions: E=young(eden), S=young(survivor), O=old, HS=humongous(starts), HC=humongous(continues), CS=collection set, F=free, TAMS=top-at-mark-start, PB=parsable bottom
|   0|0x000000060bc00000, 0x000000060bc00000, 0x000000060c000000|  0%| F|  |TAMS 0x000000060bc00000| PB 0x000000060bc00000| Untracked |  0
|   1|0x000000060c000000, 0x000000060c000000, 0x000000060c400000|  0%| F|  |TAMS 0x000000060c000000| PB 0x000000060c000000| Untracked |  0
|   2|0x000000060c400000, 0x000000060c400000, 0x000000060c800000|  0%| F|  |TAMS 0x000000060c400000| PB 0x000000060c400000| Untracked |  0
|   3|0x000000060c800000, 0x000000060c800000, 0x000000060cc00000|  0%| F|  |TAMS 0x000000060c800000| PB 0x000000060c800000| Untracked |  0
|   4|0x000000060cc00000, 0x000000060cc00000, 0x000000060d000000|  0%| F|  |TAMS 0x000000060cc00000| PB 0x000000060cc00000| Untracked |  0
|   5|0x000000060d000000, 0x000000060d000000, 0x000000060d400000|  0%| F|  |TAMS 0x000000060d000000| PB 0x000000060d000000| Untracked |  0
|   6|0x000000060d400000, 0x000000060d400000, 0x000000060d800000|  0%| F|  |TAMS 0x000000060d400000| PB 0x000000060d400000| Untracked |  0
|   7|0x000000060d800000, 0x000000060d800000, 0x000000060dc00000|  0%| F|  |TAMS 0x000000060d800000| PB 0x000000060d800000| Untracked |  0
|   8|0x000000060dc00000, 0x000000060dc00000, 0x000000060e000000|  0%| F|  |TAMS 0x000000060dc00000| PB 0x000000060dc00000| Untracked |  0
|   9|0x000000060e000000, 0x000000060e000000, 0x000000060e400000|  0%| F|  |TAMS 0x000000060e000000| PB 0x000000060e000000| Untracked |  0
|  10|0x000000060e400000, 0x000000060e400000, 0x000000060e800000|  0%| F|  |TAMS 0x000000060e400000| PB 0x000000060e400000| Untracked |  0
|  11|0x000000060e800000, 0x000000060e800000, 0x000000060ec00000|  0%| F|  |TAMS 0x000000060e800000| PB 0x000000060e800000| Untracked |  0
|  12|0x000000060ec00000, 0x000000060ec00000, 0x000000060f000000|  0%| F|  |TAMS 0x000000060ec00000| PB 0x000000060ec00000| Untracked |  0
|  13|0x000000060f000000, 0x000000060f000000, 0x000000060f400000|  0%| F|  |TAMS 0x000000060f000000| PB 0x000000060f000000| Untracked |  0
|  14|0x000000060f400000, 0x000000060f400000, 0x000000060f800000|  0%| F|  |TAMS 0x000000060f400000| PB 0x000000060f400000| Untracked |  0
|  15|0x000000060f800000, 0x000000060f800000, 0x000000060fc00000|  0%| F|  |TAMS 0x000000060f800000| PB 0x000000060f800000| Untracked |  0
|  16|0x000000060fc00000, 0x000000060fc00000, 0x0000000610000000|  0%| F|  |TAMS 0x000000060fc00000| PB 0x000000060fc00000| Untracked |  0
|  17|0x0000000610000000, 0x0000000610000000, 0x0000000610400000|  0%| F|  |TAMS 0x0000000610000000| PB 0x0000000610000000| Untracked |  0
|  18|0x0000000610400000, 0x0000000610400000, 0x0000000610800000|  0%| F|  |TAMS 0x0000000610400000| PB 0x0000000610400000| Untracked |  0
|  19|0x0000000610800000, 0x0000000610800000, 0x0000000610c00000|  0%| F|  |TAMS 0x0000000610800000| PB 0x0000000610800000| Untracked |  0
|  20|0x0000000610c00000, 0x0000000610c00000, 0x0000000611000000|  0%| F|  |TAMS 0x0000000610c00000| PB 0x0000000610c00000| Untracked |  0
|  21|0x0000000611000000, 0x0000000611000000, 0x0000000611400000|  0%| F|  |TAMS 0x0000000611000000| PB 0x0000000611000000| Untracked |  0
|  22|0x0000000611400000, 0x0000000611400000, 0x0000000611800000|  0%| F|  |TAMS 0x0000000611400000| PB 0x0000000611400000| Untracked |  0
|  23|0x0000000611800000, 0x0000000611800000, 0x0000000611c00000|  0%| F|  |TAMS 0x0000000611800000| PB 0x0000000611800000| Untracked |  0
|  24|0x0000000611c00000, 0x0000000611c00000, 0x0000000612000000|  0%| F|  |TAMS 0x0000000611c00000| PB 0x0000000611c00000| Untracked |  0
|  25|0x0000000612000000, 0x0000000612000000, 0x0000000612400000|  0%| F|  |TAMS 0x0000000612000000| PB 0x0000000612000000| Untracked |  0
|  26|0x0000000612400000, 0x0000000612400000, 0x0000000612800000|  0%| F|  |TAMS 0x0000000612400000| PB 0x0000000612400000| Untracked |  0
|  27|0x0000000612800000, 0x0000000612800000, 0x0000000612c00000|  0%| F|  |TAMS 0x0000000612800000| PB 0x0000000612800000| Untracked |  0
|  28|0x0000000612c00000, 0x0000000612c00000, 0x0000000613000000|  0%| F|  |TAMS 0x0000000612c00000| PB 0x0000000612c00000| Untracked |  0
|  29|0x0000000613000000, 0x0000000613000000, 0x0000000613400000|  0%| F|  |TAMS 0x0000000613000000| PB 0x0000000613000000| Untracked |  0
|  30|0x0000000613400000, 0x0000000613400000, 0x0000000613800000|  0%| F|  |TAMS 0x0000000613400000| PB 0x0000000613400000| Untracked |  0
|  31|0x0000000613800000, 0x0000000613800000, 0x0000000613c00000|  0%| F|  |TAMS 0x0000000613800000| PB 0x0000000613800000| Untracked |  0
|  32|0x0000000613c00000, 0x0000000613c00000, 0x0000000614000000|  0%| F|  |TAMS 0x0000000613c00000| PB 0x0000000613c00000| Untracked |  0
|  33|0x0000000614000000, 0x0000000614000000, 0x0000000614400000|  0%| F|  |TAMS 0x0000000614000000| PB 0x0000000614000000| Untracked |  0
|  34|0x0000000614400000, 0x0000000614400000, 0x0000000614800000|  0%| F|  |TAMS 0x0000000614400000| PB 0x0000000614400000| Untracked |  0
|  35|0x0000000614800000, 0x0000000614800000, 0x0000000614c00000|  0%| F|  |TAMS 0x0000000614800000| PB 0x0000000614800000| Untracked |  0
|  36|0x0000000614c00000, 0x0000000614c00000, 0x0000000615000000|  0%| F|  |TAMS 0x0000000614c00000| PB 0x0000000614c00000| Untracked |  0
|  37|0x0000000615000000, 0x0000000615000000, 0x0000000615400000|  0%| F|  |TAMS 0x0000000615000000| PB 0x0000000615000000| Untracked |  0
|  38|0x0000000615400000, 0x0000000615400000, 0x0000000615800000|  0%| F|  |TAMS 0x0000000615400000| PB 0x0000000615400000| Untracked |  0
|  39|0x0000000615800000, 0x0000000615800000, 0x0000000615c00000|  0%| F|  |TAMS 0x0000000615800000| PB 0x0000000615800000| Untracked |  0
|  40|0x0000000615c00000, 0x0000000615c00000, 0x0000000616000000|  0%| F|  |TAMS 0x0000000615c00000| PB 0x0000000615c00000| Untracked |  0
|  41|0x0000000616000000, 0x0000000616000000, 0x0000000616400000|  0%| F|  |TAMS 0x0000000616000000| PB 0x0000000616000000| Untracked |  0
|  42|0x0000000616400000, 0x0000000616400000, 0x0000000616800000|  0%| F|  |TAMS 0x0000000616400000| PB 0x0000000616400000| Untracked |  0
|  43|0x0000000616800000, 0x0000000616800000, 0x0000000616c00000|  0%| F|  |TAMS 0x0000000616800000| PB 0x0000000616800000| Untracked |  0
|  44|0x0000000616c00000, 0x0000000616c00000, 0x0000000617000000|  0%| F|  |TAMS 0x0000000616c00000| PB 0x0000000616c00000| Untracked |  0
|  45|0x0000000617000000, 0x0000000617000000, 0x0000000617400000|  0%| F|  |TAMS 0x0000000617000000| PB 0x0000000617000000| Untracked |  0
|  46|0x0000000617400000, 0x0000000617400000, 0x0000000617800000|  0%| F|  |TAMS 0x0000000617400000| PB 0x0000000617400000| Untracked |  0
|  47|0x0000000617800000, 0x0000000617800000, 0x0000000617c00000|  0%| F|  |TAMS 0x0000000617800000| PB 0x0000000617800000| Untracked |  0
|  48|0x0000000617c00000, 0x0000000617c00000, 0x0000000618000000|  0%| F|  |TAMS 0x0000000617c00000| PB 0x0000000617c00000| Untracked |  0
|  49|0x0000000618000000, 0x0000000618000000, 0x0000000618400000|  0%| F|  |TAMS 0x0000000618000000| PB 0x0000000618000000| Untracked |  0
|  50|0x0000000618400000, 0x0000000618400000, 0x0000000618800000|  0%| F|  |TAMS 0x0000000618400000| PB 0x0000000618400000| Untracked |  0
|  51|0x0000000618800000, 0x0000000618800000, 0x0000000618c00000|  0%| F|  |TAMS 0x0000000618800000| PB 0x0000000618800000| Untracked |  0
|  52|0x0000000618c00000, 0x0000000618c00000, 0x0000000619000000|  0%| F|  |TAMS 0x0000000618c00000| PB 0x0000000618c00000| Untracked |  0
|  53|0x0000000619000000, 0x0000000619000000, 0x0000000619400000|  0%| F|  |TAMS 0x0000000619000000| PB 0x0000000619000000| Untracked |  0
|  54|0x0000000619400000, 0x0000000619400000, 0x0000000619800000|  0%| F|  |TAMS 0x0000000619400000| PB 0x0000000619400000| Untracked |  0
|  55|0x0000000619800000, 0x0000000619800000, 0x0000000619c00000|  0%| F|  |TAMS 0x0000000619800000| PB 0x0000000619800000| Untracked |  0
|  56|0x0000000619c00000, 0x0000000619c00000, 0x000000061a000000|  0%| F|  |TAMS 0x0000000619c00000| PB 0x0000000619c00000| Untracked |  0
|  57|0x000000061a000000, 0x000000061a000000, 0x000000061a400000|  0%| F|  |TAMS 0x000000061a000000| PB 0x000000061a000000| Untracked |  0
|  58|0x000000061a400000, 0x000000061a400000, 0x000000061a800000|  0%| F|  |TAMS 0x000000061a400000| PB 0x000000061a400000| Untracked |  0
|  59|0x000000061a800000, 0x000000061a800000, 0x000000061ac00000|  0%| F|  |TAMS 0x000000061a800000| PB 0x000000061a800000| Untracked |  0
|  60|0x000000061ac00000, 0x000000061ac00000, 0x000000061b000000|  0%| F|  |TAMS 0x000000061ac00000| PB 0x000000061ac00000| Untracked |  0
|  61|0x000000061b000000, 0x000000061b000000, 0x000000061b400000|  0%| F|  |TAMS 0x000000061b000000| PB 0x000000061b000000| Untracked |  0
|  62|0x000000061b400000, 0x000000061b400000, 0x000000061b800000|  0%| F|  |TAMS 0x000000061b400000| PB 0x000000061b400000| Untracked |  0
|  63|0x000000061b800000, 0x000000061b800000, 0x000000061bc00000|  0%| F|  |TAMS 0x000000061b800000| PB 0x000000061b800000| Untracked |  0
|  64|0x000000061bc00000, 0x000000061bc00000, 0x000000061c000000|  0%| F|  |TAMS 0x000000061bc00000| PB 0x000000061bc00000| Untracked |  0
|  65|0x000000061c000000, 0x000000061c000000, 0x000000061c400000|  0%| F|  |TAMS 0x000000061c000000| PB 0x000000061c000000| Untracked |  0
|  66|0x000000061c400000, 0x000000061c400000, 0x000000061c800000|  0%| F|  |TAMS 0x000000061c400000| PB 0x000000061c400000| Untracked |  0
|  67|0x000000061c800000, 0x000000061c800000, 0x000000061cc00000|  0%| F|  |TAMS 0x000000061c800000| PB 0x000000061c800000| Untracked |  0
|  68|0x000000061cc00000, 0x000000061cc00000, 0x000000061d000000|  0%| F|  |TAMS 0x000000061cc00000| PB 0x000000061cc00000| Untracked |  0
|  69|0x000000061d000000, 0x000000061d000000, 0x000000061d400000|  0%| F|  |TAMS 0x000000061d000000| PB 0x000000061d000000| Untracked |  0
|  70|0x000000061d400000, 0x000000061d400000, 0x000000061d800000|  0%| F|  |TAMS 0x000000061d400000| PB 0x000000061d400000| Untracked |  0
|  71|0x000000061d800000, 0x000000061d800000, 0x000000061dc00000|  0%| F|  |TAMS 0x000000061d800000| PB 0x000000061d800000| Untracked |  0
|  72|0x000000061dc00000, 0x000000061dc00000, 0x000000061e000000|  0%| F|  |TAMS 0x000000061dc00000| PB 0x000000061dc00000| Untracked |  0
|  73|0x000000061e000000, 0x000000061e000000, 0x000000061e400000|  0%| F|  |TAMS 0x000000061e000000| PB 0x000000061e000000| Untracked |  0
|  74|0x000000061e400000, 0x000000061e400000, 0x000000061e800000|  0%| F|  |TAMS 0x000000061e400000| PB 0x000000061e400000| Untracked |  0
|  75|0x000000061e800000, 0x000000061e800000, 0x000000061ec00000|  0%| F|  |TAMS 0x000000061e800000| PB 0x000000061e800000| Untracked |  0
|  76|0x000000061ec00000, 0x000000061ec00000, 0x000000061f000000|  0%| F|  |TAMS 0x000000061ec00000| PB 0x000000061ec00000| Untracked |  0
|  77|0x000000061f000000, 0x000000061f000000, 0x000000061f400000|  0%| F|  |TAMS 0x000000061f000000| PB 0x000000061f000000| Untracked |  0
|  78|0x000000061f400000, 0x000000061f400000, 0x000000061f800000|  0%| F|  |TAMS 0x000000061f400000| PB 0x000000061f400000| Untracked |  0
|  79|0x000000061f800000, 0x000000061f800000, 0x000000061fc00000|  0%| F|  |TAMS 0x000000061f800000| PB 0x000000061f800000| Untracked |  0
|  80|0x000000061fc00000, 0x000000061fc00000, 0x0000000620000000|  0%| F|  |TAMS 0x000000061fc00000| PB 0x000000061fc00000| Untracked |  0
|  81|0x0000000620000000, 0x0000000620000000, 0x0000000620400000|  0%| F|  |TAMS 0x0000000620000000| PB 0x0000000620000000| Untracked |  0
|  82|0x0000000620400000, 0x0000000620400000, 0x0000000620800000|  0%| F|  |TAMS 0x0000000620400000| PB 0x0000000620400000| Untracked |  0
|  83|0x0000000620800000, 0x0000000620800000, 0x0000000620c00000|  0%| F|  |TAMS 0x0000000620800000| PB 0x0000000620800000| Untracked |  0
|  84|0x0000000620c00000, 0x0000000620c00000, 0x0000000621000000|  0%| F|  |TAMS 0x0000000620c00000| PB 0x0000000620c00000| Untracked |  0
|  85|0x0000000621000000, 0x0000000621000000, 0x0000000621400000|  0%| F|  |TAMS 0x0000000621000000| PB 0x0000000621000000| Untracked |  0
|  86|0x0000000621400000, 0x0000000621400000, 0x0000000621800000|  0%| F|  |TAMS 0x0000000621400000| PB 0x0000000621400000| Untracked |  0
|  87|0x0000000621800000, 0x0000000621800000, 0x0000000621c00000|  0%| F|  |TAMS 0x0000000621800000| PB 0x0000000621800000| Untracked |  0
|  88|0x0000000621c00000, 0x0000000621c00000, 0x0000000622000000|  0%| F|  |TAMS 0x0000000621c00000| PB 0x0000000621c00000| Untracked |  0
|  89|0x0000000622000000, 0x0000000622000000, 0x0000000622400000|  0%| F|  |TAMS 0x0000000622000000| PB 0x0000000622000000| Untracked |  0
|  90|0x0000000622400000, 0x0000000622400000, 0x0000000622800000|  0%| F|  |TAMS 0x0000000622400000| PB 0x0000000622400000| Untracked |  0
|  91|0x0000000622800000, 0x0000000622800000, 0x0000000622c00000|  0%| F|  |TAMS 0x0000000622800000| PB 0x0000000622800000| Untracked |  0
|  92|0x0000000622c00000, 0x0000000622c00000, 0x0000000623000000|  0%| F|  |TAMS 0x0000000622c00000| PB 0x0000000622c00000| Untracked |  0
|  93|0x0000000623000000, 0x0000000623000000, 0x0000000623400000|  0%| F|  |TAMS 0x0000000623000000| PB 0x0000000623000000| Untracked |  0
|  94|0x0000000623400000, 0x0000000623400000, 0x0000000623800000|  0%| F|  |TAMS 0x0000000623400000| PB 0x0000000623400000| Untracked |  0
|  95|0x0000000623800000, 0x0000000623800000, 0x0000000623c00000|  0%| F|  |TAMS 0x0000000623800000| PB 0x0000000623800000| Untracked |  0
|  96|0x0000000623c00000, 0x0000000623c00000, 0x0000000624000000|  0%| F|  |TAMS 0x0000000623c00000| PB 0x0000000623c00000| Untracked |  0
|  97|0x0000000624000000, 0x0000000624000000, 0x0000000624400000|  0%| F|  |TAMS 0x0000000624000000| PB 0x0000000624000000| Untracked |  0
|  98|0x0000000624400000, 0x0000000624400000, 0x0000000624800000|  0%| F|  |TAMS 0x0000000624400000| PB 0x0000000624400000| Untracked |  0
|  99|0x0000000624800000, 0x0000000624800000, 0x0000000624c00000|  0%| F|  |TAMS 0x0000000624800000| PB 0x0000000624800000| Untracked |  0
| 100|0x0000000624c00000, 0x0000000624c00000, 0x0000000625000000|  0%| F|  |TAMS 0x0000000624c00000| PB 0x0000000624c00000| Untracked |  0
| 101|0x0000000625000000, 0x0000000625000000, 0x0000000625400000|  0%| F|  |TAMS 0x0000000625000000| PB 0x0000000625000000| Untracked |  0
| 102|0x0000000625400000, 0x0000000625400000, 0x0000000625800000|  0%| F|  |TAMS 0x0000000625400000| PB 0x0000000625400000| Untracked |  0
| 103|0x0000000625800000, 0x0000000625800000, 0x0000000625c00000|  0%| F|  |TAMS 0x0000000625800000| PB 0x0000000625800000| Untracked |  0
| 104|0x0000000625c00000, 0x0000000625c00000, 0x0000000626000000|  0%| F|  |TAMS 0x0000000625c00000| PB 0x0000000625c00000| Untracked |  0
| 105|0x0000000626000000, 0x0000000626000000, 0x0000000626400000|  0%| F|  |TAMS 0x0000000626000000| PB 0x0000000626000000| Untracked |  0
| 106|0x0000000626400000, 0x0000000626400000, 0x0000000626800000|  0%| F|  |TAMS 0x0000000626400000| PB 0x0000000626400000| Untracked |  0
| 107|0x0000000626800000, 0x0000000626800000, 0x0000000626c00000|  0%| F|  |TAMS 0x0000000626800000| PB 0x0000000626800000| Untracked |  0
| 108|0x0000000626c00000, 0x0000000626c00000, 0x0000000627000000|  0%| F|  |TAMS 0x0000000626c00000| PB 0x0000000626c00000| Untracked |  0
| 109|0x0000000627000000, 0x0000000627000000, 0x0000000627400000|  0%| F|  |TAMS 0x0000000627000000| PB 0x0000000627000000| Untracked |  0
| 110|0x0000000627400000, 0x0000000627400000, 0x0000000627800000|  0%| F|  |TAMS 0x0000000627400000| PB 0x0000000627400000| Untracked |  0
| 111|0x0000000627800000, 0x0000000627800000, 0x0000000627c00000|  0%| F|  |TAMS 0x0000000627800000| PB 0x0000000627800000| Untracked |  0
| 112|0x0000000627c00000, 0x0000000627c00000, 0x0000000628000000|  0%| F|  |TAMS 0x0000000627c00000| PB 0x0000000627c00000| Untracked |  0
| 113|0x0000000628000000, 0x0000000628000000, 0x0000000628400000|  0%| F|  |TAMS 0x0000000628000000| PB 0x0000000628000000| Untracked |  0
| 114|0x0000000628400000, 0x0000000628400000, 0x0000000628800000|  0%| F|  |TAMS 0x0000000628400000| PB 0x0000000628400000| Untracked |  0
| 115|0x0000000628800000, 0x0000000628800000, 0x0000000628c00000|  0%| F|  |TAMS 0x0000000628800000| PB 0x0000000628800000| Untracked |  0
| 116|0x0000000628c00000, 0x0000000628c00000, 0x0000000629000000|  0%| F|  |TAMS 0x0000000628c00000| PB 0x0000000628c00000| Untracked |  0
| 117|0x0000000629000000, 0x0000000629000000, 0x0000000629400000|  0%| F|  |TAMS 0x0000000629000000| PB 0x0000000629000000| Untracked |  0
| 118|0x0000000629400000, 0x0000000629400000, 0x0000000629800000|  0%| F|  |TAMS 0x0000000629400000| PB 0x0000000629400000| Untracked |  0
| 119|0x0000000629800000, 0x0000000629800000, 0x0000000629c00000|  0%| F|  |TAMS 0x0000000629800000| PB 0x0000000629800000| Untracked |  0
| 120|0x0000000629c00000, 0x0000000629c00000, 0x000000062a000000|  0%| F|  |TAMS 0x0000000629c00000| PB 0x0000000629c00000| Untracked |  0
| 121|0x000000062a000000, 0x000000062a000000, 0x000000062a400000|  0%| F|  |TAMS 0x000000062a000000| PB 0x000000062a000000| Untracked |  0
| 122|0x000000062a400000, 0x000000062a400000, 0x000000062a800000|  0%| F|  |TAMS 0x000000062a400000| PB 0x000000062a400000| Untracked |  0
| 123|0x000000062a800000, 0x000000062a800000, 0x000000062ac00000|  0%| F|  |TAMS 0x000000062a800000| PB 0x000000062a800000| Untracked |  0
| 124|0x000000062ac00000, 0x000000062ac00000, 0x000000062b000000|  0%| F|  |TAMS 0x000000062ac00000| PB 0x000000062ac00000| Untracked |  0
| 125|0x000000062b000000, 0x000000062b35c3b8, 0x000000062b400000| 84%| E|  |TAMS 0x000000062b000000| PB 0x000000062b000000| Complete |  0
|2000|0x00000007ffc00000, 0x00000007ffd086c8, 0x0000000800000000| 25%| O|  |TAMS 0x00000007ffc00000| PB 0x00000007ffc00000| Untracked |  0

Card table byte_map: [0x00007fbc8ec00000,0x00007fbc8fba2000] _byte_map_base: 0x00007fbc8bba2000

Marking Bits: (CMBitMap*) 0x00007fbca8056770
 Bits: [0x00007fbc86e00000, 0x00007fbc8eb10000)

Polling page: 0x00007fbcaedc3000

Metaspace:

Usage:
  Non-class:    751,15 KB used.
      Class:     65,82 KB used.
       Both:    816,97 KB used.

Virtual space:
  Non-class space:       64,00 MB reserved,     896,00 KB (  1%) committed,  1 nodes.
      Class space:        1,00 GB reserved,     128,00 KB ( <1%) committed,  1 nodes.
             Both:        1,06 GB reserved,       1,00 MB ( <1%) committed. 

Chunk freelists:
   Non-Class:  11,94 MB
       Class:  15,73 MB
        Both:  27,67 MB

MaxMetaspaceSize: unlimited
CompressedClassSpaceSize: 1,00 GB
Initial GC threshold: 21,00 MB
Current GC threshold: 21,00 MB
CDS: on
 - commit_granule_bytes: 65536.
 - commit_granule_words: 8192.
 - virtual_space_node_default_size: 8388608.
 - enlarge_chunks_in_place: 1.
 - use_allocation_guard: 0.


Internal statistics:

num_allocs_failed_limit: 0.
num_arena_births: 24.
num_arena_deaths: 0.
num_vsnodes_births: 2.
num_vsnodes_deaths: 0.
num_space_committed: 16.
num_space_uncommitted: 0.
num_chunks_returned_to_freelist: 0.
num_chunks_taken_from_freelist: 30.
num_chunk_merges: 0.
num_chunk_splits: 20.
num_chunks_enlarged: 13.
num_inconsistent_stats: 0.

CodeHeap 'non-profiled nmethods': size=120028Kb used=75Kb max_used=75Kb free=119952Kb
 bounds [0x00007fbc986c9000, 0x00007fbc98939000, 0x00007fbc9fc00000]
CodeHeap 'profiled nmethods': size=120028Kb used=226Kb max_used=226Kb free=119801Kb
 bounds [0x00007fbc90c00000, 0x00007fbc90e70000, 0x00007fbc98137000]
CodeHeap 'non-nmethods': size=5704Kb used=1293Kb max_used=1294Kb free=4410Kb
 bounds [0x00007fbc98137000, 0x00007fbc983a7000, 0x00007fbc986c9000]
 total_blobs=645 nmethods=225 adapters=326
 compilation: enabled
              stopped_count=0, restarted_count=0
 full_count=0

Compilation events (20 events):
Event: 0,046 Thread 0x00007fbca81494c0 nmethod 208 0x00007fbc90c32090 code [0x00007fbc90c32220, 0x00007fbc90c32388]
Event: 0,046 Thread 0x00007fbca81494c0  204       3       java.lang.StringLatin1::indexOf (37 bytes)
Event: 0,046 Thread 0x00007fbca81494c0 nmethod 204 0x00007fbc90c32410 code [0x00007fbc90c325e0, 0x00007fbc90c32af0]
Event: 0,047 Thread 0x00007fbca81494c0  202       3       jdk.internal.org.objectweb.asm.ByteVector::putByte (39 bytes)
Event: 0,047 Thread 0x00007fbca81494c0 nmethod 202 0x00007fbc90c32d10 code [0x00007fbc90c32ec0, 0x00007fbc90c330a0]
Event: 0,047 Thread 0x00007fbca81494c0  203       1       java.lang.invoke.MethodTypeForm::parameterSlotCount (5 bytes)
Event: 0,047 Thread 0x00007fbca81494c0 nmethod 203 0x00007fbc986d9f90 code [0x00007fbc986da120, 0x00007fbc986da1e0]
Event: 0,047 Thread 0x00007fbca81494c0  209       1       java.lang.invoke.MethodTypeForm::erasedType (5 bytes)
Event: 0,047 Thread 0x00007fbca81494c0 nmethod 209 0x00007fbc986da290 code [0x00007fbc986da420, 0x00007fbc986da4e8]
Event: 0,047 Thread 0x00007fbca81494c0  196       1       jdk.internal.util.WeakReferenceKey::hashCode (5 bytes)
Event: 0,047 Thread 0x00007fbca8147db0  210       4       java.lang.String::charAt (25 bytes)
Event: 0,047 Thread 0x00007fbca81494c0 nmethod 196 0x00007fbc986da590 code [0x00007fbc986da720, 0x00007fbc986da7e0]
Event: 0,047 Thread 0x00007fbca8147db0 nmethod 210 0x00007fbc986da890 code [0x00007fbc986daa20, 0x00007fbc986dab38]
Event: 0,048 Thread 0x00007fbca81494c0  211       3       java.lang.invoke.MethodType::checkPtypes (76 bytes)
Event: 0,048 Thread 0x00007fbca81494c0 nmethod 211 0x00007fbc90c33210 code [0x00007fbc90c334a0, 0x00007fbc90c33f20]
Event: 0,048 Thread 0x00007fbca81494c0  214       3       java.lang.invoke.LambdaForm::argument (27 bytes)
Event: 0,048 Thread 0x00007fbca81494c0 nmethod 214 0x00007fbc90c34390 code [0x00007fbc90c34540, 0x00007fbc90c347b0]
Event: 0,048 Thread 0x00007fbca81494c0  212       3       java.lang.System::getSecurityManager (12 bytes)
Event: 0,048 Thread 0x00007fbca81494c0 nmethod 212 0x00007fbc90c34910 code [0x00007fbc90c34aa0, 0x00007fbc90c34c08]
Event: 0,050 Thread 0x00007fbca81494c0  215       3       java.lang.StringLatin1::newString (24 bytes)

GC Heap History (0 events):
No events

Dll operation events (8 events):
Event: 0,001 Loaded shared library /home/tosic-killer/.jdks/openjdk-22.0.1/lib/libjava.so
Event: 0,015 Loaded shared library /home/tosic-killer/.jdks/openjdk-22.0.1/lib/libjsvml.so
Event: 0,037 Loaded shared library /home/tosic-killer/.jdks/openjdk-22.0.1/lib/libzip.so
Event: 0,039 Loaded shared library /home/tosic-killer/.jdks/openjdk-22.0.1/lib/libinstrument.so
Event: 0,040 Loaded shared library /home/tosic-killer/.jdks/openjdk-22.0.1/lib/libnio.so
Event: 0,043 Loaded shared library /home/tosic-killer/.jdks/openjdk-22.0.1/lib/libzip.so
Event: 0,048 Loaded shared library /home/tosic-killer/.jdks/openjdk-22.0.1/lib/libnet.so
Event: 0,050 Loaded shared library /home/tosic-killer/RustroverProjects/ffi_testing/bindings/c/libffi_lib_jni.so

Deoptimization events (0 events):
No events

Classes loaded (20 events):
Event: 0,048 Loading class java/net/SocketAddress done
Event: 0,048 Loading class java/net/InetSocketAddress done
Event: 0,050 Loading class java/net/InetSocketAddress$InetSocketAddressHolder
Event: 0,050 Loading class java/net/InetSocketAddress$InetSocketAddressHolder done
Event: 0,050 Loading class java/net/SocketImpl
Event: 0,050 Loading class java/net/SocketOptions
Event: 0,050 Loading class java/net/SocketOptions done
Event: 0,050 Loading class java/net/SocketImpl done
Event: 0,050 Loading class sun/nio/ch/NioSocketImpl
Event: 0,050 Loading class sun/net/PlatformSocketImpl
Event: 0,050 Loading class sun/net/PlatformSocketImpl done
Event: 0,050 Loading class sun/nio/ch/NioSocketImpl done
Event: 0,050 Loading class sun/nio/ch/SocketDispatcher
Event: 0,050 Loading class sun/nio/ch/UnixDispatcher
Event: 0,050 Loading class sun/nio/ch/NativeDispatcher
Event: 0,050 Loading class sun/nio/ch/NativeDispatcher done
Event: 0,050 Loading class sun/nio/ch/UnixDispatcher done
Event: 0,050 Loading class sun/nio/ch/SocketDispatcher done
Event: 0,050 Loading class sun/nio/ch/IOUtil
Event: 0,050 Loading class sun/nio/ch/IOUtil done

Classes unloaded (0 events):
No events

Classes redefined (0 events):
No events

Internal exceptions (2 events):
Event: 0,043 Thread 0x00007fbca802a830 Exception <a 'java/lang/NoSuchMethodError'{0x000000062b1db298}: 'void java.lang.invoke.DirectMethodHandle$Holder.invokeStatic(java.lang.Object, java.lang.Object, java.lang.Object)'> (0x000000062b1db298) 
thrown [open/src/hotspot/share/interpreter/linkResolver.cpp, line 773]
Event: 0,046 Thread 0x00007fbca802a830 Exception <a 'java/lang/NoSuchMethodError'{0x000000062b26dc88}: 'java.lang.Object java.lang.invoke.Invokers$Holder.invokeExact_MT(java.lang.Object, java.lang.Object, java.lang.Object, java.lang.Object, java.lang.Object)'> (0x000000062b26dc88) 
thrown [open/src/hotspot/share/interpreter/linkResolver.cpp, line 773]

ZGC Phase Switch (0 events):
No events

VM Operations (2 events):
Event: 0,050 Executing VM operation: HandshakeAllThreads (Deoptimize)
Event: 0,050 Executing VM operation: HandshakeAllThreads (Deoptimize) done

Events (20 events):
Event: 0,014 Thread 0x00007fbca8140580 Thread added: 0x00007fbca8140580
Event: 0,014 Protecting memory [0x00007fbc842f6000,0x00007fbc842fa000] with protection modes 0
Event: 0,014 Thread 0x00007fbca8141bd0 Thread added: 0x00007fbca8141bd0
Event: 0,014 Protecting memory [0x00007fbc841f6000,0x00007fbc841fa000] with protection modes 0
Event: 0,014 Thread 0x00007fbca81436b0 Thread added: 0x00007fbca81436b0
Event: 0,014 Protecting memory [0x00007fbc840f6000,0x00007fbc840fa000] with protection modes 0
Event: 0,014 Thread 0x00007fbca8144cf0 Thread added: 0x00007fbca8144cf0
Event: 0,014 Protecting memory [0x00007fbc7ff00000,0x00007fbc7ff04000] with protection modes 0
Event: 0,014 Thread 0x00007fbca8146290 Thread added: 0x00007fbca8146290
Event: 0,014 Protecting memory [0x00007fbc7fe00000,0x00007fbc7fe04000] with protection modes 0
Event: 0,014 Thread 0x00007fbca8147db0 Thread added: 0x00007fbca8147db0
Event: 0,014 Protecting memory [0x00007fbc7fd00000,0x00007fbc7fd04000] with protection modes 0
Event: 0,014 Thread 0x00007fbca81494c0 Thread added: 0x00007fbca81494c0
Event: 0,014 Protecting memory [0x00007fbc7fc00000,0x00007fbc7fc04000] with protection modes 0
Event: 0,025 Thread 0x00007fbca8163360 Thread added: 0x00007fbca8163360
Event: 0,025 Protecting memory [0x00007fbc7fb00000,0x00007fbc7fb04000] with protection modes 0
Event: 0,047 Thread 0x00007fbca81aaf20 Thread added: 0x00007fbca81aaf20
Event: 0,047 Protecting memory [0x00007fbc7fa00000,0x00007fbc7fa04000] with protection modes 0
Event: 0,047 Thread 0x00007fbca81ad2e0 Thread added: 0x00007fbca81ad2e0
Event: 0,047 Protecting memory [0x00007fbc7f900000,0x00007fbc7f904000] with protection modes 0


Dynamic libraries:
60bc00000-62b400000 rw-p 00000000 00:00 0 
62b400000-7ffc00000 ---p 00000000 00:00 0 
7ffc00000-7ffd09000 rw-p 00cb3000 00:25 5795254                          /home/tosic-killer/.jdks/openjdk-22.0.1/lib/server/classes.jsa
7ffd09000-800000000 rw-p 00000000 00:00 0 
556993947000-556993948000 r-xp 00000000 00:25 5794757                    /home/tosic-killer/.jdks/openjdk-22.0.1/bin/java
556993949000-55699394a000 r--p 00001000 00:25 5794757                    /home/tosic-killer/.jdks/openjdk-22.0.1/bin/java
55699394a000-55699394b000 rw-p 00002000 00:25 5794757                    /home/tosic-killer/.jdks/openjdk-22.0.1/bin/java
55699580c000-556995853000 rw-p 00000000 00:00 0                          [heap]
7fbbc8000000-7fbbc8021000 rw-p 00000000 00:00 0 
7fbbc8021000-7fbbcc000000 ---p 00000000 00:00 0 
7fbbd0000000-7fbbd0021000 rw-p 00000000 00:00 0 
7fbbd0021000-7fbbd4000000 ---p 00000000 00:00 0 
7fbbd4000000-7fbbd4021000 rw-p 00000000 00:00 0 
7fbbd4021000-7fbbd8000000 ---p 00000000 00:00 0 
7fbbdc000000-7fbbdc0c3000 rw-p 00000000 00:00 0 
7fbbdc0c3000-7fbbe0000000 ---p 00000000 00:00 0 
7fbbe0000000-7fbbe0133000 rw-p 00000000 00:00 0 
7fbbe0133000-7fbbe4000000 ---p 00000000 00:00 0 
7fbbe8000000-7fbbe8021000 rw-p 00000000 00:00 0 
7fbbe8021000-7fbbec000000 ---p 00000000 00:00 0 
7fbbec000000-7fbbec021000 rw-p 00000000 00:00 0 
7fbbec021000-7fbbf0000000 ---p 00000000 00:00 0 
7fbbf4000000-7fbbf4021000 rw-p 00000000 00:00 0 
7fbbf4021000-7fbbf8000000 ---p 00000000 00:00 0 
7fbbf8000000-7fbbf8021000 rw-p 00000000 00:00 0 
7fbbf8021000-7fbbfc000000 ---p 00000000 00:00 0 
7fbc00000000-7fbc00021000 rw-p 00000000 00:00 0 
7fbc00021000-7fbc04000000 ---p 00000000 00:00 0 
7fbc06a00000-7fbc13ff9000 r--p 00000000 00:25 15729564                   /usr/lib/locale/locale-archive
7fbc14000000-7fbc14021000 rw-p 00000000 00:00 0 
7fbc14021000-7fbc18000000 ---p 00000000 00:00 0 
7fbc1c000000-7fbc1c0c0000 rw-p 00000000 00:00 0 
7fbc1c0c0000-7fbc1c400000 ---p 00000000 00:00 0 
7fbc1c400000-7fbc1c420000 rw-p 00000000 00:00 0 
7fbc1c420000-7fbc20000000 ---p 00000000 00:00 0 
7fbc20000000-7fbc20021000 rw-p 00000000 00:00 0 
7fbc20021000-7fbc24000000 ---p 00000000 00:00 0 
7fbc26000000-7fbc26c74000 rw-p 00001000 00:25 5795254                    /home/tosic-killer/.jdks/openjdk-22.0.1/lib/server/classes.jsa
7fbc26c74000-7fbc27000000 ---p 00000000 00:00 0 
7fbc27000000-7fbc27010000 rw-p 00000000 00:00 0 
7fbc27010000-7fbc27040000 ---p 00000000 00:00 0 
7fbc27040000-7fbc27050000 rw-p 00000000 00:00 0 
7fbc27050000-7fbc67000000 ---p 00000000 00:00 0 
7fbc68000000-7fbc68021000 rw-p 00000000 00:00 0 
7fbc68021000-7fbc6c000000 ---p 00000000 00:00 0 
7fbc6c000000-7fbc6c021000 rw-p 00000000 00:00 0 
7fbc6c021000-7fbc70000000 ---p 00000000 00:00 0 
7fbc74000000-7fbc74021000 rw-p 00000000 00:00 0 
7fbc74021000-7fbc78000000 ---p 00000000 00:00 0 
7fbc78000000-7fbc78021000 rw-p 00000000 00:00 0 
7fbc78021000-7fbc7c000000 ---p 00000000 00:00 0 
7fbc7ee00000-7fbc7f0c3000 rw-p 00000000 00:00 0 
7fbc7f28a000-7fbc7f400000 rw-p 00000000 00:00 0 
7fbc7f400000-7fbc7f49c000 r--p 00000000 00:25 15730412                   /usr/lib64/libstdc++.so.6.0.32
7fbc7f49c000-7fbc7f5c6000 r-xp 0009c000 00:25 15730412                   /usr/lib64/libstdc++.so.6.0.32
7fbc7f5c6000-7fbc7f642000 r--p 001c6000 00:25 15730412                   /usr/lib64/libstdc++.so.6.0.32
7fbc7f642000-7fbc7f64f000 r--p 00242000 00:25 15730412                   /usr/lib64/libstdc++.so.6.0.32
7fbc7f64f000-7fbc7f650000 rw-p 0024f000 00:25 15730412                   /usr/lib64/libstdc++.so.6.0.32
7fbc7f650000-7fbc7f654000 rw-p 00000000 00:00 0 
7fbc7f71d000-7fbc7f73b000 r--p 00000000 00:25 5791211                    /home/tosic-killer/RustroverProjects/ffi_testing/target/release/libffi_lib.so
7fbc7f73b000-7fbc7f896000 r-xp 0001e000 00:25 5791211                    /home/tosic-killer/RustroverProjects/ffi_testing/target/release/libffi_lib.so
7fbc7f896000-7fbc7f8eb000 r--p 00179000 00:25 5791211                    /home/tosic-killer/RustroverProjects/ffi_testing/target/release/libffi_lib.so
7fbc7f8eb000-7fbc7f8ff000 r--p 001cd000 00:25 5791211                    /home/tosic-killer/RustroverProjects/ffi_testing/target/release/libffi_lib.so
7fbc7f8ff000-7fbc7f900000 rw-p 001e1000 00:25 5791211                    /home/tosic-killer/RustroverProjects/ffi_testing/target/release/libffi_lib.so
7fbc7f900000-7fbc7f904000 ---p 00000000 00:00 0 
7fbc7f904000-7fbc7fa00000 rw-p 00000000 00:00 0 
7fbc7fa00000-7fbc7fa04000 ---p 00000000 00:00 0 
7fbc7fa04000-7fbc7fb00000 rw-p 00000000 00:00 0 
7fbc7fb00000-7fbc7fb04000 ---p 00000000 00:00 0 
7fbc7fb04000-7fbc7fc00000 rw-p 00000000 00:00 0 
7fbc7fc00000-7fbc7fc04000 ---p 00000000 00:00 0 
7fbc7fc04000-7fbc7fd00000 rw-p 00000000 00:00 0 
7fbc7fd00000-7fbc7fd04000 ---p 00000000 00:00 0 
7fbc7fd04000-7fbc7fe00000 rw-p 00000000 00:00 0 
7fbc7fe00000-7fbc7fe04000 ---p 00000000 00:00 0 
7fbc7fe04000-7fbc7ff00000 rw-p 00000000 00:00 0 
7fbc7ff00000-7fbc7ff04000 ---p 00000000 00:00 0 
7fbc7ff04000-7fbc80000000 rw-p 00000000 00:00 0 
7fbc80000000-7fbc80021000 rw-p 00000000 00:00 0 
7fbc80021000-7fbc84000000 ---p 00000000 00:00 0 
7fbc84026000-7fbc840f4000 r-xp 00000000 00:25 5795226                    /home/tosic-killer/.jdks/openjdk-22.0.1/lib/libjsvml.so
7fbc840f4000-7fbc840f5000 r--p 000cd000 00:25 5795226                    /home/tosic-killer/.jdks/openjdk-22.0.1/lib/libjsvml.so
7fbc840f5000-7fbc840f6000 rw-p 000ce000 00:25 5795226                    /home/tosic-killer/.jdks/openjdk-22.0.1/lib/libjsvml.so
7fbc840f6000-7fbc840fa000 ---p 00000000 00:00 0 
7fbc840fa000-7fbc841f6000 rw-p 00000000 00:00 0 
7fbc841f6000-7fbc841fa000 ---p 00000000 00:00 0 
7fbc841fa000-7fbc842f6000 rw-p 00000000 00:00 0 
7fbc842f6000-7fbc842fa000 ---p 00000000 00:00 0 
7fbc842fa000-7fbc843f6000 rw-p 00000000 00:00 0 
7fbc843f6000-7fbc843f7000 ---p 00000000 00:00 0 
7fbc843f7000-7fbc844f7000 rw-p 00000000 00:00 0 
7fbc844f7000-7fbc844f8000 ---p 00000000 00:00 0 
7fbc844f8000-7fbc845f8000 rw-p 00000000 00:00 0 
7fbc845f8000-7fbc845f9000 ---p 00000000 00:00 0 
7fbc845f9000-7fbc846f9000 rw-p 00000000 00:00 0 
7fbc846f9000-7fbc846fa000 ---p 00000000 00:00 0 
7fbc846fa000-7fbc847fa000 rw-p 00000000 00:00 0 
7fbc847fa000-7fbc875e0000 rw-p 00000000 00:00 0 
7fbc875e0000-7fbc8eb00000 ---p 00000000 00:00 0 
7fbc8eb00000-7fbc8eb10000 rw-p 00000000 00:00 0 
7fbc8eb28000-7fbc8ecfc000 rw-p 00000000 00:00 0 
7fbc8ecfc000-7fbc8fba0000 ---p 00000000 00:00 0 
7fbc8fba0000-7fbc8fba2000 rw-p 00000000 00:00 0 
7fbc8fba9000-7fbc8fcfc000 rw-p 00000000 00:00 0 
7fbc8fcfc000-7fbc90ba0000 ---p 00000000 00:00 0 
7fbc90ba0000-7fbc90ba2000 rw-p 00000000 00:00 0 
7fbc90ba7000-7fbc90bdc000 rw-p 00000000 00:00 0 
7fbc90bdc000-7fbc90bdf000 r--p 00000000 00:25 15729516                   /usr/lib64/libgcc_s-13-20240316.so.1
7fbc90bdf000-7fbc90bfa000 r-xp 00003000 00:25 15729516                   /usr/lib64/libgcc_s-13-20240316.so.1
7fbc90bfa000-7fbc90bfe000 r--p 0001e000 00:25 15729516                   /usr/lib64/libgcc_s-13-20240316.so.1
7fbc90bfe000-7fbc90bff000 r--p 00021000 00:25 15729516                   /usr/lib64/libgcc_s-13-20240316.so.1
7fbc90bff000-7fbc90c00000 rw-p 00000000 00:00 0 
7fbc90c00000-7fbc90e70000 rwxp 00000000 00:00 0 
7fbc90e70000-7fbc98137000 ---p 00000000 00:00 0 
7fbc98137000-7fbc983a7000 rwxp 00000000 00:00 0 
7fbc983a7000-7fbc986c9000 ---p 00000000 00:00 0 
7fbc986c9000-7fbc98939000 rwxp 00000000 00:00 0 
7fbc98939000-7fbc9fc00000 ---p 00000000 00:00 0 
7fbc9fc00000-7fbca7fb6000 r--s 00000000 00:25 5795244                    /home/tosic-killer/.jdks/openjdk-22.0.1/lib/modules
7fbca7fe4000-7fbca7feb000 r--s 00000000 00:25 15817744                   /usr/lib64/gconv/gconv-modules.cache
7fbca7feb000-7fbca7fee000 r--p 00000000 00:25 5797891                    /home/tosic-killer/RustroverProjects/ffi_testing/bindings/c/libffi_lib_jni.so
7fbca7fee000-7fbca7fef000 r-xp 00003000 00:25 5797891                    /home/tosic-killer/RustroverProjects/ffi_testing/bindings/c/libffi_lib_jni.so
7fbca7fef000-7fbca7ff0000 r--p 00004000 00:25 5797891                    /home/tosic-killer/RustroverProjects/ffi_testing/bindings/c/libffi_lib_jni.so
7fbca7ff0000-7fbca7ff1000 r--p 00004000 00:25 5797891                    /home/tosic-killer/RustroverProjects/ffi_testing/bindings/c/libffi_lib_jni.so
7fbca7ff1000-7fbca7ff2000 rw-p 00005000 00:25 5797891                    /home/tosic-killer/RustroverProjects/ffi_testing/bindings/c/libffi_lib_jni.so
7fbca7ff2000-7fbca7ffd000 r-xp 00000000 00:25 5795233                    /home/tosic-killer/.jdks/openjdk-22.0.1/lib/libnet.so
7fbca7ffd000-7fbca7ffe000 ---p 0000b000 00:25 5795233                    /home/tosic-killer/.jdks/openjdk-22.0.1/lib/libnet.so
7fbca7ffe000-7fbca7fff000 r--p 0000b000 00:25 5795233                    /home/tosic-killer/.jdks/openjdk-22.0.1/lib/libnet.so
7fbca7fff000-7fbca8000000 rw-p 0000c000 00:25 5795233                    /home/tosic-killer/.jdks/openjdk-22.0.1/lib/libnet.so
7fbca8000000-7fbca827e000 rw-p 00000000 00:00 0 
7fbca827e000-7fbcac000000 ---p 00000000 00:00 0 
7fbcac004000-7fbcac017000 r-xp 00000000 00:25 5795234                    /home/tosic-killer/.jdks/openjdk-22.0.1/lib/libnio.so
7fbcac017000-7fbcac018000 ---p 00013000 00:25 5795234                    /home/tosic-killer/.jdks/openjdk-22.0.1/lib/libnio.so
7fbcac018000-7fbcac019000 r--p 00013000 00:25 5795234                    /home/tosic-killer/.jdks/openjdk-22.0.1/lib/libnio.so
7fbcac019000-7fbcac01a000 rw-p 00014000 00:25 5795234                    /home/tosic-killer/.jdks/openjdk-22.0.1/lib/libnio.so
7fbcac01a000-7fbcac4ba000 rw-p 00000000 00:00 0 
7fbcac4ba000-7fbcac4bb000 ---p 00000000 00:00 0 
7fbcac4bb000-7fbcac5bb000 rw-p 00000000 00:00 0 
7fbcac5bb000-7fbcac5bc000 ---p 00000000 00:00 0 
7fbcac5bc000-7fbcac6bc000 rw-p 00000000 00:00 0 
7fbcac6bc000-7fbcac6bd000 ---p 00000000 00:00 0 
7fbcac6bd000-7fbcac7bd000 rw-p 00000000 00:00 0 
7fbcac7bd000-7fbcad24e000 rw-p 00000000 00:00 0 
7fbcad24e000-7fbcad334000 ---p 00000000 00:00 0 
7fbcad334000-7fbcad339000 rw-p 00000000 00:00 0 
7fbcad339000-7fbcad41f000 ---p 00000000 00:00 0 
7fbcad41f000-7fbcad423000 ---p 00000000 00:00 0 
7fbcad423000-7fbcad51f000 rw-p 00000000 00:00 0 
7fbcad51f000-7fbcad52f000 r--p 00000000 00:25 15730337                   /usr/lib64/libm.so.6
7fbcad52f000-7fbcad5a4000 r-xp 00010000 00:25 15730337                   /usr/lib64/libm.so.6
7fbcad5a4000-7fbcad5fe000 r--p 00085000 00:25 15730337                   /usr/lib64/libm.so.6
7fbcad5fe000-7fbcad5ff000 r--p 000de000 00:25 15730337                   /usr/lib64/libm.so.6
7fbcad5ff000-7fbcad600000 rw-p 000df000 00:25 15730337                   /usr/lib64/libm.so.6
7fbcad600000-7fbcae940000 r-xp 00000000 00:25 5795257                    /home/tosic-killer/.jdks/openjdk-22.0.1/lib/server/libjvm.so
7fbcae940000-7fbcaea0d000 r--p 0133f000 00:25 5795257                    /home/tosic-killer/.jdks/openjdk-22.0.1/lib/server/libjvm.so
7fbcaea0d000-7fbcaea3b000 rw-p 0140c000 00:25 5795257                    /home/tosic-killer/.jdks/openjdk-22.0.1/lib/server/libjvm.so
7fbcaea3b000-7fbcaeab1000 rw-p 00000000 00:00 0 
7fbcaeab3000-7fbcaeab5000 r-xp 00000000 00:25 5795211                    /home/tosic-killer/.jdks/openjdk-22.0.1/lib/libextnet.so
7fbcaeab5000-7fbcaeab6000 r--p 00001000 00:25 5795211                    /home/tosic-killer/.jdks/openjdk-22.0.1/lib/libextnet.so
7fbcaeab6000-7fbcaeab7000 rw-p 00002000 00:25 5795211                    /home/tosic-killer/.jdks/openjdk-22.0.1/lib/libextnet.so
7fbcaeab7000-7fbcaeabe000 r-xp 00000000 00:25 5795243                    /home/tosic-killer/.jdks/openjdk-22.0.1/lib/libzip.so
7fbcaeabe000-7fbcaeabf000 ---p 00007000 00:25 5795243                    /home/tosic-killer/.jdks/openjdk-22.0.1/lib/libzip.so
7fbcaeabf000-7fbcaeac0000 r--p 00007000 00:25 5795243                    /home/tosic-killer/.jdks/openjdk-22.0.1/lib/libzip.so
7fbcaeac0000-7fbcaeac1000 rw-p 00008000 00:25 5795243                    /home/tosic-killer/.jdks/openjdk-22.0.1/lib/libzip.so
7fbcaeac1000-7fbcaeb44000 rw-p 00000000 00:00 0 
7fbcaeb44000-7fbcaeb4b000 ---p 00000000 00:00 0 
7fbcaeb4b000-7fbcaeb6b000 r-xp 00000000 00:25 5795218                    /home/tosic-killer/.jdks/openjdk-22.0.1/lib/libjava.so
7fbcaeb6b000-7fbcaeb6c000 ---p 00020000 00:25 5795218                    /home/tosic-killer/.jdks/openjdk-22.0.1/lib/libjava.so
7fbcaeb6c000-7fbcaeb6d000 r--p 00020000 00:25 5795218                    /home/tosic-killer/.jdks/openjdk-22.0.1/lib/libjava.so
7fbcaeb6d000-7fbcaeb6e000 rw-p 00021000 00:25 5795218                    /home/tosic-killer/.jdks/openjdk-22.0.1/lib/libjava.so
7fbcaeb6e000-7fbcaeb6f000 rw-p 00000000 00:00 0 
7fbcaeb6f000-7fbcaeb8d000 r-xp 00000000 00:25 5795222                    /home/tosic-killer/.jdks/openjdk-22.0.1/lib/libjimage.so
7fbcaeb8d000-7fbcaeb8f000 r--p 0001d000 00:25 5795222                    /home/tosic-killer/.jdks/openjdk-22.0.1/lib/libjimage.so
7fbcaeb8f000-7fbcaeb90000 rw-p 0001f000 00:25 5795222                    /home/tosic-killer/.jdks/openjdk-22.0.1/lib/libjimage.so
7fbcaeb90000-7fbcaeb91000 r--p 00000000 00:25 15730344                   /usr/lib64/librt.so.1
7fbcaeb91000-7fbcaeb92000 r-xp 00001000 00:25 15730344                   /usr/lib64/librt.so.1
7fbcaeb92000-7fbcaeb93000 r--p 00002000 00:25 15730344                   /usr/lib64/librt.so.1
7fbcaeb93000-7fbcaeb94000 r--p 00002000 00:25 15730344                   /usr/lib64/librt.so.1
7fbcaeb94000-7fbcaeb95000 rw-p 00003000 00:25 15730344                   /usr/lib64/librt.so.1
7fbcaeb95000-7fbcaeb99000 rw-p 00000000 00:00 0 
7fbcaeb99000-7fbcaebbf000 r--p 00000000 00:25 15730334                   /usr/lib64/libc.so.6
7fbcaebbf000-7fbcaed1c000 r-xp 00026000 00:25 15730334                   /usr/lib64/libc.so.6
7fbcaed1c000-7fbcaed69000 r--p 00183000 00:25 15730334                   /usr/lib64/libc.so.6
7fbcaed69000-7fbcaed6d000 r--p 001d0000 00:25 15730334                   /usr/lib64/libc.so.6
7fbcaed6d000-7fbcaed6f000 rw-p 001d4000 00:25 15730334                   /usr/lib64/libc.so.6
7fbcaed6f000-7fbcaed77000 rw-p 00000000 00:00 0 
7fbcaed77000-7fbcaed78000 r--p 00000000 00:25 15730336                   /usr/lib64/libdl.so.2
7fbcaed78000-7fbcaed79000 r-xp 00001000 00:25 15730336                   /usr/lib64/libdl.so.2
7fbcaed79000-7fbcaed7a000 r--p 00002000 00:25 15730336                   /usr/lib64/libdl.so.2
7fbcaed7a000-7fbcaed7b000 r--p 00002000 00:25 15730336                   /usr/lib64/libdl.so.2
7fbcaed7b000-7fbcaed7c000 rw-p 00003000 00:25 15730336                   /usr/lib64/libdl.so.2
7fbcaed7c000-7fbcaed7d000 r--p 00000000 00:25 15730342                   /usr/lib64/libpthread.so.0
7fbcaed7d000-7fbcaed7e000 r-xp 00001000 00:25 15730342                   /usr/lib64/libpthread.so.0
7fbcaed7e000-7fbcaed7f000 r--p 00002000 00:25 15730342                   /usr/lib64/libpthread.so.0
7fbcaed7f000-7fbcaed80000 r--p 00002000 00:25 15730342                   /usr/lib64/libpthread.so.0
7fbcaed80000-7fbcaed81000 rw-p 00003000 00:25 15730342                   /usr/lib64/libpthread.so.0
7fbcaed81000-7fbcaed90000 r-xp 00000000 00:25 5795223                    /home/tosic-killer/.jdks/openjdk-22.0.1/lib/libjli.so
7fbcaed90000-7fbcaed91000 r--p 0000e000 00:25 5795223                    /home/tosic-killer/.jdks/openjdk-22.0.1/lib/libjli.so
7fbcaed91000-7fbcaed92000 rw-p 0000f000 00:25 5795223                    /home/tosic-killer/.jdks/openjdk-22.0.1/lib/libjli.so
7fbcaed92000-7fbcaed95000 r--p 00000000 00:25 33100                      /usr/lib64/libz.so.1.2.13
7fbcaed95000-7fbcaeda4000 r-xp 00003000 00:25 33100                      /usr/lib64/libz.so.1.2.13
7fbcaeda4000-7fbcaedaa000 r--p 00012000 00:25 33100                      /usr/lib64/libz.so.1.2.13
7fbcaedaa000-7fbcaedab000 r--p 00018000 00:25 33100                      /usr/lib64/libz.so.1.2.13
7fbcaedab000-7fbcaedac000 rw-p 00000000 00:00 0 
7fbcaedaf000-7fbcaedb7000 rw-s 00000000 00:2a 14538                      /tmp/hsperfdata_tosic-killer/2735046
7fbcaedb7000-7fbcaedc1000 r-xp 00000000 00:25 5795213                    /home/tosic-killer/.jdks/openjdk-22.0.1/lib/libinstrument.so
7fbcaedc1000-7fbcaedc2000 r--p 00009000 00:25 5795213                    /home/tosic-killer/.jdks/openjdk-22.0.1/lib/libinstrument.so
7fbcaedc2000-7fbcaedc3000 rw-p 0000a000 00:25 5795213                    /home/tosic-killer/.jdks/openjdk-22.0.1/lib/libinstrument.so
7fbcaedc3000-7fbcaedc4000 ---p 00000000 00:00 0 
7fbcaedc4000-7fbcaedc5000 r--p 00000000 00:00 0 
7fbcaedc5000-7fbcaedc6000 ---p 00000000 00:00 0 
7fbcaedc6000-7fbcaedc8000 rw-p 00000000 00:00 0 
7fbcaedc8000-7fbcaedc9000 r--p 00000000 00:25 15730331                   /usr/lib64/ld-linux-x86-64.so.2
7fbcaedc9000-7fbcaedf0000 r-xp 00001000 00:25 15730331                   /usr/lib64/ld-linux-x86-64.so.2
7fbcaedf0000-7fbcaedfa000 r--p 00028000 00:25 15730331                   /usr/lib64/ld-linux-x86-64.so.2
7fbcaedfa000-7fbcaedfc000 r--p 00031000 00:25 15730331                   /usr/lib64/ld-linux-x86-64.so.2
7fbcaedfc000-7fbcaedfe000 rw-p 00033000 00:25 15730331                   /usr/lib64/ld-linux-x86-64.so.2
7ffd6e321000-7ffd6e342000 rw-p 00000000 00:00 0                          [stack]
7ffd6e34a000-7ffd6e34e000 r--p 00000000 00:00 0                          [vvar]
7ffd6e34e000-7ffd6e350000 r-xp 00000000 00:00 0                          [vdso]
ffffffffff600000-ffffffffff601000 --xp 00000000 00:00 0                  [vsyscall]
Total number of mappings: 221


VM Arguments:
jvm_args: -Djava.library.path=/home/tosic-killer/RustroverProjects/ffi_testing/bindings/c -javaagent:/home/tosic-killer/.local/share/JetBrains/Toolbox/apps/intellij-idea-ultimate/lib/idea_rt.jar=35371:/home/tosic-killer/.local/share/JetBrains/Toolbox/apps/intellij-idea-ultimate/bin -Dfile.encoding=UTF-8 -Dsun.stdout.encoding=UTF-8 -Dsun.stderr.encoding=UTF-8 
java_command: com.example.Main
java_class_path (initial): /home/tosic-killer/RustroverProjects/ffi_testing/bindings/c/build/production/c
Launcher Type: SUN_STANDARD

[Global flags]
     intx CICompilerCount                          = 4                                         {product} {ergonomic}
     uint ConcGCThreads                            = 3                                         {product} {ergonomic}
     uint G1ConcRefinementThreads                  = 10                                        {product} {ergonomic}
   size_t G1HeapRegionSize                         = 4194304                                   {product} {ergonomic}
   size_t InitialHeapSize                          = 528482304                                 {product} {ergonomic}
   size_t MarkStackSize                            = 4194304                                   {product} {ergonomic}
   size_t MaxHeapSize                              = 8392802304                                {product} {ergonomic}
   size_t MaxNewSize                               = 5033164800                                {product} {ergonomic}
   size_t MinHeapDeltaBytes                        = 4194304                                   {product} {ergonomic}
   size_t MinHeapSize                              = 8388608                                   {product} {ergonomic}
    uintx NonNMethodCodeHeapSize                   = 5839372                                {pd product} {ergonomic}
    uintx NonProfiledCodeHeapSize                  = 122909434                              {pd product} {ergonomic}
    uintx ProfiledCodeHeapSize                     = 122909434                              {pd product} {ergonomic}
    uintx ReservedCodeCacheSize                    = 251658240                              {pd product} {ergonomic}
     bool SegmentedCodeCache                       = true                                      {product} {ergonomic}
   size_t SoftMaxHeapSize                          = 8392802304                             {manageable} {ergonomic}
     bool UseCompressedOops                        = true                           {product lp64_product} {ergonomic}
     bool UseG1GC                                  = true                                      {product} {ergonomic}

Logging:
Log output configuration:
 #0: stdout all=warning uptime,level,tags foldmultilines=false
 #1: stderr all=off uptime,level,tags foldmultilines=false

Environment Variables:
PATH=/home/tosic-killer/.cargo/bin:/usr/local/bin:/usr/local/sbin:/usr/bin:/usr/sbin:/home/tosic-killer/.local/share/JetBrains/Toolbox/scripts:/home/tosic-killer/.dotnet/tools
USERNAME=tosic-killer
LD_LIBRARY_PATH=../../target/release
SHELL=/usr/bin/zsh
DISPLAY=:0
LANG=en_US.UTF-8
LC_NUMERIC=sv_SE.UTF-8
LC_TIME=sv_SE.UTF-8
TERM=dumb

Active Locale:
LC_ALL=LC_CTYPE=en_US.UTF-8;LC_NUMERIC=sv_SE.UTF-8;LC_TIME=sv_SE.UTF-8;LC_COLLATE=en_US.UTF-8;LC_MONETARY=sv_SE.UTF-8;LC_MESSAGES=en_US.UTF-8;LC_PAPER=sv_SE.UTF-8;LC_NAME=en_US.UTF-8;LC_ADDRESS=en_US.UTF-8;LC_TELEPHONE=en_US.UTF-8;LC_MEASUREMENT=sv_SE.UTF-8;LC_IDENTIFICATION=en_US.UTF-8
LC_COLLATE=en_US.UTF-8
LC_CTYPE=en_US.UTF-8
LC_MESSAGES=en_US.UTF-8
LC_MONETARY=sv_SE.UTF-8
LC_NUMERIC=sv_SE.UTF-8
LC_TIME=sv_SE.UTF-8

Signal Handlers:
   SIGSEGV: crash_handler in libjvm.so, mask=11100100010111111101111111111110, flags=SA_RESTART|SA_SIGINFO, unblocked
    SIGBUS: crash_handler in libjvm.so, mask=11100100010111111101111111111110, flags=SA_RESTART|SA_SIGINFO, unblocked
    SIGFPE: crash_handler in libjvm.so, mask=11100100010111111101111111111110, flags=SA_RESTART|SA_SIGINFO, unblocked
   SIGPIPE: javaSignalHandler in libjvm.so, mask=11100100010111111101111111111110, flags=SA_RESTART|SA_SIGINFO, blocked
   SIGXFSZ: javaSignalHandler in libjvm.so, mask=11100100010111111101111111111110, flags=SA_RESTART|SA_SIGINFO, blocked
    SIGILL: crash_handler in libjvm.so, mask=11100100010111111101111111111110, flags=SA_RESTART|SA_SIGINFO, unblocked
   SIGUSR2: SR_handler in libjvm.so, mask=00100000000000000000000000000000, flags=SA_RESTART|SA_SIGINFO, blocked
    SIGHUP: UserHandler in libjvm.so, mask=11100100010111111101111111111110, flags=SA_RESTART|SA_SIGINFO, blocked
    SIGINT: UserHandler in libjvm.so, mask=11100100010111111101111111111110, flags=SA_RESTART|SA_SIGINFO, blocked
   SIGTERM: UserHandler in libjvm.so, mask=11100100010111111101111111111110, flags=SA_RESTART|SA_SIGINFO, blocked
   SIGQUIT: UserHandler in libjvm.so, mask=11100100010111111101111111111110, flags=SA_RESTART|SA_SIGINFO, blocked
   SIGTRAP: crash_handler in libjvm.so, mask=11100100010111111101111111111110, flags=SA_RESTART|SA_SIGINFO, unblocked


Periodic native trim disabled

---------------  S Y S T E M  ---------------

OS:
Fedora release 38 (Thirty Eight)
uname: Linux 6.8.9-100.fc38.x86_64 #1 SMP PREEMPT_DYNAMIC Thu May  2 18:50:49 UTC 2024 x86_64
OS uptime: 0 days 1:53 hours
libc: glibc 2.37 NPTL 2.37 
rlimit (soft/hard): STACK 8192k/infinity , CORE infinity/infinity , NPROC 127781/127781 , NOFILE 1048576/1048576 , AS infinity/infinity , CPU infinity/infinity , DATA infinity/infinity , FSIZE infinity/infinity , MEMLOCK 8192k/8192k
load average: 1,42 1,08 0,99

/proc/meminfo:
MemTotal:       32774980 kB
MemFree:          422468 kB
MemAvailable:   14957024 kB
Buffers:            1256 kB
Cached:         14147360 kB
SwapCached:           76 kB
Active:         21599532 kB
Inactive:        8745176 kB
Active(anon):   14740668 kB
Inactive(anon):  1523408 kB
Active(file):    6858864 kB
Inactive(file):  7221768 kB
Unevictable:        5800 kB
Mlocked:            5800 kB
SwapTotal:       8388604 kB
SwapFree:        8347132 kB
Zswap:                 0 kB
Zswapped:              0 kB
Dirty:             13676 kB
Writeback:             0 kB
AnonPages:      16202156 kB
Mapped:          3706684 kB
Shmem:             62796 kB
KReclaimable:     917208 kB
Slab:            1287156 kB
SReclaimable:     917208 kB
SUnreclaim:       369948 kB
KernelStack:       36408 kB
PageTables:       106740 kB
SecPageTables:         0 kB
NFS_Unstable:          0 kB
Bounce:                0 kB
WritebackTmp:          0 kB
CommitLimit:    24776092 kB
Committed_AS:   30498240 kB
VmallocTotal:   34359738367 kB
VmallocUsed:      125640 kB
VmallocChunk:          0 kB
Percpu:            31616 kB
HardwareCorrupted:     0 kB
AnonHugePages:         0 kB
ShmemHugePages:        0 kB
ShmemPmdMapped:        0 kB
FileHugePages:         0 kB
FilePmdMapped:         0 kB
CmaTotal:              0 kB
CmaFree:               0 kB
Unaccepted:            0 kB
HugePages_Total:       0
HugePages_Free:        0
HugePages_Rsvd:        0
HugePages_Surp:        0
Hugepagesize:       2048 kB
Hugetlb:               0 kB
DirectMap4k:      870876 kB
DirectMap2M:    29462528 kB
DirectMap1G:     4194304 kB

/sys/kernel/mm/transparent_hugepage/enabled: always [madvise] never
/sys/kernel/mm/transparent_hugepage/hpage_pmd_size: 2097152
/sys/kernel/mm/transparent_hugepage/shmem_enabled: always within_size advise [never] deny force
/sys/kernel/mm/transparent_hugepage/defrag (defrag/compaction efforts parameter): always defer defer+madvise [madvise] never

Process Memory:
Virtual Size: 11378012K (peak: 11433784K)
Resident Set Size: 52952K (peak: 52952K) (anon: 28672K, file: 24280K, shmem: 0K)
Swapped out: 0K
C-Heap outstanding allocations: 31962K, retained: 2313K
glibc malloc tunables: (default)

/proc/sys/kernel/threads-max (system-wide limit on the number of threads): 255562
/proc/sys/vm/max_map_count (maximum number of memory map areas a process may have): 65530
/proc/sys/kernel/pid_max (system-wide limit on number of process identifiers): 4194304

container (cgroup) information:
container_type: cgroupv2
cpu_cpuset_cpus: not supported
cpu_memory_nodes: not supported
active_processor_count: 12
cpu_quota: no quota
cpu_period: 100000
cpu_shares: no shares
memory_limit_in_bytes: unlimited
memory_and_swap_limit_in_bytes: unlimited
memory_soft_limit_in_bytes: unlimited
memory_usage_in_bytes: 28334556 k
memory_max_usage_in_bytes: not supported
memory_swap_current_in_bytes: 11284 k
memory_swap_max_limit_in_bytes: unlimited
maximum number of tasks: unlimited
current number of tasks: 1583

Steal ticks since vm start: 0
Steal ticks percentage since vm start:  0,000

CPU: total 32 (initial active 12) (12 cores per cpu, 2 threads per core) family 25 model 33 stepping 0 microcode 0xa201016, cx8, cmov, fxsr, ht, mmx, 3dnowpref, sse, sse2, sse3, ssse3, sse4a, sse4.1, sse4.2, popcnt, lzcnt, tsc, tscinvbit, avx, avx2, aes, erms, clmul, bmi1, bmi2, adx, sha, fma, vzeroupper, clflush, clflushopt, rdtscp, rdpid, fsrm, f16c, pku, ospke, cet_ss
CPU Model and flags from /proc/cpuinfo:
model name	: AMD Ryzen 5 5600X 6-Core Processor
flags		: fpu vme de pse tsc msr pae mce cx8 apic sep mtrr pge mca cmov pat pse36 clflush mmx fxsr sse sse2 ht syscall nx mmxext fxsr_opt pdpe1gb rdtscp lm constant_tsc rep_good nopl nonstop_tsc cpuid extd_apicid aperfmperf rapl pni pclmulqdq monitor ssse3 fma cx16 sse4_1 sse4_2 x2apic movbe popcnt aes xsave avx f16c rdrand lahf_lm cmp_legacy svm extapic cr8_legacy abm sse4a misalignsse 3dnowprefetch osvw ibs skinit wdt tce topoext perfctr_core perfctr_nb bpext perfctr_llc mwaitx cpb cat_l3 cdp_l3 hw_pstate ssbd mba ibrs ibpb stibp vmmcall fsgsbase bmi1 avx2 smep bmi2 erms invpcid cqm rdt_a rdseed adx smap clflushopt clwb sha_ni xsaveopt xsavec xgetbv1 xsaves cqm_llc cqm_occup_llc cqm_mbm_total cqm_mbm_local user_shstk clzero irperf xsaveerptr rdpru wbnoinvd arat npt lbrv svm_lock nrip_save tsc_scale vmcb_clean flushbyasid decodeassists pausefilter pfthreshold avic v_vmsave_vmload vgif v_spec_ctrl umip pku ospke vaes vpclmulqdq rdpid overflow_recov succor smca fsrm debug_swap

Online cpus: 0-11
Offline cpus: 12-31
BIOS frequency limitation: 3700000
Frequency switch latency (ns): 0
Available cpu frequencies: 3700000 2800000 2200000 
Current governor: schedutil
Core performance/turbo boost: 1

Memory: 4k page, physical 32774980k(14957024k free), swap 8388604k(8347132k free)
Page Sizes: 4k

vm_info: OpenJDK 64-Bit Server VM (22.0.1+8-16) for linux-amd64 JRE (22.0.1+8-16), built on 2024-03-12T10:33:16Z by "mach5one" with gcc 13.2.0

END.
